# JRE version: OpenJDK Runtime Environment Temurin-17.0.8+7 (17.0.8+7) (build 17.0.8+7)
# Java VM: OpenJDK 64-Bit Server VM Temurin-17.0.8+7 (17.0.8+7, mixed mode, tiered, compressed oops, compressed class ptrs, g1 gc, windows-amd64)
GC Precious Log:
 CPUs: 4 total, 4 available
 Memory: 8065M
 Large Page Support: Disabled
 NUMA Support: Disabled
 Compressed Oops: Enabled (32-bit)
 Heap Region Size: 1M
 Heap Min Capacity: 8M
 Heap Initial Capacity: 128M
 Heap Max Capacity: 2018M
 Pre-touch: Disabled
 Parallel Workers: 4
 Concurrent Workers: 1
 Concurrent Refinement Workers: 4
 Periodic GC: Disabled
Heap:
 garbage-first heap   total 158720K, used 84030K [0x0000000081e00000, 0x0000000100000000)
  region size 1024K, 28 young (28672K), 1 survivors (1024K)
 Metaspace       used 32343K, committed 32512K, reserved 1114112K
  class space    used 3957K, committed 4032K, reserved 1048576K
GC Heap History (20 events):
Event: 11.809 GC heap before
{Heap before GC invocations=15 (full 0):
 garbage-first heap   total 158720K, used 71977K [0x0000000081e00000, 0x0000000100000000)
  region size 1024K, 3 young (3072K), 1 survivors (1024K)
 Metaspace       used 31596K, committed 31872K, reserved 1114112K
  class space    used 3940K, committed 4032K, reserved 1048576K
}
Event: 11.811 GC heap after
{Heap after GC invocations=16 (full 0):
 garbage-first heap   total 158720K, used 40224K [0x0000000081e00000, 0x0000000100000000)
  region size 1024K, 1 young (1024K), 1 survivors (1024K)
 Metaspace       used 31596K, committed 31872K, reserved 1114112K
  class space    used 3940K, committed 4032K, reserved 1048576K
}
Event: 12.598 GC heap before
{Heap before GC invocations=16 (full 0):
 garbage-first heap   total 158720K, used 72992K [0x0000000081e00000, 0x0000000100000000)
  region size 1024K, 4 young (4096K), 1 survivors (1024K)
 Metaspace       used 31729K, committed 32000K, reserved 1114112K
  class space    used 3940K, committed 4032K, reserved 1048576K
}
Event: 12.600 GC heap after
{Heap after GC invocations=17 (full 0):
 garbage-first heap   total 158720K, used 44304K [0x0000000081e00000, 0x0000000100000000)
  region size 1024K, 1 young (1024K), 1 survivors (1024K)
 Metaspace       used 31729K, committed 32000K, reserved 1114112K
  class space    used 3940K, committed 4032K, reserved 1048576K
}
Event: 13.189 GC heap before
{Heap before GC invocations=17 (full 0):
 garbage-first heap   total 158720K, used 75024K [0x0000000081e00000, 0x0000000100000000)
  region size 1024K, 6 young (6144K), 1 survivors (1024K)
 Metaspace       used 31799K, committed 32000K, reserved 1114112K
  class space    used 3947K, committed 4032K, reserved 1048576K
}
Event: 13.191 GC heap after
{Heap after GC invocations=18 (full 0):
 garbage-first heap   total 158720K, used 42382K [0x0000000081e00000, 0x0000000100000000)
  region size 1024K, 1 young (1024K), 1 survivors (1024K)
 Metaspace       used 31799K, committed 32000K, reserved 1114112K
  class space    used 3947K, committed 4032K, reserved 1048576K
}
Event: 13.906 GC heap before
{Heap before GC invocations=18 (full 0):
 garbage-first heap   total 158720K, used 90510K [0x0000000081e00000, 0x0000000100000000)
  region size 1024K, 22 young (22528K), 1 survivors (1024K)
 Metaspace       used 31915K, committed 32128K, reserved 1114112K
  class space    used 3947K, committed 4032K, reserved 1048576K
}
Event: 13.910 GC heap after
{Heap after GC invocations=19 (full 0):
 garbage-first heap   total 158720K, used 49074K [0x0000000081e00000, 0x0000000100000000)
  region size 1024K, 4 young (4096K), 4 survivors (4096K)
 Metaspace       used 31915K, committed 32128K, reserved 1114112K
  class space    used 3947K, committed 4032K, reserved 1048576K
}
Event: 14.483 GC heap before
{Heap before GC invocations=19 (full 0):
 garbage-first heap   total 158720K, used 79794K [0x0000000081e00000, 0x0000000100000000)
  region size 1024K, 12 young (12288K), 4 survivors (4096K)
 Metaspace       used 31978K, committed 32192K, reserved 1114112K
  class space    used 3947K, committed 4032K, reserved 1048576K
}
Event: 14.486 GC heap after
{Heap after GC invocations=20 (full 0):
 garbage-first heap   total 158720K, used 43074K [0x0000000081e00000, 0x0000000100000000)
  region size 1024K, 2 young (2048K), 2 survivors (2048K)
 Metaspace       used 31978K, committed 32192K, reserved 1114112K
  class space    used 3947K, committed 4032K, reserved 1048576K
}
Event: 15.193 GC heap before
{Heap before GC invocations=20 (full 0):
 garbage-first heap   total 158720K, used 72770K [0x0000000081e00000, 0x0000000100000000)
  region size 1024K, 4 young (4096K), 2 survivors (2048K)
 Metaspace       used 32023K, committed 32192K, reserved 1114112K
  class space    used 3947K, committed 4032K, reserved 1048576K
}
Event: 15.195 GC heap after
{Heap after GC invocations=21 (full 0):
 garbage-first heap   total 158720K, used 45132K [0x0000000081e00000, 0x0000000100000000)
  region size 1024K, 2 young (2048K), 2 survivors (2048K)
 Metaspace       used 32023K, committed 32192K, reserved 1114112K
  class space    used 3947K, committed 4032K, reserved 1048576K
}
Event: 15.893 GC heap before
{Heap before GC invocations=21 (full 0):
 garbage-first heap   total 158720K, used 72780K [0x0000000081e00000, 0x0000000100000000)
  region size 1024K, 4 young (4096K), 2 survivors (2048K)
 Metaspace       used 32039K, committed 32256K, reserved 1114112K
  class space    used 3947K, committed 4032K, reserved 1048576K
}
Event: 15.895 GC heap after
{Heap after GC invocations=22 (full 0):
 garbage-first heap   total 158720K, used 43067K [0x0000000081e00000, 0x0000000100000000)
  region size 1024K, 2 young (2048K), 2 survivors (2048K)
 Metaspace       used 32039K, committed 32256K, reserved 1114112K
  class space    used 3947K, committed 4032K, reserved 1048576K
}
Event: 16.603 GC heap before
{Heap before GC invocations=22 (full 0):
 garbage-first heap   total 158720K, used 72763K [0x0000000081e00000, 0x0000000100000000)
  region size 1024K, 4 young (4096K), 2 survivors (2048K)
 Metaspace       used 32096K, committed 32256K, reserved 1114112K
  class space    used 3947K, committed 4032K, reserved 1048576K
}
Event: 16.606 GC heap after
{Heap after GC invocations=23 (full 0):
 garbage-first heap   total 158720K, used 43094K [0x0000000081e00000, 0x0000000100000000)
  region size 1024K, 2 young (2048K), 2 survivors (2048K)
 Metaspace       used 32096K, committed 32256K, reserved 1114112K
  class space    used 3947K, committed 4032K, reserved 1048576K
}
Event: 17.208 GC heap before
{Heap before GC invocations=23 (full 0):
 garbage-first heap   total 158720K, used 72790K [0x0000000081e00000, 0x0000000100000000)
  region size 1024K, 4 young (4096K), 2 survivors (2048K)
 Metaspace       used 32119K, committed 32384K, reserved 1114112K
  class space    used 3947K, committed 4032K, reserved 1048576K
}
Event: 17.210 GC heap after
{Heap after GC invocations=24 (full 0):
 garbage-first heap   total 158720K, used 43092K [0x0000000081e00000, 0x0000000100000000)
  region size 1024K, 1 young (1024K), 1 survivors (1024K)
 Metaspace       used 32119K, committed 32384K, reserved 1114112K
  class space    used 3947K, committed 4032K, reserved 1048576K
}
Event: 17.638 GC heap before
{Heap before GC invocations=24 (full 0):
 garbage-first heap   total 158720K, used 72788K [0x0000000081e00000, 0x0000000100000000)
  region size 1024K, 3 young (3072K), 1 survivors (1024K)
 Metaspace       used 32133K, committed 32384K, reserved 1114112K
  class space    used 3947K, committed 4032K, reserved 1048576K
}
Event: 17.639 GC heap after
{Heap after GC invocations=25 (full 0):
 garbage-first heap   total 158720K, used 43070K [0x0000000081e00000, 0x0000000100000000)
  region size 1024K, 1 young (1024K), 1 survivors (1024K)
 Metaspace       used 32133K, committed 32384K, reserved 1114112K
  class space    used 3947K, committed 4032K, reserved 1048576K
}

