# JRE version: OpenJDK Runtime Environment Temurin-17.0.8+7 (17.0.8+7) (build 17.0.8+7)
# Java VM: OpenJDK 64-Bit Server VM Temurin-17.0.8+7 (17.0.8+7, mixed mode, tiered, compressed oops, compressed class ptrs, g1 gc, windows-amd64)
GC Precious Log:
 CPUs: 4 total, 4 available
 Memory: 8065M
 Large Page Support: Disabled
 NUMA Support: Disabled
 Compressed Oops: Enabled (32-bit)
 Heap Region Size: 1M
 Heap Min Capacity: 8M
 Heap Initial Capacity: 128M
 Heap Max Capacity: 2018M
 Pre-touch: Disabled
 Parallel Workers: 4
 Concurrent Workers: 1
 Concurrent Refinement Workers: 4
 Periodic GC: Disabled
Heap:
 garbage-first heap   total 149504K, used 67139K [0x0000000081e00000, 0x0000000100000000)
  region size 1024K, 3 young (3072K), 1 survivors (1024K)
 Metaspace       used 32227K, committed 32448K, reserved 1114112K
  class space    used 3952K, committed 4032K, reserved 1048576K
GC Heap History (20 events):
Event: 16.270 GC heap before
{Heap before GC invocations=19 (full 0):
 garbage-first heap   total 149504K, used 71191K [0x0000000081e00000, 0x0000000100000000)
  region size 1024K, 5 young (5120K), 1 survivors (1024K)
 Metaspace       used 31940K, committed 32192K, reserved 1114112K
  class space    used 3945K, committed 4032K, reserved 1048576K
}
Event: 16.273 GC heap after
{Heap after GC invocations=20 (full 0):
 garbage-first heap   total 149504K, used 43562K [0x0000000081e00000, 0x0000000100000000)
  region size 1024K, 1 young (1024K), 1 survivors (1024K)
 Metaspace       used 31940K, committed 32192K, reserved 1114112K
  class space    used 3945K, committed 4032K, reserved 1048576K
}
Event: 16.815 GC heap before
{Heap before GC invocations=20 (full 0):
 garbage-first heap   total 149504K, used 71210K [0x0000000081e00000, 0x0000000100000000)
  region size 1024K, 5 young (5120K), 1 survivors (1024K)
 Metaspace       used 32008K, committed 32256K, reserved 1114112K
  class space    used 3945K, committed 4032K, reserved 1048576K
}
Event: 16.818 GC heap after
{Heap after GC invocations=21 (full 0):
 garbage-first heap   total 149504K, used 43537K [0x0000000081e00000, 0x0000000100000000)
  region size 1024K, 1 young (1024K), 1 survivors (1024K)
 Metaspace       used 32008K, committed 32256K, reserved 1114112K
  class space    used 3945K, committed 4032K, reserved 1048576K
}
Event: 17.417 GC heap before
{Heap before GC invocations=21 (full 0):
 garbage-first heap   total 149504K, used 71185K [0x0000000081e00000, 0x0000000100000000)
  region size 1024K, 5 young (5120K), 1 survivors (1024K)
 Metaspace       used 32021K, committed 32256K, reserved 1114112K
  class space    used 3945K, committed 4032K, reserved 1048576K
}
Event: 17.419 GC heap after
{Heap after GC invocations=22 (full 0):
 garbage-first heap   total 149504K, used 43584K [0x0000000081e00000, 0x0000000100000000)
  region size 1024K, 1 young (1024K), 1 survivors (1024K)
 Metaspace       used 32021K, committed 32256K, reserved 1114112K
  class space    used 3945K, committed 4032K, reserved 1048576K
}
Event: 18.037 GC heap before
{Heap before GC invocations=22 (full 0):
 garbage-first heap   total 149504K, used 68160K [0x0000000081e00000, 0x0000000100000000)
  region size 1024K, 4 young (4096K), 1 survivors (1024K)
 Metaspace       used 32087K, committed 32320K, reserved 1114112K
  class space    used 3945K, committed 4032K, reserved 1048576K
}
Event: 18.039 GC heap after
{Heap after GC invocations=23 (full 0):
 garbage-first heap   total 149504K, used 41560K [0x0000000081e00000, 0x0000000100000000)
  region size 1024K, 1 young (1024K), 1 survivors (1024K)
 Metaspace       used 32087K, committed 32320K, reserved 1114112K
  class space    used 3945K, committed 4032K, reserved 1048576K
}
Event: 18.608 GC heap before
{Heap before GC invocations=23 (full 0):
 garbage-first heap   total 149504K, used 67160K [0x0000000081e00000, 0x0000000100000000)
  region size 1024K, 3 young (3072K), 1 survivors (1024K)
 Metaspace       used 32101K, committed 32320K, reserved 1114112K
  class space    used 3945K, committed 4032K, reserved 1048576K
}
Event: 18.610 GC heap after
{Heap after GC invocations=24 (full 0):
 garbage-first heap   total 149504K, used 41510K [0x0000000081e00000, 0x0000000100000000)
  region size 1024K, 1 young (1024K), 1 survivors (1024K)
 Metaspace       used 32101K, committed 32320K, reserved 1114112K
  class space    used 3945K, committed 4032K, reserved 1048576K
}
Event: 19.216 GC heap before
{Heap before GC invocations=24 (full 0):
 garbage-first heap   total 149504K, used 67110K [0x0000000081e00000, 0x0000000100000000)
  region size 1024K, 3 young (3072K), 1 survivors (1024K)
 Metaspace       used 32109K, committed 32320K, reserved 1114112K
  class space    used 3945K, committed 4032K, reserved 1048576K
}
Event: 19.217 GC heap after
{Heap after GC invocations=25 (full 0):
 garbage-first heap   total 149504K, used 41518K [0x0000000081e00000, 0x0000000100000000)
  region size 1024K, 1 young (1024K), 1 survivors (1024K)
 Metaspace       used 32109K, committed 32320K, reserved 1114112K
  class space    used 3945K, committed 4032K, reserved 1048576K
}
Event: 19.823 GC heap before
{Heap before GC invocations=25 (full 0):
 garbage-first heap   total 149504K, used 67118K [0x0000000081e00000, 0x0000000100000000)
  region size 1024K, 3 young (3072K), 1 survivors (1024K)
 Metaspace       used 32115K, committed 32320K, reserved 1114112K
  class space    used 3945K, committed 4032K, reserved 1048576K
}
Event: 19.825 GC heap after
{Heap after GC invocations=26 (full 0):
 garbage-first heap   total 149504K, used 41511K [0x0000000081e00000, 0x0000000100000000)
  region size 1024K, 1 young (1024K), 1 survivors (1024K)
 Metaspace       used 32115K, committed 32320K, reserved 1114112K
  class space    used 3945K, committed 4032K, reserved 1048576K
}
Event: 20.396 GC heap before
{Heap before GC invocations=26 (full 0):
 garbage-first heap   total 149504K, used 67111K [0x0000000081e00000, 0x0000000100000000)
  region size 1024K, 3 young (3072K), 1 survivors (1024K)
 Metaspace       used 32118K, committed 32320K, reserved 1114112K
  class space    used 3945K, committed 4032K, reserved 1048576K
}
Event: 20.398 GC heap after
{Heap after GC invocations=27 (full 0):
 garbage-first heap   total 149504K, used 41521K [0x0000000081e00000, 0x0000000100000000)
  region size 1024K, 1 young (1024K), 1 survivors (1024K)
 Metaspace       used 32118K, committed 32320K, reserved 1114112K
  class space    used 3945K, committed 4032K, reserved 1048576K
}
Event: 20.993 GC heap before
{Heap before GC invocations=27 (full 0):
 garbage-first heap   total 149504K, used 67121K [0x0000000081e00000, 0x0000000100000000)
  region size 1024K, 3 young (3072K), 1 survivors (1024K)
 Metaspace       used 32149K, committed 32320K, reserved 1114112K
  class space    used 3945K, committed 4032K, reserved 1048576K
}
Event: 20.995 GC heap after
{Heap after GC invocations=28 (full 0):
 garbage-first heap   total 149504K, used 41528K [0x0000000081e00000, 0x0000000100000000)
  region size 1024K, 1 young (1024K), 1 survivors (1024K)
 Metaspace       used 32149K, committed 32320K, reserved 1114112K
  class space    used 3945K, committed 4032K, reserved 1048576K
}
Event: 21.601 GC heap before
{Heap before GC invocations=28 (full 0):
 garbage-first heap   total 149504K, used 67128K [0x0000000081e00000, 0x0000000100000000)
  region size 1024K, 3 young (3072K), 1 survivors (1024K)
 Metaspace       used 32191K, committed 32448K, reserved 1114112K
  class space    used 3945K, committed 4032K, reserved 1048576K
}
Event: 21.602 GC heap after
{Heap after GC invocations=29 (full 0):
 garbage-first heap   total 149504K, used 41539K [0x0000000081e00000, 0x0000000100000000)
  region size 1024K, 1 young (1024K), 1 survivors (1024K)
 Metaspace       used 32191K, committed 32448K, reserved 1114112K
  class space    used 3945K, committed 4032K, reserved 1048576K
}

