# JRE version: OpenJDK Runtime Environment Temurin-17.0.8+7 (17.0.8+7) (build 17.0.8+7)
# Java VM: OpenJDK 64-Bit Server VM Temurin-17.0.8+7 (17.0.8+7, mixed mode, tiered, compressed oops, compressed class ptrs, g1 gc, windows-amd64)
GC Precious Log:
 CPUs: 4 total, 4 available
 Memory: 8065M
 Large Page Support: Disabled
 NUMA Support: Disabled
 Compressed Oops: Enabled (32-bit)
 Heap Region Size: 1M
 Heap Min Capacity: 8M
 Heap Initial Capacity: 128M
 Heap Max Capacity: 2018M
 Pre-touch: Disabled
 Parallel Workers: 4
 Concurrent Workers: 1
 Concurrent Refinement Workers: 4
 Periodic GC: Disabled
Heap:
 garbage-first heap   total 143360K, used 56932K [0x0000000081e00000, 0x0000000100000000)
  region size 1024K, 6 young (6144K), 4 survivors (4096K)
 Metaspace       used 32558K, committed 32896K, reserved 1114112K
  class space    used 3975K, committed 4160K, reserved 1048576K
GC Heap History (20 events):
Event: 18.506 GC heap before
{Heap before GC invocations=24 (full 0):
 garbage-first heap   total 143360K, used 64959K [0x0000000081e00000, 0x0000000100000000)
  region size 1024K, 3 young (3072K), 1 survivors (1024K)
 Metaspace       used 32229K, committed 32448K, reserved 1114112K
  class space    used 3953K, committed 4032K, reserved 1048576K
}
Event: 18.508 GC heap after
{Heap after GC invocations=25 (full 0):
 garbage-first heap   total 143360K, used 41408K [0x0000000081e00000, 0x0000000100000000)
  region size 1024K, 1 young (1024K), 1 survivors (1024K)
 Metaspace       used 32229K, committed 32448K, reserved 1114112K
  class space    used 3953K, committed 4032K, reserved 1048576K
}
Event: 19.121 GC heap before
{Heap before GC invocations=25 (full 0):
 garbage-first heap   total 143360K, used 64960K [0x0000000081e00000, 0x0000000100000000)
  region size 1024K, 3 young (3072K), 1 survivors (1024K)
 Metaspace       used 32255K, committed 32448K, reserved 1114112K
  class space    used 3953K, committed 4032K, reserved 1048576K
}
Event: 19.122 GC heap after
{Heap after GC invocations=26 (full 0):
 garbage-first heap   total 143360K, used 41409K [0x0000000081e00000, 0x0000000100000000)
  region size 1024K, 1 young (1024K), 1 survivors (1024K)
 Metaspace       used 32255K, committed 32448K, reserved 1114112K
  class space    used 3953K, committed 4032K, reserved 1048576K
}
Event: 19.619 GC heap before
{Heap before GC invocations=26 (full 0):
 garbage-first heap   total 143360K, used 64961K [0x0000000081e00000, 0x0000000100000000)
  region size 1024K, 3 young (3072K), 1 survivors (1024K)
 Metaspace       used 32261K, committed 32448K, reserved 1114112K
  class space    used 3953K, committed 4032K, reserved 1048576K
}
Event: 19.620 GC heap after
{Heap after GC invocations=27 (full 0):
 garbage-first heap   total 143360K, used 41408K [0x0000000081e00000, 0x0000000100000000)
  region size 1024K, 1 young (1024K), 1 survivors (1024K)
 Metaspace       used 32261K, committed 32448K, reserved 1114112K
  class space    used 3953K, committed 4032K, reserved 1048576K
}
Event: 20.220 GC heap before
{Heap before GC invocations=27 (full 0):
 garbage-first heap   total 143360K, used 64960K [0x0000000081e00000, 0x0000000100000000)
  region size 1024K, 3 young (3072K), 1 survivors (1024K)
 Metaspace       used 32273K, committed 32448K, reserved 1114112K
  class space    used 3953K, committed 4032K, reserved 1048576K
}
Event: 20.221 GC heap after
{Heap after GC invocations=28 (full 0):
 garbage-first heap   total 143360K, used 41426K [0x0000000081e00000, 0x0000000100000000)
  region size 1024K, 1 young (1024K), 1 survivors (1024K)
 Metaspace       used 32273K, committed 32448K, reserved 1114112K
  class space    used 3953K, committed 4032K, reserved 1048576K
}
Event: 20.731 GC heap before
{Heap before GC invocations=28 (full 0):
 garbage-first heap   total 143360K, used 66002K [0x0000000081e00000, 0x0000000100000000)
  region size 1024K, 4 young (4096K), 1 survivors (1024K)
 Metaspace       used 32442K, committed 32704K, reserved 1114112K
  class space    used 3966K, committed 4096K, reserved 1048576K
}
Event: 20.733 GC heap after
{Heap after GC invocations=29 (full 0):
 garbage-first heap   total 143360K, used 42098K [0x0000000081e00000, 0x0000000100000000)
  region size 1024K, 2 young (2048K), 2 survivors (2048K)
 Metaspace       used 32442K, committed 32704K, reserved 1114112K
  class space    used 3966K, committed 4096K, reserved 1048576K
}
Event: 21.347 GC heap before
{Heap before GC invocations=29 (full 0):
 garbage-first heap   total 143360K, used 73842K [0x0000000081e00000, 0x0000000100000000)
  region size 1024K, 13 young (13312K), 2 survivors (2048K)
 Metaspace       used 32490K, committed 32768K, reserved 1114112K
  class space    used 3967K, committed 4096K, reserved 1048576K
}
Event: 21.350 GC heap after
{Heap after GC invocations=30 (full 0):
 garbage-first heap   total 143360K, used 45015K [0x0000000081e00000, 0x0000000100000000)
  region size 1024K, 5 young (5120K), 5 survivors (5120K)
 Metaspace       used 32490K, committed 32768K, reserved 1114112K
  class space    used 3967K, committed 4096K, reserved 1048576K
}
Event: 21.854 GC heap before
{Heap before GC invocations=30 (full 0):
 garbage-first heap   total 143360K, used 68567K [0x0000000081e00000, 0x0000000100000000)
  region size 1024K, 7 young (7168K), 5 survivors (5120K)
 Metaspace       used 32510K, committed 32768K, reserved 1114112K
  class space    used 3967K, committed 4096K, reserved 1048576K
}
Event: 21.856 GC heap after
{Heap after GC invocations=31 (full 0):
 garbage-first heap   total 143360K, used 45343K [0x0000000081e00000, 0x0000000100000000)
  region size 1024K, 5 young (5120K), 5 survivors (5120K)
 Metaspace       used 32510K, committed 32768K, reserved 1114112K
  class space    used 3967K, committed 4096K, reserved 1048576K
}
Event: 22.412 GC heap before
{Heap before GC invocations=31 (full 0):
 garbage-first heap   total 143360K, used 68895K [0x0000000081e00000, 0x0000000100000000)
  region size 1024K, 7 young (7168K), 5 survivors (5120K)
 Metaspace       used 32515K, committed 32768K, reserved 1114112K
  class space    used 3967K, committed 4096K, reserved 1048576K
}
Event: 22.414 GC heap after
{Heap after GC invocations=32 (full 0):
 garbage-first heap   total 143360K, used 45562K [0x0000000081e00000, 0x0000000100000000)
  region size 1024K, 4 young (4096K), 4 survivors (4096K)
 Metaspace       used 32515K, committed 32768K, reserved 1114112K
  class space    used 3967K, committed 4096K, reserved 1048576K
}
Event: 22.922 GC heap before
{Heap before GC invocations=32 (full 0):
 garbage-first heap   total 143360K, used 67066K [0x0000000081e00000, 0x0000000100000000)
  region size 1024K, 6 young (6144K), 4 survivors (4096K)
 Metaspace       used 32518K, committed 32768K, reserved 1114112K
  class space    used 3967K, committed 4096K, reserved 1048576K
}
Event: 22.924 GC heap after
{Heap after GC invocations=33 (full 0):
 garbage-first heap   total 143360K, used 43502K [0x0000000081e00000, 0x0000000100000000)
  region size 1024K, 4 young (4096K), 4 survivors (4096K)
 Metaspace       used 32518K, committed 32768K, reserved 1114112K
  class space    used 3967K, committed 4096K, reserved 1048576K
}
Event: 23.416 GC heap before
{Heap before GC invocations=33 (full 0):
 garbage-first heap   total 143360K, used 67054K [0x0000000081e00000, 0x0000000100000000)
  region size 1024K, 6 young (6144K), 4 survivors (4096K)
 Metaspace       used 32526K, committed 32768K, reserved 1114112K
  class space    used 3967K, committed 4096K, reserved 1048576K
}
Event: 23.418 GC heap after
{Heap after GC invocations=34 (full 0):
 garbage-first heap   total 143360K, used 45668K [0x0000000081e00000, 0x0000000100000000)
  region size 1024K, 4 young (4096K), 4 survivors (4096K)
 Metaspace       used 32526K, committed 32768K, reserved 1114112K
  class space    used 3967K, committed 4096K, reserved 1048576K
}

