# JRE version: OpenJDK Runtime Environment Temurin-17.0.8+7 (17.0.8+7) (build 17.0.8+7)
# Java VM: OpenJDK 64-Bit Server VM Temurin-17.0.8+7 (17.0.8+7, mixed mode, tiered, compressed oops, compressed class ptrs, g1 gc, windows-amd64)
GC Precious Log:
 CPUs: 4 total, 4 available
 Memory: 8065M
 Large Page Support: Disabled
 NUMA Support: Disabled
 Compressed Oops: Enabled (32-bit)
 Heap Region Size: 1M
 Heap Min Capacity: 8M
 Heap Initial Capacity: 128M
 Heap Max Capacity: 2018M
 Pre-touch: Disabled
 Parallel Workers: 4
 Concurrent Workers: 1
 Concurrent Refinement Workers: 4
 Periodic GC: Disabled
Heap:
 garbage-first heap   total 115712K, used 46909K [0x0000000081e00000, 0x0000000100000000)
  region size 1024K, 3 young (3072K), 1 survivors (1024K)
 Metaspace       used 37981K, committed 38272K, reserved 1114112K
  class space    used 4475K, committed 4608K, reserved 1048576K
GC Heap History (20 events):
Event: 83.123 GC heap before
{Heap before GC invocations=250 (full 0):
 garbage-first heap   total 115712K, used 52017K [0x0000000081e00000, 0x0000000100000000)
  region size 1024K, 2 young (2048K), 1 survivors (1024K)
 Metaspace       used 37946K, committed 38208K, reserved 1114112K
  class space    used 4468K, committed 4608K, reserved 1048576K
}
Event: 83.124 GC heap after
{Heap after GC invocations=251 (full 0):
 garbage-first heap   total 115712K, used 41779K [0x0000000081e00000, 0x0000000100000000)
  region size 1024K, 1 young (1024K), 1 survivors (1024K)
 Metaspace       used 37946K, committed 38208K, reserved 1114112K
  class space    used 4468K, committed 4608K, reserved 1048576K
}
Event: 83.351 GC heap before
{Heap before GC invocations=251 (full 0):
 garbage-first heap   total 115712K, used 52019K [0x0000000081e00000, 0x0000000100000000)
  region size 1024K, 2 young (2048K), 1 survivors (1024K)
 Metaspace       used 37946K, committed 38208K, reserved 1114112K
  class space    used 4468K, committed 4608K, reserved 1048576K
}
Event: 83.352 GC heap after
{Heap after GC invocations=252 (full 0):
 garbage-first heap   total 115712K, used 41779K [0x0000000081e00000, 0x0000000100000000)
  region size 1024K, 1 young (1024K), 1 survivors (1024K)
 Metaspace       used 37946K, committed 38208K, reserved 1114112K
  class space    used 4468K, committed 4608K, reserved 1048576K
}
Event: 83.657 GC heap before
{Heap before GC invocations=252 (full 0):
 garbage-first heap   total 115712K, used 52019K [0x0000000081e00000, 0x0000000100000000)
  region size 1024K, 2 young (2048K), 1 survivors (1024K)
 Metaspace       used 37946K, committed 38208K, reserved 1114112K
  class space    used 4468K, committed 4608K, reserved 1048576K
}
Event: 83.659 GC heap after
{Heap after GC invocations=253 (full 0):
 garbage-first heap   total 115712K, used 41779K [0x0000000081e00000, 0x0000000100000000)
  region size 1024K, 1 young (1024K), 1 survivors (1024K)
 Metaspace       used 37946K, committed 38208K, reserved 1114112K
  class space    used 4468K, committed 4608K, reserved 1048576K
}
Event: 83.846 GC heap before
{Heap before GC invocations=253 (full 0):
 garbage-first heap   total 115712K, used 52019K [0x0000000081e00000, 0x0000000100000000)
  region size 1024K, 2 young (2048K), 1 survivors (1024K)
 Metaspace       used 37946K, committed 38208K, reserved 1114112K
  class space    used 4468K, committed 4608K, reserved 1048576K
}
Event: 83.847 GC heap after
{Heap after GC invocations=254 (full 0):
 garbage-first heap   total 115712K, used 41777K [0x0000000081e00000, 0x0000000100000000)
  region size 1024K, 1 young (1024K), 1 survivors (1024K)
 Metaspace       used 37946K, committed 38208K, reserved 1114112K
  class space    used 4468K, committed 4608K, reserved 1048576K
}
Event: 84.150 GC heap before
{Heap before GC invocations=254 (full 0):
 garbage-first heap   total 115712K, used 52017K [0x0000000081e00000, 0x0000000100000000)
  region size 1024K, 2 young (2048K), 1 survivors (1024K)
 Metaspace       used 37946K, committed 38208K, reserved 1114112K
  class space    used 4468K, committed 4608K, reserved 1048576K
}
Event: 84.151 GC heap after
{Heap after GC invocations=255 (full 0):
 garbage-first heap   total 115712K, used 41779K [0x0000000081e00000, 0x0000000100000000)
  region size 1024K, 1 young (1024K), 1 survivors (1024K)
 Metaspace       used 37946K, committed 38208K, reserved 1114112K
  class space    used 4468K, committed 4608K, reserved 1048576K
}
Event: 84.342 GC heap before
{Heap before GC invocations=255 (full 0):
 garbage-first heap   total 115712K, used 52019K [0x0000000081e00000, 0x0000000100000000)
  region size 1024K, 2 young (2048K), 1 survivors (1024K)
 Metaspace       used 37946K, committed 38208K, reserved 1114112K
  class space    used 4468K, committed 4608K, reserved 1048576K
}
Event: 84.344 GC heap after
{Heap after GC invocations=256 (full 0):
 garbage-first heap   total 115712K, used 41779K [0x0000000081e00000, 0x0000000100000000)
  region size 1024K, 1 young (1024K), 1 survivors (1024K)
 Metaspace       used 37946K, committed 38208K, reserved 1114112K
  class space    used 4468K, committed 4608K, reserved 1048576K
}
Event: 84.633 GC heap before
{Heap before GC invocations=256 (full 0):
 garbage-first heap   total 115712K, used 52019K [0x0000000081e00000, 0x0000000100000000)
  region size 1024K, 2 young (2048K), 1 survivors (1024K)
 Metaspace       used 37946K, committed 38208K, reserved 1114112K
  class space    used 4468K, committed 4608K, reserved 1048576K
}
Event: 84.635 GC heap after
{Heap after GC invocations=257 (full 0):
 garbage-first heap   total 115712K, used 41779K [0x0000000081e00000, 0x0000000100000000)
  region size 1024K, 1 young (1024K), 1 survivors (1024K)
 Metaspace       used 37946K, committed 38208K, reserved 1114112K
  class space    used 4468K, committed 4608K, reserved 1048576K
}
Event: 84.841 GC heap before
{Heap before GC invocations=257 (full 0):
 garbage-first heap   total 115712K, used 52019K [0x0000000081e00000, 0x0000000100000000)
  region size 1024K, 2 young (2048K), 1 survivors (1024K)
 Metaspace       used 37946K, committed 38208K, reserved 1114112K
  class space    used 4468K, committed 4608K, reserved 1048576K
}
Event: 84.842 GC heap after
{Heap after GC invocations=258 (full 0):
 garbage-first heap   total 115712K, used 41783K [0x0000000081e00000, 0x0000000100000000)
  region size 1024K, 1 young (1024K), 1 survivors (1024K)
 Metaspace       used 37946K, committed 38208K, reserved 1114112K
  class space    used 4468K, committed 4608K, reserved 1048576K
}
Event: 85.123 GC heap before
{Heap before GC invocations=258 (full 0):
 garbage-first heap   total 115712K, used 52023K [0x0000000081e00000, 0x0000000100000000)
  region size 1024K, 2 young (2048K), 1 survivors (1024K)
 Metaspace       used 37946K, committed 38208K, reserved 1114112K
  class space    used 4468K, committed 4608K, reserved 1048576K
}
Event: 85.124 GC heap after
{Heap after GC invocations=259 (full 0):
 garbage-first heap   total 115712K, used 41785K [0x0000000081e00000, 0x0000000100000000)
  region size 1024K, 1 young (1024K), 1 survivors (1024K)
 Metaspace       used 37946K, committed 38208K, reserved 1114112K
  class space    used 4468K, committed 4608K, reserved 1048576K
}
Event: 85.396 GC heap before
{Heap before GC invocations=259 (full 0):
 garbage-first heap   total 115712K, used 52025K [0x0000000081e00000, 0x0000000100000000)
  region size 1024K, 2 young (2048K), 1 survivors (1024K)
 Metaspace       used 37956K, committed 38208K, reserved 1114112K
  class space    used 4471K, committed 4608K, reserved 1048576K
}
Event: 85.398 GC heap after
{Heap after GC invocations=260 (full 0):
 garbage-first heap   total 115712K, used 43837K [0x0000000081e00000, 0x0000000100000000)
  region size 1024K, 1 young (1024K), 1 survivors (1024K)
 Metaspace       used 37956K, committed 38208K, reserved 1114112K
  class space    used 4471K, committed 4608K, reserved 1048576K
}

