# JRE version: OpenJDK Runtime Environment Temurin-17.0.8+7 (17.0.8+7) (build 17.0.8+7)
# Java VM: OpenJDK 64-Bit Server VM Temurin-17.0.8+7 (17.0.8+7, mixed mode, tiered, compressed oops, compressed class ptrs, g1 gc, windows-amd64)
GC Precious Log:
 CPUs: 4 total, 4 available
 Memory: 8065M
 Large Page Support: Disabled
 NUMA Support: Disabled
 Compressed Oops: Enabled (32-bit)
 Heap Region Size: 1M
 Heap Min Capacity: 8M
 Heap Initial Capacity: 128M
 Heap Max Capacity: 2018M
 Pre-touch: Disabled
 Parallel Workers: 4
 Concurrent Workers: 1
 Concurrent Refinement Workers: 4
 Periodic GC: Disabled
Heap:
 garbage-first heap   total 157696K, used 60428K [0x0000000081e00000, 0x0000000100000000)
  region size 1024K, 3 young (3072K), 1 survivors (1024K)
 Metaspace       used 33042K, committed 33344K, reserved 1114112K
  class space    used 3989K, committed 4160K, reserved 1048576K
GC Heap History (20 events):
Event: 31.177 GC heap before
{Heap before GC invocations=45 (full 0):
 garbage-first heap   total 157696K, used 71660K [0x0000000081e00000, 0x0000000100000000)
  region size 1024K, 3 young (3072K), 1 survivors (1024K)
 Metaspace       used 32949K, committed 33216K, reserved 1114112K
  class space    used 3981K, committed 4096K, reserved 1048576K
}
Event: 31.178 GC heap after
{Heap after GC invocations=46 (full 0):
 garbage-first heap   total 157696K, used 48108K [0x0000000081e00000, 0x0000000100000000)
  region size 1024K, 1 young (1024K), 1 survivors (1024K)
 Metaspace       used 32949K, committed 33216K, reserved 1114112K
  class space    used 3981K, committed 4096K, reserved 1048576K
}
Event: 31.689 GC heap before
{Heap before GC invocations=46 (full 0):
 garbage-first heap   total 157696K, used 71660K [0x0000000081e00000, 0x0000000100000000)
  region size 1024K, 3 young (3072K), 1 survivors (1024K)
 Metaspace       used 32954K, committed 33216K, reserved 1114112K
  class space    used 3981K, committed 4096K, reserved 1048576K
}
Event: 31.691 GC heap after
{Heap after GC invocations=47 (full 0):
 garbage-first heap   total 157696K, used 48117K [0x0000000081e00000, 0x0000000100000000)
  region size 1024K, 1 young (1024K), 1 survivors (1024K)
 Metaspace       used 32954K, committed 33216K, reserved 1114112K
  class space    used 3981K, committed 4096K, reserved 1048576K
}
Event: 32.282 GC heap before
{Heap before GC invocations=47 (full 0):
 garbage-first heap   total 157696K, used 71669K [0x0000000081e00000, 0x0000000100000000)
  region size 1024K, 3 young (3072K), 1 survivors (1024K)
 Metaspace       used 32954K, committed 33216K, reserved 1114112K
  class space    used 3981K, committed 4096K, reserved 1048576K
}
Event: 32.284 GC heap after
{Heap after GC invocations=48 (full 0):
 garbage-first heap   total 157696K, used 48117K [0x0000000081e00000, 0x0000000100000000)
  region size 1024K, 1 young (1024K), 1 survivors (1024K)
 Metaspace       used 32954K, committed 33216K, reserved 1114112K
  class space    used 3981K, committed 4096K, reserved 1048576K
}
Event: 32.780 GC heap before
{Heap before GC invocations=48 (full 0):
 garbage-first heap   total 157696K, used 71669K [0x0000000081e00000, 0x0000000100000000)
  region size 1024K, 3 young (3072K), 1 survivors (1024K)
 Metaspace       used 32955K, committed 33216K, reserved 1114112K
  class space    used 3981K, committed 4096K, reserved 1048576K
}
Event: 32.781 GC heap after
{Heap after GC invocations=49 (full 0):
 garbage-first heap   total 157696K, used 50165K [0x0000000081e00000, 0x0000000100000000)
  region size 1024K, 1 young (1024K), 1 survivors (1024K)
 Metaspace       used 32955K, committed 33216K, reserved 1114112K
  class space    used 3981K, committed 4096K, reserved 1048576K
}
Event: 33.294 GC heap before
{Heap before GC invocations=49 (full 0):
 garbage-first heap   total 157696K, used 72693K [0x0000000081e00000, 0x0000000100000000)
  region size 1024K, 3 young (3072K), 1 survivors (1024K)
 Metaspace       used 32963K, committed 33216K, reserved 1114112K
  class space    used 3982K, committed 4096K, reserved 1048576K
}
Event: 33.296 GC heap after
{Heap after GC invocations=50 (full 0):
 garbage-first heap   total 157696K, used 49155K [0x0000000081e00000, 0x0000000100000000)
  region size 1024K, 1 young (1024K), 1 survivors (1024K)
 Metaspace       used 32963K, committed 33216K, reserved 1114112K
  class space    used 3982K, committed 4096K, reserved 1048576K
}
Event: 33.788 GC heap before
{Heap before GC invocations=50 (full 0):
 garbage-first heap   total 157696K, used 72707K [0x0000000081e00000, 0x0000000100000000)
  region size 1024K, 3 young (3072K), 1 survivors (1024K)
 Metaspace       used 32969K, committed 33216K, reserved 1114112K
  class space    used 3982K, committed 4096K, reserved 1048576K
}
Event: 33.790 GC heap after
{Heap after GC invocations=51 (full 0):
 garbage-first heap   total 157696K, used 51205K [0x0000000081e00000, 0x0000000100000000)
  region size 1024K, 1 young (1024K), 1 survivors (1024K)
 Metaspace       used 32969K, committed 33216K, reserved 1114112K
  class space    used 3982K, committed 4096K, reserved 1048576K
}
Event: 34.282 GC heap before
{Heap before GC invocations=51 (full 0):
 garbage-first heap   total 157696K, used 72709K [0x0000000081e00000, 0x0000000100000000)
  region size 1024K, 3 young (3072K), 1 survivors (1024K)
 Metaspace       used 32975K, committed 33216K, reserved 1114112K
  class space    used 3982K, committed 4096K, reserved 1048576K
}
Event: 34.283 GC heap after
{Heap after GC invocations=52 (full 0):
 garbage-first heap   total 157696K, used 51205K [0x0000000081e00000, 0x0000000100000000)
  region size 1024K, 1 young (1024K), 1 survivors (1024K)
 Metaspace       used 32975K, committed 33216K, reserved 1114112K
  class space    used 3982K, committed 4096K, reserved 1048576K
}
Event: 34.779 GC heap before
{Heap before GC invocations=52 (full 0):
 garbage-first heap   total 157696K, used 72709K [0x0000000081e00000, 0x0000000100000000)
  region size 1024K, 3 young (3072K), 1 survivors (1024K)
 Metaspace       used 32980K, committed 33216K, reserved 1114112K
  class space    used 3982K, committed 4096K, reserved 1048576K
}
Event: 34.780 GC heap after
{Heap after GC invocations=53 (full 0):
 garbage-first heap   total 157696K, used 51210K [0x0000000081e00000, 0x0000000100000000)
  region size 1024K, 1 young (1024K), 1 survivors (1024K)
 Metaspace       used 32980K, committed 33216K, reserved 1114112K
  class space    used 3982K, committed 4096K, reserved 1048576K
}
Event: 35.319 GC heap before
{Heap before GC invocations=53 (full 0):
 garbage-first heap   total 157696K, used 72714K [0x0000000081e00000, 0x0000000100000000)
  region size 1024K, 3 young (3072K), 1 survivors (1024K)
 Metaspace       used 32980K, committed 33216K, reserved 1114112K
  class space    used 3982K, committed 4096K, reserved 1048576K
}
Event: 35.320 GC heap after
{Heap after GC invocations=54 (full 0):
 garbage-first heap   total 157696K, used 51210K [0x0000000081e00000, 0x0000000100000000)
  region size 1024K, 1 young (1024K), 1 survivors (1024K)
 Metaspace       used 32980K, committed 33216K, reserved 1114112K
  class space    used 3982K, committed 4096K, reserved 1048576K
}
Event: 35.805 GC heap before
{Heap before GC invocations=54 (full 0):
 garbage-first heap   total 157696K, used 72714K [0x0000000081e00000, 0x0000000100000000)
  region size 1024K, 3 young (3072K), 1 survivors (1024K)
 Metaspace       used 32995K, committed 33216K, reserved 1114112K
  class space    used 3982K, committed 4096K, reserved 1048576K
}
Event: 35.806 GC heap after
{Heap after GC invocations=55 (full 0):
 garbage-first heap   total 157696K, used 53260K [0x0000000081e00000, 0x0000000100000000)
  region size 1024K, 1 young (1024K), 1 survivors (1024K)
 Metaspace       used 32995K, committed 33216K, reserved 1114112K
  class space    used 3982K, committed 4096K, reserved 1048576K
}

