# JRE version: OpenJDK Runtime Environment Temurin-17.0.8+7 (17.0.8+7) (build 17.0.8+7)
# Java VM: OpenJDK 64-Bit Server VM Temurin-17.0.8+7 (17.0.8+7, mixed mode, tiered, compressed oops, compressed class ptrs, g1 gc, windows-amd64)
GC Precious Log:
 CPUs: 4 total, 4 available
 Memory: 8065M
 Large Page Support: Disabled
 NUMA Support: Disabled
 Compressed Oops: Enabled (32-bit)
 Heap Region Size: 1M
 Heap Min Capacity: 8M
 Heap Initial Capacity: 128M
 Heap Max Capacity: 2018M
 Pre-touch: Disabled
 Parallel Workers: 4
 Concurrent Workers: 1
 Concurrent Refinement Workers: 4
 Periodic GC: Disabled
Heap:
 garbage-first heap   total 180224K, used 59857K [0x0000000081e00000, 0x0000000100000000)
  region size 1024K, 3 young (3072K), 1 survivors (1024K)
 Metaspace       used 37944K, committed 38208K, reserved 1114112K
  class space    used 4473K, committed 4608K, reserved 1048576K
GC Heap History (20 events):
Event: 50.020 GC heap before
{Heap before GC invocations=62 (full 0):
 garbage-first heap   total 180224K, used 82333K [0x0000000081e00000, 0x0000000100000000)
  region size 1024K, 3 young (3072K), 1 survivors (1024K)
 Metaspace       used 37906K, committed 38208K, reserved 1114112K
  class space    used 4465K, committed 4608K, reserved 1048576K
}
Event: 50.021 GC heap after
{Heap after GC invocations=63 (full 0):
 garbage-first heap   total 180224K, used 52647K [0x0000000081e00000, 0x0000000100000000)
  region size 1024K, 1 young (1024K), 1 survivors (1024K)
 Metaspace       used 37906K, committed 38208K, reserved 1114112K
  class space    used 4465K, committed 4608K, reserved 1048576K
}
Event: 50.725 GC heap before
{Heap before GC invocations=63 (full 0):
 garbage-first heap   total 180224K, used 82343K [0x0000000081e00000, 0x0000000100000000)
  region size 1024K, 3 young (3072K), 1 survivors (1024K)
 Metaspace       used 37906K, committed 38208K, reserved 1114112K
  class space    used 4465K, committed 4608K, reserved 1048576K
}
Event: 50.727 GC heap after
{Heap after GC invocations=64 (full 0):
 garbage-first heap   total 180224K, used 52650K [0x0000000081e00000, 0x0000000100000000)
  region size 1024K, 1 young (1024K), 1 survivors (1024K)
 Metaspace       used 37906K, committed 38208K, reserved 1114112K
  class space    used 4465K, committed 4608K, reserved 1048576K
}
Event: 51.430 GC heap before
{Heap before GC invocations=64 (full 0):
 garbage-first heap   total 180224K, used 82346K [0x0000000081e00000, 0x0000000100000000)
  region size 1024K, 3 young (3072K), 1 survivors (1024K)
 Metaspace       used 37906K, committed 38208K, reserved 1114112K
  class space    used 4465K, committed 4608K, reserved 1048576K
}
Event: 51.431 GC heap after
{Heap after GC invocations=65 (full 0):
 garbage-first heap   total 180224K, used 52655K [0x0000000081e00000, 0x0000000100000000)
  region size 1024K, 1 young (1024K), 1 survivors (1024K)
 Metaspace       used 37906K, committed 38208K, reserved 1114112K
  class space    used 4465K, committed 4608K, reserved 1048576K
}
Event: 52.116 GC heap before
{Heap before GC invocations=65 (full 0):
 garbage-first heap   total 180224K, used 82351K [0x0000000081e00000, 0x0000000100000000)
  region size 1024K, 3 young (3072K), 1 survivors (1024K)
 Metaspace       used 37906K, committed 38208K, reserved 1114112K
  class space    used 4465K, committed 4608K, reserved 1048576K
}
Event: 52.117 GC heap after
{Heap after GC invocations=66 (full 0):
 garbage-first heap   total 180224K, used 52658K [0x0000000081e00000, 0x0000000100000000)
  region size 1024K, 1 young (1024K), 1 survivors (1024K)
 Metaspace       used 37906K, committed 38208K, reserved 1114112K
  class space    used 4465K, committed 4608K, reserved 1048576K
}
Event: 52.820 GC heap before
{Heap before GC invocations=66 (full 0):
 garbage-first heap   total 180224K, used 82354K [0x0000000081e00000, 0x0000000100000000)
  region size 1024K, 3 young (3072K), 1 survivors (1024K)
 Metaspace       used 37906K, committed 38208K, reserved 1114112K
  class space    used 4465K, committed 4608K, reserved 1048576K
}
Event: 52.821 GC heap after
{Heap after GC invocations=67 (full 0):
 garbage-first heap   total 180224K, used 52665K [0x0000000081e00000, 0x0000000100000000)
  region size 1024K, 1 young (1024K), 1 survivors (1024K)
 Metaspace       used 37906K, committed 38208K, reserved 1114112K
  class space    used 4465K, committed 4608K, reserved 1048576K
}
Event: 53.523 GC heap before
{Heap before GC invocations=67 (full 0):
 garbage-first heap   total 180224K, used 82361K [0x0000000081e00000, 0x0000000100000000)
  region size 1024K, 3 young (3072K), 1 survivors (1024K)
 Metaspace       used 37906K, committed 38208K, reserved 1114112K
  class space    used 4465K, committed 4608K, reserved 1048576K
}
Event: 53.524 GC heap after
{Heap after GC invocations=68 (full 0):
 garbage-first heap   total 180224K, used 52667K [0x0000000081e00000, 0x0000000100000000)
  region size 1024K, 1 young (1024K), 1 survivors (1024K)
 Metaspace       used 37906K, committed 38208K, reserved 1114112K
  class space    used 4465K, committed 4608K, reserved 1048576K
}
Event: 54.228 GC heap before
{Heap before GC invocations=68 (full 0):
 garbage-first heap   total 180224K, used 82363K [0x0000000081e00000, 0x0000000100000000)
  region size 1024K, 3 young (3072K), 1 survivors (1024K)
 Metaspace       used 37906K, committed 38208K, reserved 1114112K
  class space    used 4465K, committed 4608K, reserved 1048576K
}
Event: 54.229 GC heap after
{Heap after GC invocations=69 (full 0):
 garbage-first heap   total 180224K, used 52673K [0x0000000081e00000, 0x0000000100000000)
  region size 1024K, 1 young (1024K), 1 survivors (1024K)
 Metaspace       used 37906K, committed 38208K, reserved 1114112K
  class space    used 4465K, committed 4608K, reserved 1048576K
}
Event: 54.919 GC heap before
{Heap before GC invocations=69 (full 0):
 garbage-first heap   total 180224K, used 82369K [0x0000000081e00000, 0x0000000100000000)
  region size 1024K, 3 young (3072K), 1 survivors (1024K)
 Metaspace       used 37909K, committed 38208K, reserved 1114112K
  class space    used 4466K, committed 4608K, reserved 1048576K
}
Event: 54.921 GC heap after
{Heap after GC invocations=70 (full 0):
 garbage-first heap   total 180224K, used 52676K [0x0000000081e00000, 0x0000000100000000)
  region size 1024K, 1 young (1024K), 1 survivors (1024K)
 Metaspace       used 37909K, committed 38208K, reserved 1114112K
  class space    used 4466K, committed 4608K, reserved 1048576K
}
Event: 55.620 GC heap before
{Heap before GC invocations=70 (full 0):
 garbage-first heap   total 180224K, used 82372K [0x0000000081e00000, 0x0000000100000000)
  region size 1024K, 3 young (3072K), 1 survivors (1024K)
 Metaspace       used 37909K, committed 38208K, reserved 1114112K
  class space    used 4466K, committed 4608K, reserved 1048576K
}
Event: 55.621 GC heap after
{Heap after GC invocations=71 (full 0):
 garbage-first heap   total 180224K, used 52680K [0x0000000081e00000, 0x0000000100000000)
  region size 1024K, 1 young (1024K), 1 survivors (1024K)
 Metaspace       used 37909K, committed 38208K, reserved 1114112K
  class space    used 4466K, committed 4608K, reserved 1048576K
}
Event: 56.383 GC heap before
{Heap before GC invocations=71 (full 0):
 garbage-first heap   total 180224K, used 82376K [0x0000000081e00000, 0x0000000100000000)
  region size 1024K, 3 young (3072K), 1 survivors (1024K)
 Metaspace       used 37919K, committed 38208K, reserved 1114112K
  class space    used 4469K, committed 4608K, reserved 1048576K
}
Event: 56.384 GC heap after
{Heap after GC invocations=72 (full 0):
 garbage-first heap   total 180224K, used 54737K [0x0000000081e00000, 0x0000000100000000)
  region size 1024K, 1 young (1024K), 1 survivors (1024K)
 Metaspace       used 37919K, committed 38208K, reserved 1114112K
  class space    used 4469K, committed 4608K, reserved 1048576K
}

