# JRE version: OpenJDK Runtime Environment Temurin-17.0.8+7 (17.0.8+7) (build 17.0.8+7)
# Java VM: OpenJDK 64-Bit Server VM Temurin-17.0.8+7 (17.0.8+7, mixed mode, tiered, compressed oops, compressed class ptrs, g1 gc, windows-amd64)
GC Precious Log:
 CPUs: 4 total, 4 available
 Memory: 8065M
 Large Page Support: Disabled
 NUMA Support: Disabled
 Compressed Oops: Enabled (32-bit)
 Heap Region Size: 1M
 Heap Min Capacity: 8M
 Heap Initial Capacity: 128M
 Heap Max Capacity: 2018M
 Pre-touch: Disabled
 Parallel Workers: 4
 Concurrent Workers: 1
 Concurrent Refinement Workers: 4
 Periodic GC: Disabled
Heap:
 garbage-first heap   total 149504K, used 64409K [0x0000000081e00000, 0x0000000100000000)
  region size 1024K, 4 young (4096K), 1 survivors (1024K)
 Metaspace       used 33260K, committed 33472K, reserved 1114112K
  class space    used 3984K, committed 4096K, reserved 1048576K
GC Heap History (20 events):
Event: 73.874 GC heap before
{Heap before GC invocations=128 (full 0):
 garbage-first heap   total 149504K, used 67458K [0x0000000081e00000, 0x0000000100000000)
  region size 1024K, 3 young (3072K), 1 survivors (1024K)
 Metaspace       used 33199K, committed 33472K, reserved 1114112K
  class space    used 3976K, committed 4096K, reserved 1048576K
}
Event: 73.876 GC heap after
{Heap after GC invocations=129 (full 0):
 garbage-first heap   total 149504K, used 45956K [0x0000000081e00000, 0x0000000100000000)
  region size 1024K, 1 young (1024K), 1 survivors (1024K)
 Metaspace       used 33199K, committed 33472K, reserved 1114112K
  class space    used 3976K, committed 4096K, reserved 1048576K
}
Event: 74.183 GC heap before
{Heap before GC invocations=129 (full 0):
 garbage-first heap   total 149504K, used 67460K [0x0000000081e00000, 0x0000000100000000)
  region size 1024K, 3 young (3072K), 1 survivors (1024K)
 Metaspace       used 33199K, committed 33472K, reserved 1114112K
  class space    used 3976K, committed 4096K, reserved 1048576K
}
Event: 74.184 GC heap after
{Heap after GC invocations=130 (full 0):
 garbage-first heap   total 149504K, used 45956K [0x0000000081e00000, 0x0000000100000000)
  region size 1024K, 1 young (1024K), 1 survivors (1024K)
 Metaspace       used 33199K, committed 33472K, reserved 1114112K
  class space    used 3976K, committed 4096K, reserved 1048576K
}
Event: 74.471 GC heap before
{Heap before GC invocations=130 (full 0):
 garbage-first heap   total 149504K, used 68484K [0x0000000081e00000, 0x0000000100000000)
  region size 1024K, 4 young (4096K), 1 survivors (1024K)
 Metaspace       used 33199K, committed 33472K, reserved 1114112K
  class space    used 3976K, committed 4096K, reserved 1048576K
}
Event: 74.472 GC heap after
{Heap after GC invocations=131 (full 0):
 garbage-first heap   total 149504K, used 45957K [0x0000000081e00000, 0x0000000100000000)
  region size 1024K, 1 young (1024K), 1 survivors (1024K)
 Metaspace       used 33199K, committed 33472K, reserved 1114112K
  class space    used 3976K, committed 4096K, reserved 1048576K
}
Event: 74.774 GC heap before
{Heap before GC invocations=131 (full 0):
 garbage-first heap   total 149504K, used 67461K [0x0000000081e00000, 0x0000000100000000)
  region size 1024K, 3 young (3072K), 1 survivors (1024K)
 Metaspace       used 33199K, committed 33472K, reserved 1114112K
  class space    used 3976K, committed 4096K, reserved 1048576K
}
Event: 74.775 GC heap after
{Heap after GC invocations=132 (full 0):
 garbage-first heap   total 149504K, used 45961K [0x0000000081e00000, 0x0000000100000000)
  region size 1024K, 1 young (1024K), 1 survivors (1024K)
 Metaspace       used 33199K, committed 33472K, reserved 1114112K
  class space    used 3976K, committed 4096K, reserved 1048576K
}
Event: 75.063 GC heap before
{Heap before GC invocations=132 (full 0):
 garbage-first heap   total 149504K, used 67465K [0x0000000081e00000, 0x0000000100000000)
  region size 1024K, 3 young (3072K), 1 survivors (1024K)
 Metaspace       used 33199K, committed 33472K, reserved 1114112K
  class space    used 3976K, committed 4096K, reserved 1048576K
}
Event: 75.064 GC heap after
{Heap after GC invocations=133 (full 0):
 garbage-first heap   total 149504K, used 45963K [0x0000000081e00000, 0x0000000100000000)
  region size 1024K, 1 young (1024K), 1 survivors (1024K)
 Metaspace       used 33199K, committed 33472K, reserved 1114112K
  class space    used 3976K, committed 4096K, reserved 1048576K
}
Event: 75.367 GC heap before
{Heap before GC invocations=133 (full 0):
 garbage-first heap   total 149504K, used 67467K [0x0000000081e00000, 0x0000000100000000)
  region size 1024K, 3 young (3072K), 1 survivors (1024K)
 Metaspace       used 33199K, committed 33472K, reserved 1114112K
  class space    used 3976K, committed 4096K, reserved 1048576K
}
Event: 75.368 GC heap after
{Heap after GC invocations=134 (full 0):
 garbage-first heap   total 149504K, used 45964K [0x0000000081e00000, 0x0000000100000000)
  region size 1024K, 1 young (1024K), 1 survivors (1024K)
 Metaspace       used 33199K, committed 33472K, reserved 1114112K
  class space    used 3976K, committed 4096K, reserved 1048576K
}
Event: 75.676 GC heap before
{Heap before GC invocations=134 (full 0):
 garbage-first heap   total 149504K, used 67468K [0x0000000081e00000, 0x0000000100000000)
  region size 1024K, 3 young (3072K), 1 survivors (1024K)
 Metaspace       used 33199K, committed 33472K, reserved 1114112K
  class space    used 3976K, committed 4096K, reserved 1048576K
}
Event: 75.677 GC heap after
{Heap after GC invocations=135 (full 0):
 garbage-first heap   total 149504K, used 45968K [0x0000000081e00000, 0x0000000100000000)
  region size 1024K, 1 young (1024K), 1 survivors (1024K)
 Metaspace       used 33199K, committed 33472K, reserved 1114112K
  class space    used 3976K, committed 4096K, reserved 1048576K
}
Event: 75.975 GC heap before
{Heap before GC invocations=135 (full 0):
 garbage-first heap   total 149504K, used 67472K [0x0000000081e00000, 0x0000000100000000)
  region size 1024K, 3 young (3072K), 1 survivors (1024K)
 Metaspace       used 33199K, committed 33472K, reserved 1114112K
  class space    used 3976K, committed 4096K, reserved 1048576K
}
Event: 75.976 GC heap after
{Heap after GC invocations=136 (full 0):
 garbage-first heap   total 149504K, used 45972K [0x0000000081e00000, 0x0000000100000000)
  region size 1024K, 1 young (1024K), 1 survivors (1024K)
 Metaspace       used 33199K, committed 33472K, reserved 1114112K
  class space    used 3976K, committed 4096K, reserved 1048576K
}
Event: 76.266 GC heap before
{Heap before GC invocations=136 (full 0):
 garbage-first heap   total 149504K, used 67476K [0x0000000081e00000, 0x0000000100000000)
  region size 1024K, 3 young (3072K), 1 survivors (1024K)
 Metaspace       used 33199K, committed 33472K, reserved 1114112K
  class space    used 3976K, committed 4096K, reserved 1048576K
}
Event: 76.267 GC heap after
{Heap after GC invocations=137 (full 0):
 garbage-first heap   total 149504K, used 45974K [0x0000000081e00000, 0x0000000100000000)
  region size 1024K, 1 young (1024K), 1 survivors (1024K)
 Metaspace       used 33199K, committed 33472K, reserved 1114112K
  class space    used 3976K, committed 4096K, reserved 1048576K
}
Event: 76.566 GC heap before
{Heap before GC invocations=137 (full 0):
 garbage-first heap   total 149504K, used 67478K [0x0000000081e00000, 0x0000000100000000)
  region size 1024K, 3 young (3072K), 1 survivors (1024K)
 Metaspace       used 33199K, committed 33472K, reserved 1114112K
  class space    used 3976K, committed 4096K, reserved 1048576K
}
Event: 76.567 GC heap after
{Heap after GC invocations=138 (full 0):
 garbage-first heap   total 149504K, used 48025K [0x0000000081e00000, 0x0000000100000000)
  region size 1024K, 1 young (1024K), 1 survivors (1024K)
 Metaspace       used 33199K, committed 33472K, reserved 1114112K
  class space    used 3976K, committed 4096K, reserved 1048576K
}

