# JRE version: OpenJDK Runtime Environment Temurin-17.0.8+7 (17.0.8+7) (build 17.0.8+7)
# Java VM: OpenJDK 64-Bit Server VM Temurin-17.0.8+7 (17.0.8+7, mixed mode, tiered, compressed oops, compressed class ptrs, g1 gc, windows-amd64)
GC Precious Log:
 CPUs: 4 total, 4 available
 Memory: 8065M
 Large Page Support: Disabled
 NUMA Support: Disabled
 Compressed Oops: Enabled (32-bit)
 Heap Region Size: 1M
 Heap Min Capacity: 8M
 Heap Initial Capacity: 128M
 Heap Max Capacity: 2018M
 Pre-touch: Disabled
 Parallel Workers: 4
 Concurrent Workers: 1
 Concurrent Refinement Workers: 4
 Periodic GC: Disabled
Heap:
 garbage-first heap   total 254976K, used 74835K [0x0000000081e00000, 0x0000000100000000)
  region size 1024K, 4 young (4096K), 1 survivors (1024K)
 Metaspace       used 37548K, committed 37824K, reserved 1114112K
  class space    used 4468K, committed 4608K, reserved 1048576K
GC Heap History (20 events):
Event: 35.312 GC heap before
{Heap before GC invocations=30 (full 0):
 garbage-first heap   total 254976K, used 115336K [0x0000000081e00000, 0x0000000100000000)
  region size 1024K, 4 young (4096K), 1 survivors (1024K)
 Metaspace       used 37327K, committed 37568K, reserved 1114112K
  class space    used 4459K, committed 4544K, reserved 1048576K
}
Event: 35.314 GC heap after
{Heap after GC invocations=31 (full 0):
 garbage-first heap   total 254976K, used 64121K [0x0000000081e00000, 0x0000000100000000)
  region size 1024K, 1 young (1024K), 1 survivors (1024K)
 Metaspace       used 37327K, committed 37568K, reserved 1114112K
  class space    used 4459K, committed 4544K, reserved 1048576K
}
Event: 36.502 GC heap before
{Heap before GC invocations=31 (full 0):
 garbage-first heap   total 254976K, used 114297K [0x0000000081e00000, 0x0000000100000000)
  region size 1024K, 3 young (3072K), 1 survivors (1024K)
 Metaspace       used 37342K, committed 37568K, reserved 1114112K
  class space    used 4459K, committed 4544K, reserved 1048576K
}
Event: 36.503 GC heap after
{Heap after GC invocations=32 (full 0):
 garbage-first heap   total 254976K, used 64119K [0x0000000081e00000, 0x0000000100000000)
  region size 1024K, 1 young (1024K), 1 survivors (1024K)
 Metaspace       used 37342K, committed 37568K, reserved 1114112K
  class space    used 4459K, committed 4544K, reserved 1048576K
}
Event: 37.698 GC heap before
{Heap before GC invocations=32 (full 0):
 garbage-first heap   total 254976K, used 116343K [0x0000000081e00000, 0x0000000100000000)
  region size 1024K, 5 young (5120K), 1 survivors (1024K)
 Metaspace       used 37438K, committed 37632K, reserved 1114112K
  class space    used 4461K, committed 4544K, reserved 1048576K
}
Event: 37.701 GC heap after
{Heap after GC invocations=33 (full 0):
 garbage-first heap   total 254976K, used 64536K [0x0000000081e00000, 0x0000000100000000)
  region size 1024K, 1 young (1024K), 1 survivors (1024K)
 Metaspace       used 37438K, committed 37632K, reserved 1114112K
  class space    used 4461K, committed 4544K, reserved 1048576K
}
Event: 38.906 GC heap before
{Heap before GC invocations=33 (full 0):
 garbage-first heap   total 254976K, used 114712K [0x0000000081e00000, 0x0000000100000000)
  region size 1024K, 3 young (3072K), 1 survivors (1024K)
 Metaspace       used 37451K, committed 37696K, reserved 1114112K
  class space    used 4461K, committed 4544K, reserved 1048576K
}
Event: 38.908 GC heap after
{Heap after GC invocations=34 (full 0):
 garbage-first heap   total 254976K, used 64551K [0x0000000081e00000, 0x0000000100000000)
  region size 1024K, 1 young (1024K), 1 survivors (1024K)
 Metaspace       used 37451K, committed 37696K, reserved 1114112K
  class space    used 4461K, committed 4544K, reserved 1048576K
}
Event: 40.128 GC heap before
{Heap before GC invocations=34 (full 0):
 garbage-first heap   total 254976K, used 114727K [0x0000000081e00000, 0x0000000100000000)
  region size 1024K, 3 young (3072K), 1 survivors (1024K)
 Metaspace       used 37477K, committed 37696K, reserved 1114112K
  class space    used 4461K, committed 4544K, reserved 1048576K
}
Event: 40.131 GC heap after
{Heap after GC invocations=35 (full 0):
 garbage-first heap   total 254976K, used 64567K [0x0000000081e00000, 0x0000000100000000)
  region size 1024K, 1 young (1024K), 1 survivors (1024K)
 Metaspace       used 37477K, committed 37696K, reserved 1114112K
  class space    used 4461K, committed 4544K, reserved 1048576K
}
Event: 41.312 GC heap before
{Heap before GC invocations=35 (full 0):
 garbage-first heap   total 254976K, used 114743K [0x0000000081e00000, 0x0000000100000000)
  region size 1024K, 3 young (3072K), 1 survivors (1024K)
 Metaspace       used 37481K, committed 37696K, reserved 1114112K
  class space    used 4461K, committed 4544K, reserved 1048576K
}
Event: 41.314 GC heap after
{Heap after GC invocations=36 (full 0):
 garbage-first heap   total 254976K, used 64598K [0x0000000081e00000, 0x0000000100000000)
  region size 1024K, 1 young (1024K), 1 survivors (1024K)
 Metaspace       used 37481K, committed 37696K, reserved 1114112K
  class space    used 4461K, committed 4544K, reserved 1048576K
}
Event: 42.490 GC heap before
{Heap before GC invocations=36 (full 0):
 garbage-first heap   total 254976K, used 114774K [0x0000000081e00000, 0x0000000100000000)
  region size 1024K, 3 young (3072K), 1 survivors (1024K)
 Metaspace       used 37488K, committed 37696K, reserved 1114112K
  class space    used 4461K, committed 4544K, reserved 1048576K
}
Event: 42.492 GC heap after
{Heap after GC invocations=37 (full 0):
 garbage-first heap   total 254976K, used 64575K [0x0000000081e00000, 0x0000000100000000)
  region size 1024K, 1 young (1024K), 1 survivors (1024K)
 Metaspace       used 37488K, committed 37696K, reserved 1114112K
  class space    used 4461K, committed 4544K, reserved 1048576K
}
Event: 43.699 GC heap before
{Heap before GC invocations=37 (full 0):
 garbage-first heap   total 254976K, used 114751K [0x0000000081e00000, 0x0000000100000000)
  region size 1024K, 3 young (3072K), 1 survivors (1024K)
 Metaspace       used 37501K, committed 37696K, reserved 1114112K
  class space    used 4461K, committed 4544K, reserved 1048576K
}
Event: 43.702 GC heap after
{Heap after GC invocations=38 (full 0):
 garbage-first heap   total 254976K, used 64559K [0x0000000081e00000, 0x0000000100000000)
  region size 1024K, 1 young (1024K), 1 survivors (1024K)
 Metaspace       used 37501K, committed 37696K, reserved 1114112K
  class space    used 4461K, committed 4544K, reserved 1048576K
}
Event: 44.945 GC heap before
{Heap before GC invocations=38 (full 0):
 garbage-first heap   total 254976K, used 114735K [0x0000000081e00000, 0x0000000100000000)
  region size 1024K, 3 young (3072K), 1 survivors (1024K)
 Metaspace       used 37502K, committed 37696K, reserved 1114112K
  class space    used 4461K, committed 4544K, reserved 1048576K
}
Event: 44.948 GC heap after
{Heap after GC invocations=39 (full 0):
 garbage-first heap   total 254976K, used 64593K [0x0000000081e00000, 0x0000000100000000)
  region size 1024K, 1 young (1024K), 1 survivors (1024K)
 Metaspace       used 37502K, committed 37696K, reserved 1114112K
  class space    used 4461K, committed 4544K, reserved 1048576K
}
Event: 46.090 GC heap before
{Heap before GC invocations=39 (full 0):
 garbage-first heap   total 254976K, used 115793K [0x0000000081e00000, 0x0000000100000000)
  region size 1024K, 4 young (4096K), 1 survivors (1024K)
 Metaspace       used 37513K, committed 37760K, reserved 1114112K
  class space    used 4461K, committed 4544K, reserved 1048576K
}
Event: 46.092 GC heap after
{Heap after GC invocations=40 (full 0):
 garbage-first heap   total 254976K, used 66643K [0x0000000081e00000, 0x0000000100000000)
  region size 1024K, 1 young (1024K), 1 survivors (1024K)
 Metaspace       used 37513K, committed 37760K, reserved 1114112K
  class space    used 4461K, committed 4544K, reserved 1048576K
}

