# JRE version: OpenJDK Runtime Environment Temurin-17.0.8+7 (17.0.8+7) (build 17.0.8+7)
# Java VM: OpenJDK 64-Bit Server VM Temurin-17.0.8+7 (17.0.8+7, mixed mode, tiered, compressed oops, compressed class ptrs, g1 gc, windows-amd64)
GC Precious Log:
 CPUs: 4 total, 4 available
 Memory: 8065M
 Large Page Support: Disabled
 NUMA Support: Disabled
 Compressed Oops: Enabled (32-bit)
 Heap Region Size: 1M
 Heap Min Capacity: 8M
 Heap Initial Capacity: 128M
 Heap Max Capacity: 2018M
 Pre-touch: Disabled
 Parallel Workers: 4
 Concurrent Workers: 1
 Concurrent Refinement Workers: 4
 Periodic GC: Disabled
Heap:
 garbage-first heap   total 161792K, used 55663K [0x0000000081e00000, 0x0000000100000000)
  region size 1024K, 4 young (4096K), 2 survivors (2048K)
 Metaspace       used 32242K, committed 32512K, reserved 1114112K
  class space    used 3967K, committed 4096K, reserved 1048576K
GC Heap History (20 events):
Event: 11.265 GC heap before
{Heap before GC invocations=9 (full 0):
 garbage-first heap   total 71680K, used 33336K [0x0000000081e00000, 0x0000000100000000)
  region size 1024K, 2 young (2048K), 1 survivors (1024K)
 Metaspace       used 31733K, committed 32000K, reserved 1114112K
  class space    used 3952K, committed 4096K, reserved 1048576K
}
Event: 11.268 GC heap after
{Heap after GC invocations=10 (full 0):
 garbage-first heap   total 71680K, used 31277K [0x0000000081e00000, 0x0000000100000000)
  region size 1024K, 1 young (1024K), 1 survivors (1024K)
 Metaspace       used 31733K, committed 32000K, reserved 1114112K
  class space    used 3952K, committed 4096K, reserved 1048576K
}
Event: 11.269 GC heap before
{Heap before GC invocations=10 (full 0):
 garbage-first heap   total 71680K, used 33325K [0x0000000081e00000, 0x0000000100000000)
  region size 1024K, 2 young (2048K), 1 survivors (1024K)
 Metaspace       used 31733K, committed 32000K, reserved 1114112K
  class space    used 3952K, committed 4096K, reserved 1048576K
}
Event: 11.273 GC heap after
{Heap after GC invocations=11 (full 0):
 garbage-first heap   total 161792K, used 31258K [0x0000000081e00000, 0x0000000100000000)
  region size 1024K, 1 young (1024K), 1 survivors (1024K)
 Metaspace       used 31733K, committed 32000K, reserved 1114112K
  class space    used 3952K, committed 4096K, reserved 1048576K
}
Event: 12.206 GC heap before
{Heap before GC invocations=11 (full 0):
 garbage-first heap   total 161792K, used 73242K [0x0000000081e00000, 0x0000000100000000)
  region size 1024K, 3 young (3072K), 1 survivors (1024K)
 Metaspace       used 31771K, committed 32064K, reserved 1114112K
  class space    used 3952K, committed 4096K, reserved 1048576K
}
Event: 12.209 GC heap after
{Heap after GC invocations=12 (full 0):
 garbage-first heap   total 161792K, used 51760K [0x0000000081e00000, 0x0000000100000000)
  region size 1024K, 1 young (1024K), 1 survivors (1024K)
 Metaspace       used 31771K, committed 32064K, reserved 1114112K
  class space    used 3952K, committed 4096K, reserved 1048576K
}
Event: 12.717 GC heap before
{Heap before GC invocations=12 (full 0):
 garbage-first heap   total 161792K, used 73264K [0x0000000081e00000, 0x0000000100000000)
  region size 1024K, 3 young (3072K), 1 survivors (1024K)
 Metaspace       used 31799K, committed 32064K, reserved 1114112K
  class space    used 3952K, committed 4096K, reserved 1048576K
}
Event: 12.720 GC heap after
{Heap after GC invocations=13 (full 0):
 garbage-first heap   total 161792K, used 41550K [0x0000000081e00000, 0x0000000100000000)
  region size 1024K, 1 young (1024K), 1 survivors (1024K)
 Metaspace       used 31799K, committed 32064K, reserved 1114112K
  class space    used 3952K, committed 4096K, reserved 1048576K
}
Event: 13.529 GC heap before
{Heap before GC invocations=13 (full 0):
 garbage-first heap   total 161792K, used 80462K [0x0000000081e00000, 0x0000000100000000)
  region size 1024K, 11 young (11264K), 1 survivors (1024K)
 Metaspace       used 31941K, committed 32256K, reserved 1114112K
  class space    used 3959K, committed 4096K, reserved 1048576K
}
Event: 13.531 GC heap after
{Heap after GC invocations=14 (full 0):
 garbage-first heap   total 161792K, used 46363K [0x0000000081e00000, 0x0000000100000000)
  region size 1024K, 2 young (2048K), 2 survivors (2048K)
 Metaspace       used 31941K, committed 32256K, reserved 1114112K
  class space    used 3959K, committed 4096K, reserved 1048576K
}
Event: 14.109 GC heap before
{Heap before GC invocations=14 (full 0):
 garbage-first heap   total 161792K, used 84251K [0x0000000081e00000, 0x0000000100000000)
  region size 1024K, 15 young (15360K), 2 survivors (2048K)
 Metaspace       used 32020K, committed 32320K, reserved 1114112K
  class space    used 3959K, committed 4096K, reserved 1048576K
}
Event: 14.111 GC heap after
{Heap after GC invocations=15 (full 0):
 garbage-first heap   total 161792K, used 44454K [0x0000000081e00000, 0x0000000100000000)
  region size 1024K, 2 young (2048K), 2 survivors (2048K)
 Metaspace       used 32020K, committed 32320K, reserved 1114112K
  class space    used 3959K, committed 4096K, reserved 1048576K
}
Event: 14.816 GC heap before
{Heap before GC invocations=15 (full 0):
 garbage-first heap   total 161792K, used 74150K [0x0000000081e00000, 0x0000000100000000)
  region size 1024K, 4 young (4096K), 2 survivors (2048K)
 Metaspace       used 32044K, committed 32320K, reserved 1114112K
  class space    used 3959K, committed 4096K, reserved 1048576K
}
Event: 14.818 GC heap after
{Heap after GC invocations=16 (full 0):
 garbage-first heap   total 161792K, used 46479K [0x0000000081e00000, 0x0000000100000000)
  region size 1024K, 2 young (2048K), 2 survivors (2048K)
 Metaspace       used 32044K, committed 32320K, reserved 1114112K
  class space    used 3959K, committed 4096K, reserved 1048576K
}
Event: 15.407 GC heap before
{Heap before GC invocations=16 (full 0):
 garbage-first heap   total 161792K, used 74127K [0x0000000081e00000, 0x0000000100000000)
  region size 1024K, 4 young (4096K), 2 survivors (2048K)
 Metaspace       used 32112K, committed 32384K, reserved 1114112K
  class space    used 3959K, committed 4096K, reserved 1048576K
}
Event: 15.410 GC heap after
{Heap after GC invocations=17 (full 0):
 garbage-first heap   total 161792K, used 46409K [0x0000000081e00000, 0x0000000100000000)
  region size 1024K, 2 young (2048K), 2 survivors (2048K)
 Metaspace       used 32112K, committed 32384K, reserved 1114112K
  class space    used 3959K, committed 4096K, reserved 1048576K
}
Event: 16.115 GC heap before
{Heap before GC invocations=17 (full 0):
 garbage-first heap   total 161792K, used 78153K [0x0000000081e00000, 0x0000000100000000)
  region size 1024K, 9 young (9216K), 2 survivors (2048K)
 Metaspace       used 32160K, committed 32448K, reserved 1114112K
  class space    used 3959K, committed 4096K, reserved 1048576K
}
Event: 16.118 GC heap after
{Heap after GC invocations=18 (full 0):
 garbage-first heap   total 161792K, used 46432K [0x0000000081e00000, 0x0000000100000000)
  region size 1024K, 2 young (2048K), 2 survivors (2048K)
 Metaspace       used 32160K, committed 32448K, reserved 1114112K
  class space    used 3959K, committed 4096K, reserved 1048576K
}
Event: 16.719 GC heap before
{Heap before GC invocations=18 (full 0):
 garbage-first heap   total 161792K, used 74080K [0x0000000081e00000, 0x0000000100000000)
  region size 1024K, 4 young (4096K), 2 survivors (2048K)
 Metaspace       used 32204K, committed 32512K, reserved 1114112K
  class space    used 3959K, committed 4096K, reserved 1048576K
}
Event: 16.722 GC heap after
{Heap after GC invocations=19 (full 0):
 garbage-first heap   total 161792K, used 48495K [0x0000000081e00000, 0x0000000100000000)
  region size 1024K, 2 young (2048K), 2 survivors (2048K)
 Metaspace       used 32204K, committed 32512K, reserved 1114112K
  class space    used 3959K, committed 4096K, reserved 1048576K
}

