# JRE version: OpenJDK Runtime Environment Temurin-17.0.8+7 (17.0.8+7) (build 17.0.8+7)
# Java VM: OpenJDK 64-Bit Server VM Temurin-17.0.8+7 (17.0.8+7, mixed mode, tiered, compressed oops, compressed class ptrs, g1 gc, windows-amd64)
GC Precious Log:
 CPUs: 4 total, 4 available
 Memory: 8065M
 Large Page Support: Disabled
 NUMA Support: Disabled
 Compressed Oops: Enabled (32-bit)
 Heap Region Size: 1M
 Heap Min Capacity: 8M
 Heap Initial Capacity: 128M
 Heap Max Capacity: 2018M
 Pre-touch: Disabled
 Parallel Workers: 4
 Concurrent Workers: 1
 Concurrent Refinement Workers: 4
 Periodic GC: Disabled
Heap:
 garbage-first heap   total 122880K, used 53742K [0x0000000081e00000, 0x0000000100000000)
  region size 1024K, 3 young (3072K), 1 survivors (1024K)
 Metaspace       used 37780K, committed 38080K, reserved 1114112K
  class space    used 4480K, committed 4608K, reserved 1048576K
GC Heap History (20 events):
Event: 34.801 GC heap before
{Heap before GC invocations=71 (full 0):
 garbage-first heap   total 122880K, used 55774K [0x0000000081e00000, 0x0000000100000000)
  region size 1024K, 3 young (3072K), 1 survivors (1024K)
 Metaspace       used 37686K, committed 37952K, reserved 1114112K
  class space    used 4473K, committed 4608K, reserved 1048576K
}
Event: 34.802 GC heap after
{Heap after GC invocations=72 (full 0):
 garbage-first heap   total 122880K, used 42460K [0x0000000081e00000, 0x0000000100000000)
  region size 1024K, 1 young (1024K), 1 survivors (1024K)
 Metaspace       used 37686K, committed 37952K, reserved 1114112K
  class space    used 4473K, committed 4608K, reserved 1048576K
}
Event: 35.081 GC heap before
{Heap before GC invocations=72 (full 0):
 garbage-first heap   total 122880K, used 55772K [0x0000000081e00000, 0x0000000100000000)
  region size 1024K, 3 young (3072K), 1 survivors (1024K)
 Metaspace       used 37688K, committed 37952K, reserved 1114112K
  class space    used 4473K, committed 4608K, reserved 1048576K
}
Event: 35.083 GC heap after
{Heap after GC invocations=73 (full 0):
 garbage-first heap   total 122880K, used 42464K [0x0000000081e00000, 0x0000000100000000)
  region size 1024K, 1 young (1024K), 1 survivors (1024K)
 Metaspace       used 37688K, committed 37952K, reserved 1114112K
  class space    used 4473K, committed 4608K, reserved 1048576K
}
Event: 35.386 GC heap before
{Heap before GC invocations=73 (full 0):
 garbage-first heap   total 122880K, used 55776K [0x0000000081e00000, 0x0000000100000000)
  region size 1024K, 3 young (3072K), 1 survivors (1024K)
 Metaspace       used 37688K, committed 37952K, reserved 1114112K
  class space    used 4473K, committed 4608K, reserved 1048576K
}
Event: 35.387 GC heap after
{Heap after GC invocations=74 (full 0):
 garbage-first heap   total 122880K, used 42469K [0x0000000081e00000, 0x0000000100000000)
  region size 1024K, 1 young (1024K), 1 survivors (1024K)
 Metaspace       used 37688K, committed 37952K, reserved 1114112K
  class space    used 4473K, committed 4608K, reserved 1048576K
}
Event: 35.692 GC heap before
{Heap before GC invocations=74 (full 0):
 garbage-first heap   total 122880K, used 55781K [0x0000000081e00000, 0x0000000100000000)
  region size 1024K, 3 young (3072K), 1 survivors (1024K)
 Metaspace       used 37690K, committed 37952K, reserved 1114112K
  class space    used 4473K, committed 4608K, reserved 1048576K
}
Event: 35.693 GC heap after
{Heap after GC invocations=75 (full 0):
 garbage-first heap   total 122880K, used 42469K [0x0000000081e00000, 0x0000000100000000)
  region size 1024K, 1 young (1024K), 1 survivors (1024K)
 Metaspace       used 37690K, committed 37952K, reserved 1114112K
  class space    used 4473K, committed 4608K, reserved 1048576K
}
Event: 35.996 GC heap before
{Heap before GC invocations=75 (full 0):
 garbage-first heap   total 122880K, used 55781K [0x0000000081e00000, 0x0000000100000000)
  region size 1024K, 3 young (3072K), 1 survivors (1024K)
 Metaspace       used 37693K, committed 37952K, reserved 1114112K
  class space    used 4473K, committed 4608K, reserved 1048576K
}
Event: 35.997 GC heap after
{Heap after GC invocations=76 (full 0):
 garbage-first heap   total 122880K, used 42471K [0x0000000081e00000, 0x0000000100000000)
  region size 1024K, 1 young (1024K), 1 survivors (1024K)
 Metaspace       used 37693K, committed 37952K, reserved 1114112K
  class space    used 4473K, committed 4608K, reserved 1048576K
}
Event: 36.283 GC heap before
{Heap before GC invocations=76 (full 0):
 garbage-first heap   total 122880K, used 55783K [0x0000000081e00000, 0x0000000100000000)
  region size 1024K, 3 young (3072K), 1 survivors (1024K)
 Metaspace       used 37708K, committed 37952K, reserved 1114112K
  class space    used 4473K, committed 4608K, reserved 1048576K
}
Event: 36.284 GC heap after
{Heap after GC invocations=77 (full 0):
 garbage-first heap   total 122880K, used 42473K [0x0000000081e00000, 0x0000000100000000)
  region size 1024K, 1 young (1024K), 1 survivors (1024K)
 Metaspace       used 37708K, committed 37952K, reserved 1114112K
  class space    used 4473K, committed 4608K, reserved 1048576K
}
Event: 36.585 GC heap before
{Heap before GC invocations=77 (full 0):
 garbage-first heap   total 122880K, used 55785K [0x0000000081e00000, 0x0000000100000000)
  region size 1024K, 3 young (3072K), 1 survivors (1024K)
 Metaspace       used 37738K, committed 37952K, reserved 1114112K
  class space    used 4473K, committed 4608K, reserved 1048576K
}
Event: 36.587 GC heap after
{Heap after GC invocations=78 (full 0):
 garbage-first heap   total 122880K, used 42471K [0x0000000081e00000, 0x0000000100000000)
  region size 1024K, 1 young (1024K), 1 survivors (1024K)
 Metaspace       used 37738K, committed 37952K, reserved 1114112K
  class space    used 4473K, committed 4608K, reserved 1048576K
}
Event: 36.892 GC heap before
{Heap before GC invocations=78 (full 0):
 garbage-first heap   total 122880K, used 55783K [0x0000000081e00000, 0x0000000100000000)
  region size 1024K, 3 young (3072K), 1 survivors (1024K)
 Metaspace       used 37738K, committed 38016K, reserved 1114112K
  class space    used 4473K, committed 4608K, reserved 1048576K
}
Event: 36.893 GC heap after
{Heap after GC invocations=79 (full 0):
 garbage-first heap   total 122880K, used 42473K [0x0000000081e00000, 0x0000000100000000)
  region size 1024K, 1 young (1024K), 1 survivors (1024K)
 Metaspace       used 37738K, committed 38016K, reserved 1114112K
  class space    used 4473K, committed 4608K, reserved 1048576K
}
Event: 37.197 GC heap before
{Heap before GC invocations=79 (full 0):
 garbage-first heap   total 122880K, used 55785K [0x0000000081e00000, 0x0000000100000000)
  region size 1024K, 3 young (3072K), 1 survivors (1024K)
 Metaspace       used 37738K, committed 38016K, reserved 1114112K
  class space    used 4473K, committed 4608K, reserved 1048576K
}
Event: 37.198 GC heap after
{Heap after GC invocations=80 (full 0):
 garbage-first heap   total 122880K, used 42476K [0x0000000081e00000, 0x0000000100000000)
  region size 1024K, 1 young (1024K), 1 survivors (1024K)
 Metaspace       used 37738K, committed 38016K, reserved 1114112K
  class space    used 4473K, committed 4608K, reserved 1048576K
}
Event: 37.482 GC heap before
{Heap before GC invocations=80 (full 0):
 garbage-first heap   total 122880K, used 55788K [0x0000000081e00000, 0x0000000100000000)
  region size 1024K, 3 young (3072K), 1 survivors (1024K)
 Metaspace       used 37738K, committed 38016K, reserved 1114112K
  class space    used 4473K, committed 4608K, reserved 1048576K
}
Event: 37.484 GC heap after
{Heap after GC invocations=81 (full 0):
 garbage-first heap   total 122880K, used 42478K [0x0000000081e00000, 0x0000000100000000)
  region size 1024K, 1 young (1024K), 1 survivors (1024K)
 Metaspace       used 37738K, committed 38016K, reserved 1114112K
  class space    used 4473K, committed 4608K, reserved 1048576K
}

