# JRE version: OpenJDK Runtime Environment Temurin-17.0.8+7 (17.0.8+7) (build 17.0.8+7)
# Java VM: OpenJDK 64-Bit Server VM Temurin-17.0.8+7 (17.0.8+7, mixed mode, tiered, compressed oops, compressed class ptrs, g1 gc, windows-amd64)
GC Precious Log:
 CPUs: 4 total, 4 available
 Memory: 8065M
 Large Page Support: Disabled
 NUMA Support: Disabled
 Compressed Oops: Enabled (32-bit)
 Heap Region Size: 1M
 Heap Min Capacity: 8M
 Heap Initial Capacity: 128M
 Heap Max Capacity: 2018M
 Pre-touch: Disabled
 Parallel Workers: 4
 Concurrent Workers: 1
 Concurrent Refinement Workers: 4
 Periodic GC: Disabled
Heap:
 garbage-first heap   total 164864K, used 52974K [0x0000000081e00000, 0x0000000100000000)
  region size 1024K, 3 young (3072K), 1 survivors (1024K)
 Metaspace       used 31906K, committed 32128K, reserved 1114112K
  class space    used 3951K, committed 4032K, reserved 1048576K
GC Heap History (20 events):
Event: 14.685 GC heap before
{Heap before GC invocations=17 (full 0):
 garbage-first heap   total 164864K, used 75460K [0x0000000081e00000, 0x0000000100000000)
  region size 1024K, 3 young (3072K), 1 survivors (1024K)
 Metaspace       used 31760K, committed 32000K, reserved 1114112K
  class space    used 3943K, committed 4032K, reserved 1048576K
}
Event: 14.687 GC heap after
{Heap after GC invocations=18 (full 0):
 garbage-first heap   total 164864K, used 43724K [0x0000000081e00000, 0x0000000100000000)
  region size 1024K, 1 young (1024K), 1 survivors (1024K)
 Metaspace       used 31760K, committed 32000K, reserved 1114112K
  class space    used 3943K, committed 4032K, reserved 1048576K
}
Event: 15.479 GC heap before
{Heap before GC invocations=18 (full 0):
 garbage-first heap   total 164864K, used 75468K [0x0000000081e00000, 0x0000000100000000)
  region size 1024K, 3 young (3072K), 1 survivors (1024K)
 Metaspace       used 31770K, committed 32000K, reserved 1114112K
  class space    used 3943K, committed 4032K, reserved 1048576K
}
Event: 15.481 GC heap after
{Heap after GC invocations=19 (full 0):
 garbage-first heap   total 164864K, used 43704K [0x0000000081e00000, 0x0000000100000000)
  region size 1024K, 1 young (1024K), 1 survivors (1024K)
 Metaspace       used 31770K, committed 32000K, reserved 1114112K
  class space    used 3943K, committed 4032K, reserved 1048576K
}
Event: 16.186 GC heap before
{Heap before GC invocations=19 (full 0):
 garbage-first heap   total 164864K, used 75448K [0x0000000081e00000, 0x0000000100000000)
  region size 1024K, 3 young (3072K), 1 survivors (1024K)
 Metaspace       used 31821K, committed 32064K, reserved 1114112K
  class space    used 3943K, committed 4032K, reserved 1048576K
}
Event: 16.188 GC heap after
{Heap after GC invocations=20 (full 0):
 garbage-first heap   total 164864K, used 43728K [0x0000000081e00000, 0x0000000100000000)
  region size 1024K, 1 young (1024K), 1 survivors (1024K)
 Metaspace       used 31821K, committed 32064K, reserved 1114112K
  class space    used 3943K, committed 4032K, reserved 1048576K
}
Event: 16.986 GC heap before
{Heap before GC invocations=20 (full 0):
 garbage-first heap   total 164864K, used 75472K [0x0000000081e00000, 0x0000000100000000)
  region size 1024K, 3 young (3072K), 1 survivors (1024K)
 Metaspace       used 31835K, committed 32064K, reserved 1114112K
  class space    used 3943K, committed 4032K, reserved 1048576K
}
Event: 16.988 GC heap after
{Heap after GC invocations=21 (full 0):
 garbage-first heap   total 164864K, used 43731K [0x0000000081e00000, 0x0000000100000000)
  region size 1024K, 1 young (1024K), 1 survivors (1024K)
 Metaspace       used 31835K, committed 32064K, reserved 1114112K
  class space    used 3943K, committed 4032K, reserved 1048576K
}
Event: 17.695 GC heap before
{Heap before GC invocations=21 (full 0):
 garbage-first heap   total 164864K, used 75475K [0x0000000081e00000, 0x0000000100000000)
  region size 1024K, 3 young (3072K), 1 survivors (1024K)
 Metaspace       used 31839K, committed 32064K, reserved 1114112K
  class space    used 3943K, committed 4032K, reserved 1048576K
}
Event: 17.697 GC heap after
{Heap after GC invocations=22 (full 0):
 garbage-first heap   total 164864K, used 43736K [0x0000000081e00000, 0x0000000100000000)
  region size 1024K, 1 young (1024K), 1 survivors (1024K)
 Metaspace       used 31839K, committed 32064K, reserved 1114112K
  class space    used 3943K, committed 4032K, reserved 1048576K
}
Event: 18.490 GC heap before
{Heap before GC invocations=22 (full 0):
 garbage-first heap   total 164864K, used 75480K [0x0000000081e00000, 0x0000000100000000)
  region size 1024K, 3 young (3072K), 1 survivors (1024K)
 Metaspace       used 31864K, committed 32128K, reserved 1114112K
  class space    used 3943K, committed 4032K, reserved 1048576K
}
Event: 18.492 GC heap after
{Heap after GC invocations=23 (full 0):
 garbage-first heap   total 164864K, used 43741K [0x0000000081e00000, 0x0000000100000000)
  region size 1024K, 1 young (1024K), 1 survivors (1024K)
 Metaspace       used 31864K, committed 32128K, reserved 1114112K
  class space    used 3943K, committed 4032K, reserved 1048576K
}
Event: 19.196 GC heap before
{Heap before GC invocations=23 (full 0):
 garbage-first heap   total 164864K, used 75485K [0x0000000081e00000, 0x0000000100000000)
  region size 1024K, 3 young (3072K), 1 survivors (1024K)
 Metaspace       used 31868K, committed 32128K, reserved 1114112K
  class space    used 3943K, committed 4032K, reserved 1048576K
}
Event: 19.198 GC heap after
{Heap after GC invocations=24 (full 0):
 garbage-first heap   total 164864K, used 43754K [0x0000000081e00000, 0x0000000100000000)
  region size 1024K, 1 young (1024K), 1 survivors (1024K)
 Metaspace       used 31868K, committed 32128K, reserved 1114112K
  class space    used 3943K, committed 4032K, reserved 1048576K
}
Event: 19.993 GC heap before
{Heap before GC invocations=24 (full 0):
 garbage-first heap   total 164864K, used 75498K [0x0000000081e00000, 0x0000000100000000)
  region size 1024K, 3 young (3072K), 1 survivors (1024K)
 Metaspace       used 31870K, committed 32128K, reserved 1114112K
  class space    used 3943K, committed 4032K, reserved 1048576K
}
Event: 19.994 GC heap after
{Heap after GC invocations=25 (full 0):
 garbage-first heap   total 164864K, used 43750K [0x0000000081e00000, 0x0000000100000000)
  region size 1024K, 1 young (1024K), 1 survivors (1024K)
 Metaspace       used 31870K, committed 32128K, reserved 1114112K
  class space    used 3943K, committed 4032K, reserved 1048576K
}
Event: 20.683 GC heap before
{Heap before GC invocations=25 (full 0):
 garbage-first heap   total 164864K, used 75494K [0x0000000081e00000, 0x0000000100000000)
  region size 1024K, 3 young (3072K), 1 survivors (1024K)
 Metaspace       used 31875K, committed 32128K, reserved 1114112K
  class space    used 3943K, committed 4032K, reserved 1048576K
}
Event: 20.685 GC heap after
{Heap after GC invocations=26 (full 0):
 garbage-first heap   total 164864K, used 43751K [0x0000000081e00000, 0x0000000100000000)
  region size 1024K, 1 young (1024K), 1 survivors (1024K)
 Metaspace       used 31875K, committed 32128K, reserved 1114112K
  class space    used 3943K, committed 4032K, reserved 1048576K
}
Event: 21.481 GC heap before
{Heap before GC invocations=26 (full 0):
 garbage-first heap   total 164864K, used 75495K [0x0000000081e00000, 0x0000000100000000)
  region size 1024K, 3 young (3072K), 1 survivors (1024K)
 Metaspace       used 31878K, committed 32128K, reserved 1114112K
  class space    used 3943K, committed 4032K, reserved 1048576K
}
Event: 21.482 GC heap after
{Heap after GC invocations=27 (full 0):
 garbage-first heap   total 164864K, used 43758K [0x0000000081e00000, 0x0000000100000000)
  region size 1024K, 1 young (1024K), 1 survivors (1024K)
 Metaspace       used 31878K, committed 32128K, reserved 1114112K
  class space    used 3943K, committed 4032K, reserved 1048576K
}

