# JRE version: OpenJDK Runtime Environment Temurin-17.0.8+7 (17.0.8+7) (build 17.0.8+7)
# Java VM: OpenJDK 64-Bit Server VM Temurin-17.0.8+7 (17.0.8+7, mixed mode, tiered, compressed oops, compressed class ptrs, g1 gc, windows-amd64)
GC Precious Log:
 CPUs: 4 total, 4 available
 Memory: 8065M
 Large Page Support: Disabled
 NUMA Support: Disabled
 Compressed Oops: Enabled (32-bit)
 Heap Region Size: 1M
 Heap Min Capacity: 8M
 Heap Initial Capacity: 128M
 Heap Max Capacity: 2018M
 Pre-touch: Disabled
 Parallel Workers: 4
 Concurrent Workers: 1
 Concurrent Refinement Workers: 4
 Periodic GC: Disabled
Heap:
 garbage-first heap   total 175104K, used 68742K [0x0000000081e00000, 0x0000000100000000)
  region size 1024K, 6 young (6144K), 2 survivors (2048K)
 Metaspace       used 32632K, committed 32896K, reserved 1114112K
  class space    used 3965K, committed 4096K, reserved 1048576K
GC Heap History (20 events):
Event: 16.822 GC heap before
{Heap before GC invocations=20 (full 0):
 garbage-first heap   total 175104K, used 78683K [0x0000000081e00000, 0x0000000100000000)
  region size 1024K, 4 young (4096K), 2 survivors (2048K)
 Metaspace       used 32317K, committed 32512K, reserved 1114112K
  class space    used 3949K, committed 4032K, reserved 1048576K
}
Event: 16.824 GC heap after
{Heap after GC invocations=21 (full 0):
 garbage-first heap   total 175104K, used 46884K [0x0000000081e00000, 0x0000000100000000)
  region size 1024K, 2 young (2048K), 2 survivors (2048K)
 Metaspace       used 32317K, committed 32512K, reserved 1114112K
  class space    used 3949K, committed 4032K, reserved 1048576K
}
Event: 17.519 GC heap before
{Heap before GC invocations=21 (full 0):
 garbage-first heap   total 175104K, used 78628K [0x0000000081e00000, 0x0000000100000000)
  region size 1024K, 4 young (4096K), 2 survivors (2048K)
 Metaspace       used 32336K, committed 32576K, reserved 1114112K
  class space    used 3949K, committed 4032K, reserved 1048576K
}
Event: 17.521 GC heap after
{Heap after GC invocations=22 (full 0):
 garbage-first heap   total 175104K, used 46961K [0x0000000081e00000, 0x0000000100000000)
  region size 1024K, 2 young (2048K), 2 survivors (2048K)
 Metaspace       used 32336K, committed 32576K, reserved 1114112K
  class space    used 3949K, committed 4032K, reserved 1048576K
}
Event: 18.240 GC heap before
{Heap before GC invocations=22 (full 0):
 garbage-first heap   total 175104K, used 96113K [0x0000000081e00000, 0x0000000100000000)
  region size 1024K, 24 young (24576K), 2 survivors (2048K)
 Metaspace       used 32416K, committed 32640K, reserved 1114112K
  class space    used 3954K, committed 4032K, reserved 1048576K
}
Event: 18.245 GC heap after
{Heap after GC invocations=23 (full 0):
 garbage-first heap   total 175104K, used 53267K [0x0000000081e00000, 0x0000000100000000)
  region size 1024K, 8 young (8192K), 8 survivors (8192K)
 Metaspace       used 32416K, committed 32640K, reserved 1114112K
  class space    used 3954K, committed 4032K, reserved 1048576K
}
Event: 18.857 GC heap before
{Heap before GC invocations=23 (full 0):
 garbage-first heap   total 175104K, used 95251K [0x0000000081e00000, 0x0000000100000000)
  region size 1024K, 20 young (20480K), 8 survivors (8192K)
 Metaspace       used 32527K, committed 32704K, reserved 1114112K
  class space    used 3957K, committed 4032K, reserved 1048576K
}
Event: 18.860 GC heap after
{Heap after GC invocations=24 (full 0):
 garbage-first heap   total 175104K, used 49174K [0x0000000081e00000, 0x0000000100000000)
  region size 1024K, 7 young (7168K), 7 survivors (7168K)
 Metaspace       used 32527K, committed 32704K, reserved 1114112K
  class space    used 3957K, committed 4032K, reserved 1048576K
}
Event: 19.641 GC heap before
{Heap before GC invocations=24 (full 0):
 garbage-first heap   total 175104K, used 86038K [0x0000000081e00000, 0x0000000100000000)
  region size 1024K, 10 young (10240K), 7 survivors (7168K)
 Metaspace       used 32558K, committed 32768K, reserved 1114112K
  class space    used 3957K, committed 4032K, reserved 1048576K
}
Event: 19.645 GC heap after
{Heap after GC invocations=25 (full 0):
 garbage-first heap   total 175104K, used 55535K [0x0000000081e00000, 0x0000000100000000)
  region size 1024K, 2 young (2048K), 2 survivors (2048K)
 Metaspace       used 32558K, committed 32768K, reserved 1114112K
  class space    used 3957K, committed 4032K, reserved 1048576K
}
Event: 20.235 GC heap before
{Heap before GC invocations=25 (full 0):
 garbage-first heap   total 175104K, used 79087K [0x0000000081e00000, 0x0000000100000000)
  region size 1024K, 4 young (4096K), 2 survivors (2048K)
 Metaspace       used 32558K, committed 32768K, reserved 1114112K
  class space    used 3957K, committed 4032K, reserved 1048576K
}
Event: 20.237 GC heap after
{Heap after GC invocations=26 (full 0):
 garbage-first heap   total 175104K, used 49391K [0x0000000081e00000, 0x0000000100000000)
  region size 1024K, 2 young (2048K), 2 survivors (2048K)
 Metaspace       used 32558K, committed 32768K, reserved 1114112K
  class space    used 3957K, committed 4032K, reserved 1048576K
}
Event: 20.938 GC heap before
{Heap before GC invocations=26 (full 0):
 garbage-first heap   total 175104K, used 80111K [0x0000000081e00000, 0x0000000100000000)
  region size 1024K, 5 young (5120K), 2 survivors (2048K)
 Metaspace       used 32562K, committed 32768K, reserved 1114112K
  class space    used 3957K, committed 4032K, reserved 1048576K
}
Event: 20.939 GC heap after
{Heap after GC invocations=27 (full 0):
 garbage-first heap   total 175104K, used 51317K [0x0000000081e00000, 0x0000000100000000)
  region size 1024K, 1 young (1024K), 1 survivors (1024K)
 Metaspace       used 32562K, committed 32768K, reserved 1114112K
  class space    used 3957K, committed 4032K, reserved 1048576K
}
Event: 21.542 GC heap before
{Heap before GC invocations=27 (full 0):
 garbage-first heap   total 175104K, used 79989K [0x0000000081e00000, 0x0000000100000000)
  region size 1024K, 4 young (4096K), 1 survivors (1024K)
 Metaspace       used 32581K, committed 32768K, reserved 1114112K
  class space    used 3957K, committed 4032K, reserved 1048576K
}
Event: 21.544 GC heap after
{Heap after GC invocations=28 (full 0):
 garbage-first heap   total 175104K, used 51333K [0x0000000081e00000, 0x0000000100000000)
  region size 1024K, 2 young (2048K), 2 survivors (2048K)
 Metaspace       used 32581K, committed 32768K, reserved 1114112K
  class space    used 3957K, committed 4032K, reserved 1048576K
}
Event: 22.244 GC heap before
{Heap before GC invocations=28 (full 0):
 garbage-first heap   total 175104K, used 80005K [0x0000000081e00000, 0x0000000100000000)
  region size 1024K, 5 young (5120K), 2 survivors (2048K)
 Metaspace       used 32583K, committed 32832K, reserved 1114112K
  class space    used 3957K, committed 4032K, reserved 1048576K
}
Event: 22.246 GC heap after
{Heap after GC invocations=29 (full 0):
 garbage-first heap   total 175104K, used 51323K [0x0000000081e00000, 0x0000000100000000)
  region size 1024K, 1 young (1024K), 1 survivors (1024K)
 Metaspace       used 32583K, committed 32832K, reserved 1114112K
  class space    used 3957K, committed 4032K, reserved 1048576K
}
Event: 22.840 GC heap before
{Heap before GC invocations=29 (full 0):
 garbage-first heap   total 175104K, used 78971K [0x0000000081e00000, 0x0000000100000000)
  region size 1024K, 3 young (3072K), 1 survivors (1024K)
 Metaspace       used 32603K, committed 32832K, reserved 1114112K
  class space    used 3957K, committed 4032K, reserved 1048576K
}
Event: 22.841 GC heap after
{Heap after GC invocations=30 (full 0):
 garbage-first heap   total 175104K, used 51334K [0x0000000081e00000, 0x0000000100000000)
  region size 1024K, 2 young (2048K), 2 survivors (2048K)
 Metaspace       used 32603K, committed 32832K, reserved 1114112K
  class space    used 3957K, committed 4032K, reserved 1048576K
}

