# JRE version: OpenJDK Runtime Environment Temurin-17.0.8+7 (17.0.8+7) (build 17.0.8+7)
# Java VM: OpenJDK 64-Bit Server VM Temurin-17.0.8+7 (17.0.8+7, mixed mode, tiered, compressed oops, compressed class ptrs, g1 gc, windows-amd64)
GC Precious Log:
 CPUs: 4 total, 4 available
 Memory: 8065M
 Large Page Support: Disabled
 NUMA Support: Disabled
 Compressed Oops: Enabled (32-bit)
 Heap Region Size: 1M
 Heap Min Capacity: 8M
 Heap Initial Capacity: 128M
 Heap Max Capacity: 2018M
 Pre-touch: Disabled
 Parallel Workers: 4
 Concurrent Workers: 1
 Concurrent Refinement Workers: 4
 Periodic GC: Disabled
Heap:
 garbage-first heap   total 157696K, used 63062K [0x0000000081e00000, 0x0000000100000000)
  region size 1024K, 4 young (4096K), 1 survivors (1024K)
 Metaspace       used 32025K, committed 32256K, reserved 1114112K
  class space    used 3948K, committed 4032K, reserved 1048576K
GC Heap History (20 events):
Event: 23.860 GC heap before
{Heap before GC invocations=30 (full 0):
 garbage-first heap   total 157696K, used 72243K [0x0000000081e00000, 0x0000000100000000)
  region size 1024K, 3 young (3072K), 1 survivors (1024K)
 Metaspace       used 31946K, committed 32192K, reserved 1114112K
  class space    used 3940K, committed 4032K, reserved 1048576K
}
Event: 23.861 GC heap after
{Heap after GC invocations=31 (full 0):
 garbage-first heap   total 157696K, used 46647K [0x0000000081e00000, 0x0000000100000000)
  region size 1024K, 1 young (1024K), 1 survivors (1024K)
 Metaspace       used 31946K, committed 32192K, reserved 1114112K
  class space    used 3940K, committed 4032K, reserved 1048576K
}
Event: 24.439 GC heap before
{Heap before GC invocations=31 (full 0):
 garbage-first heap   total 157696K, used 72247K [0x0000000081e00000, 0x0000000100000000)
  region size 1024K, 3 young (3072K), 1 survivors (1024K)
 Metaspace       used 31947K, committed 32192K, reserved 1114112K
  class space    used 3940K, committed 4032K, reserved 1048576K
}
Event: 24.440 GC heap after
{Heap after GC invocations=32 (full 0):
 garbage-first heap   total 157696K, used 46648K [0x0000000081e00000, 0x0000000100000000)
  region size 1024K, 1 young (1024K), 1 survivors (1024K)
 Metaspace       used 31947K, committed 32192K, reserved 1114112K
  class space    used 3940K, committed 4032K, reserved 1048576K
}
Event: 25.044 GC heap before
{Heap before GC invocations=32 (full 0):
 garbage-first heap   total 157696K, used 72248K [0x0000000081e00000, 0x0000000100000000)
  region size 1024K, 3 young (3072K), 1 survivors (1024K)
 Metaspace       used 31951K, committed 32192K, reserved 1114112K
  class space    used 3940K, committed 4032K, reserved 1048576K
}
Event: 25.045 GC heap after
{Heap after GC invocations=33 (full 0):
 garbage-first heap   total 157696K, used 46656K [0x0000000081e00000, 0x0000000100000000)
  region size 1024K, 1 young (1024K), 1 survivors (1024K)
 Metaspace       used 31951K, committed 32192K, reserved 1114112K
  class space    used 3940K, committed 4032K, reserved 1048576K
}
Event: 25.641 GC heap before
{Heap before GC invocations=33 (full 0):
 garbage-first heap   total 157696K, used 72256K [0x0000000081e00000, 0x0000000100000000)
  region size 1024K, 3 young (3072K), 1 survivors (1024K)
 Metaspace       used 31954K, committed 32192K, reserved 1114112K
  class space    used 3940K, committed 4032K, reserved 1048576K
}
Event: 25.642 GC heap after
{Heap after GC invocations=34 (full 0):
 garbage-first heap   total 157696K, used 46662K [0x0000000081e00000, 0x0000000100000000)
  region size 1024K, 1 young (1024K), 1 survivors (1024K)
 Metaspace       used 31954K, committed 32192K, reserved 1114112K
  class space    used 3940K, committed 4032K, reserved 1048576K
}
Event: 26.246 GC heap before
{Heap before GC invocations=34 (full 0):
 garbage-first heap   total 157696K, used 72262K [0x0000000081e00000, 0x0000000100000000)
  region size 1024K, 3 young (3072K), 1 survivors (1024K)
 Metaspace       used 31956K, committed 32192K, reserved 1114112K
  class space    used 3940K, committed 4032K, reserved 1048576K
}
Event: 26.247 GC heap after
{Heap after GC invocations=35 (full 0):
 garbage-first heap   total 157696K, used 46669K [0x0000000081e00000, 0x0000000100000000)
  region size 1024K, 1 young (1024K), 1 survivors (1024K)
 Metaspace       used 31956K, committed 32192K, reserved 1114112K
  class space    used 3940K, committed 4032K, reserved 1048576K
}
Event: 26.840 GC heap before
{Heap before GC invocations=35 (full 0):
 garbage-first heap   total 157696K, used 72269K [0x0000000081e00000, 0x0000000100000000)
  region size 1024K, 3 young (3072K), 1 survivors (1024K)
 Metaspace       used 31961K, committed 32192K, reserved 1114112K
  class space    used 3940K, committed 4032K, reserved 1048576K
}
Event: 26.842 GC heap after
{Heap after GC invocations=36 (full 0):
 garbage-first heap   total 157696K, used 46669K [0x0000000081e00000, 0x0000000100000000)
  region size 1024K, 1 young (1024K), 1 survivors (1024K)
 Metaspace       used 31961K, committed 32192K, reserved 1114112K
  class space    used 3940K, committed 4032K, reserved 1048576K
}
Event: 27.448 GC heap before
{Heap before GC invocations=36 (full 0):
 garbage-first heap   total 157696K, used 72269K [0x0000000081e00000, 0x0000000100000000)
  region size 1024K, 3 young (3072K), 1 survivors (1024K)
 Metaspace       used 31964K, committed 32192K, reserved 1114112K
  class space    used 3940K, committed 4032K, reserved 1048576K
}
Event: 27.449 GC heap after
{Heap after GC invocations=37 (full 0):
 garbage-first heap   total 157696K, used 46672K [0x0000000081e00000, 0x0000000100000000)
  region size 1024K, 1 young (1024K), 1 survivors (1024K)
 Metaspace       used 31964K, committed 32192K, reserved 1114112K
  class space    used 3940K, committed 4032K, reserved 1048576K
}
Event: 28.057 GC heap before
{Heap before GC invocations=37 (full 0):
 garbage-first heap   total 157696K, used 72272K [0x0000000081e00000, 0x0000000100000000)
  region size 1024K, 3 young (3072K), 1 survivors (1024K)
 Metaspace       used 31970K, committed 32192K, reserved 1114112K
  class space    used 3940K, committed 4032K, reserved 1048576K
}
Event: 28.058 GC heap after
{Heap after GC invocations=38 (full 0):
 garbage-first heap   total 157696K, used 46674K [0x0000000081e00000, 0x0000000100000000)
  region size 1024K, 1 young (1024K), 1 survivors (1024K)
 Metaspace       used 31970K, committed 32192K, reserved 1114112K
  class space    used 3940K, committed 4032K, reserved 1048576K
}
Event: 28.628 GC heap before
{Heap before GC invocations=38 (full 0):
 garbage-first heap   total 157696K, used 72274K [0x0000000081e00000, 0x0000000100000000)
  region size 1024K, 3 young (3072K), 1 survivors (1024K)
 Metaspace       used 31988K, committed 32192K, reserved 1114112K
  class space    used 3940K, committed 4032K, reserved 1048576K
}
Event: 28.630 GC heap after
{Heap after GC invocations=39 (full 0):
 garbage-first heap   total 157696K, used 46678K [0x0000000081e00000, 0x0000000100000000)
  region size 1024K, 1 young (1024K), 1 survivors (1024K)
 Metaspace       used 31988K, committed 32192K, reserved 1114112K
  class space    used 3940K, committed 4032K, reserved 1048576K
}
Event: 29.232 GC heap before
{Heap before GC invocations=39 (full 0):
 garbage-first heap   total 157696K, used 72278K [0x0000000081e00000, 0x0000000100000000)
  region size 1024K, 3 young (3072K), 1 survivors (1024K)
 Metaspace       used 31992K, committed 32192K, reserved 1114112K
  class space    used 3940K, committed 4032K, reserved 1048576K
}
Event: 29.234 GC heap after
{Heap after GC invocations=40 (full 0):
 garbage-first heap   total 157696K, used 46678K [0x0000000081e00000, 0x0000000100000000)
  region size 1024K, 1 young (1024K), 1 survivors (1024K)
 Metaspace       used 31992K, committed 32192K, reserved 1114112K
  class space    used 3940K, committed 4032K, reserved 1048576K
}

