# JRE version: OpenJDK Runtime Environment Temurin-17.0.8+7 (17.0.8+7) (build 17.0.8+7)
# Java VM: OpenJDK 64-Bit Server VM Temurin-17.0.8+7 (17.0.8+7, mixed mode, tiered, compressed oops, compressed class ptrs, g1 gc, windows-amd64)
GC Precious Log:
 CPUs: 4 total, 4 available
 Memory: 8065M
 Large Page Support: Disabled
 NUMA Support: Disabled
 Compressed Oops: Enabled (32-bit)
 Heap Region Size: 1M
 Heap Min Capacity: 8M
 Heap Initial Capacity: 128M
 Heap Max Capacity: 2018M
 Pre-touch: Disabled
 Parallel Workers: 4
 Concurrent Workers: 1
 Concurrent Refinement Workers: 4
 Periodic GC: Disabled
Heap:
 garbage-first heap   total 171008K, used 77381K [0x0000000081e00000, 0x0000000100000000)
  region size 1024K, 4 young (4096K), 1 survivors (1024K)
 Metaspace       used 38492K, committed 38784K, reserved 1114112K
  class space    used 4508K, committed 4672K, reserved 1048576K
GC Heap History (20 events):
Event: 111.264 GC heap before
{Heap before GC invocations=189 (full 0):
 garbage-first heap   total 171008K, used 76353K [0x0000000081e00000, 0x0000000100000000)
  region size 1024K, 3 young (3072K), 1 survivors (1024K)
 Metaspace       used 38460K, committed 38720K, reserved 1114112K
  class space    used 4501K, committed 4672K, reserved 1048576K
}
Event: 111.266 GC heap after
{Heap after GC invocations=190 (full 0):
 garbage-first heap   total 171008K, used 54851K [0x0000000081e00000, 0x0000000100000000)
  region size 1024K, 1 young (1024K), 1 survivors (1024K)
 Metaspace       used 38460K, committed 38720K, reserved 1114112K
  class space    used 4501K, committed 4672K, reserved 1048576K
}
Event: 111.760 GC heap before
{Heap before GC invocations=190 (full 0):
 garbage-first heap   total 171008K, used 76355K [0x0000000081e00000, 0x0000000100000000)
  region size 1024K, 3 young (3072K), 1 survivors (1024K)
 Metaspace       used 38460K, committed 38720K, reserved 1114112K
  class space    used 4501K, committed 4672K, reserved 1048576K
}
Event: 111.761 GC heap after
{Heap after GC invocations=191 (full 0):
 garbage-first heap   total 171008K, used 54851K [0x0000000081e00000, 0x0000000100000000)
  region size 1024K, 1 young (1024K), 1 survivors (1024K)
 Metaspace       used 38460K, committed 38720K, reserved 1114112K
  class space    used 4501K, committed 4672K, reserved 1048576K
}
Event: 112.256 GC heap before
{Heap before GC invocations=191 (full 0):
 garbage-first heap   total 171008K, used 76355K [0x0000000081e00000, 0x0000000100000000)
  region size 1024K, 3 young (3072K), 1 survivors (1024K)
 Metaspace       used 38460K, committed 38720K, reserved 1114112K
  class space    used 4501K, committed 4672K, reserved 1048576K
}
Event: 112.258 GC heap after
{Heap after GC invocations=192 (full 0):
 garbage-first heap   total 171008K, used 56897K [0x0000000081e00000, 0x0000000100000000)
  region size 1024K, 1 young (1024K), 1 survivors (1024K)
 Metaspace       used 38460K, committed 38720K, reserved 1114112K
  class space    used 4501K, committed 4672K, reserved 1048576K
}
Event: 112.658 GC heap before
{Heap before GC invocations=192 (full 0):
 garbage-first heap   total 171008K, used 76353K [0x0000000081e00000, 0x0000000100000000)
  region size 1024K, 3 young (3072K), 1 survivors (1024K)
 Metaspace       used 38460K, committed 38720K, reserved 1114112K
  class space    used 4501K, committed 4672K, reserved 1048576K
}
Event: 112.659 GC heap after
{Heap after GC invocations=193 (full 0):
 garbage-first heap   total 171008K, used 54849K [0x0000000081e00000, 0x0000000100000000)
  region size 1024K, 1 young (1024K), 1 survivors (1024K)
 Metaspace       used 38460K, committed 38720K, reserved 1114112K
  class space    used 4501K, committed 4672K, reserved 1048576K
}
Event: 113.182 GC heap before
{Heap before GC invocations=193 (full 0):
 garbage-first heap   total 171008K, used 76353K [0x0000000081e00000, 0x0000000100000000)
  region size 1024K, 3 young (3072K), 1 survivors (1024K)
 Metaspace       used 38460K, committed 38720K, reserved 1114112K
  class space    used 4501K, committed 4672K, reserved 1048576K
}
Event: 113.183 GC heap after
{Heap after GC invocations=194 (full 0):
 garbage-first heap   total 171008K, used 56895K [0x0000000081e00000, 0x0000000100000000)
  region size 1024K, 1 young (1024K), 1 survivors (1024K)
 Metaspace       used 38460K, committed 38720K, reserved 1114112K
  class space    used 4501K, committed 4672K, reserved 1048576K
}
Event: 113.664 GC heap before
{Heap before GC invocations=194 (full 0):
 garbage-first heap   total 171008K, used 76351K [0x0000000081e00000, 0x0000000100000000)
  region size 1024K, 3 young (3072K), 1 survivors (1024K)
 Metaspace       used 38460K, committed 38720K, reserved 1114112K
  class space    used 4501K, committed 4672K, reserved 1048576K
}
Event: 113.665 GC heap after
{Heap after GC invocations=195 (full 0):
 garbage-first heap   total 171008K, used 54853K [0x0000000081e00000, 0x0000000100000000)
  region size 1024K, 1 young (1024K), 1 survivors (1024K)
 Metaspace       used 38460K, committed 38720K, reserved 1114112K
  class space    used 4501K, committed 4672K, reserved 1048576K
}
Event: 114.158 GC heap before
{Heap before GC invocations=195 (full 0):
 garbage-first heap   total 171008K, used 76357K [0x0000000081e00000, 0x0000000100000000)
  region size 1024K, 3 young (3072K), 1 survivors (1024K)
 Metaspace       used 38460K, committed 38720K, reserved 1114112K
  class space    used 4501K, committed 4672K, reserved 1048576K
}
Event: 114.160 GC heap after
{Heap after GC invocations=196 (full 0):
 garbage-first heap   total 171008K, used 54851K [0x0000000081e00000, 0x0000000100000000)
  region size 1024K, 1 young (1024K), 1 survivors (1024K)
 Metaspace       used 38460K, committed 38720K, reserved 1114112K
  class space    used 4501K, committed 4672K, reserved 1048576K
}
Event: 114.656 GC heap before
{Heap before GC invocations=196 (full 0):
 garbage-first heap   total 171008K, used 76355K [0x0000000081e00000, 0x0000000100000000)
  region size 1024K, 3 young (3072K), 1 survivors (1024K)
 Metaspace       used 38460K, committed 38720K, reserved 1114112K
  class space    used 4501K, committed 4672K, reserved 1048576K
}
Event: 114.657 GC heap after
{Heap after GC invocations=197 (full 0):
 garbage-first heap   total 171008K, used 54855K [0x0000000081e00000, 0x0000000100000000)
  region size 1024K, 1 young (1024K), 1 survivors (1024K)
 Metaspace       used 38460K, committed 38720K, reserved 1114112K
  class space    used 4501K, committed 4672K, reserved 1048576K
}
Event: 115.166 GC heap before
{Heap before GC invocations=197 (full 0):
 garbage-first heap   total 171008K, used 76359K [0x0000000081e00000, 0x0000000100000000)
  region size 1024K, 3 young (3072K), 1 survivors (1024K)
 Metaspace       used 38460K, committed 38720K, reserved 1114112K
  class space    used 4501K, committed 4672K, reserved 1048576K
}
Event: 115.167 GC heap after
{Heap after GC invocations=198 (full 0):
 garbage-first heap   total 171008K, used 54853K [0x0000000081e00000, 0x0000000100000000)
  region size 1024K, 1 young (1024K), 1 survivors (1024K)
 Metaspace       used 38460K, committed 38720K, reserved 1114112K
  class space    used 4501K, committed 4672K, reserved 1048576K
}
Event: 115.663 GC heap before
{Heap before GC invocations=198 (full 0):
 garbage-first heap   total 171008K, used 76357K [0x0000000081e00000, 0x0000000100000000)
  region size 1024K, 3 young (3072K), 1 survivors (1024K)
 Metaspace       used 38460K, committed 38720K, reserved 1114112K
  class space    used 4501K, committed 4672K, reserved 1048576K
}
Event: 115.664 GC heap after
{Heap after GC invocations=199 (full 0):
 garbage-first heap   total 171008K, used 54853K [0x0000000081e00000, 0x0000000100000000)
  region size 1024K, 1 young (1024K), 1 survivors (1024K)
 Metaspace       used 38460K, committed 38720K, reserved 1114112K
  class space    used 4501K, committed 4672K, reserved 1048576K
}

