# JRE version: OpenJDK Runtime Environment Temurin-17.0.8+7 (17.0.8+7) (build 17.0.8+7)
# Java VM: OpenJDK 64-Bit Server VM Temurin-17.0.8+7 (17.0.8+7, mixed mode, tiered, compressed oops, compressed class ptrs, g1 gc, windows-amd64)
GC Precious Log:
 CPUs: 4 total, 4 available
 Memory: 8065M
 Large Page Support: Disabled
 NUMA Support: Disabled
 Compressed Oops: Enabled (32-bit)
 Heap Region Size: 1M
 Heap Min Capacity: 8M
 Heap Initial Capacity: 128M
 Heap Max Capacity: 2018M
 Pre-touch: Disabled
 Parallel Workers: 4
 Concurrent Workers: 1
 Concurrent Refinement Workers: 4
 Periodic GC: Disabled
Heap:
 garbage-first heap   total 159744K, used 50548K [0x0000000081e00000, 0x0000000100000000)
  region size 1024K, 3 young (3072K), 1 survivors (1024K)
 Metaspace       used 32229K, committed 32384K, reserved 1114112K
  class space    used 3956K, committed 4032K, reserved 1048576K
GC Heap History (20 events):
Event: 24.191 GC heap before
{Heap before GC invocations=30 (full 0):
 garbage-first heap   total 159744K, used 73026K [0x0000000081e00000, 0x0000000100000000)
  region size 1024K, 3 young (3072K), 1 survivors (1024K)
 Metaspace       used 32151K, committed 32384K, reserved 1114112K
  class space    used 3948K, committed 4032K, reserved 1048576K
}
Event: 24.192 GC heap after
{Heap after GC invocations=31 (full 0):
 garbage-first heap   total 159744K, used 43333K [0x0000000081e00000, 0x0000000100000000)
  region size 1024K, 1 young (1024K), 1 survivors (1024K)
 Metaspace       used 32151K, committed 32384K, reserved 1114112K
  class space    used 3948K, committed 4032K, reserved 1048576K
}
Event: 24.880 GC heap before
{Heap before GC invocations=31 (full 0):
 garbage-first heap   total 159744K, used 73029K [0x0000000081e00000, 0x0000000100000000)
  region size 1024K, 3 young (3072K), 1 survivors (1024K)
 Metaspace       used 32159K, committed 32384K, reserved 1114112K
  class space    used 3948K, committed 4032K, reserved 1048576K
}
Event: 24.881 GC heap after
{Heap after GC invocations=32 (full 0):
 garbage-first heap   total 159744K, used 43338K [0x0000000081e00000, 0x0000000100000000)
  region size 1024K, 1 young (1024K), 1 survivors (1024K)
 Metaspace       used 32159K, committed 32384K, reserved 1114112K
  class space    used 3948K, committed 4032K, reserved 1048576K
}
Event: 25.581 GC heap before
{Heap before GC invocations=32 (full 0):
 garbage-first heap   total 159744K, used 73034K [0x0000000081e00000, 0x0000000100000000)
  region size 1024K, 3 young (3072K), 1 survivors (1024K)
 Metaspace       used 32159K, committed 32384K, reserved 1114112K
  class space    used 3948K, committed 4032K, reserved 1048576K
}
Event: 25.582 GC heap after
{Heap after GC invocations=33 (full 0):
 garbage-first heap   total 159744K, used 43343K [0x0000000081e00000, 0x0000000100000000)
  region size 1024K, 1 young (1024K), 1 survivors (1024K)
 Metaspace       used 32159K, committed 32384K, reserved 1114112K
  class space    used 3948K, committed 4032K, reserved 1048576K
}
Event: 26.285 GC heap before
{Heap before GC invocations=33 (full 0):
 garbage-first heap   total 159744K, used 73039K [0x0000000081e00000, 0x0000000100000000)
  region size 1024K, 3 young (3072K), 1 survivors (1024K)
 Metaspace       used 32161K, committed 32384K, reserved 1114112K
  class space    used 3948K, committed 4032K, reserved 1048576K
}
Event: 26.286 GC heap after
{Heap after GC invocations=34 (full 0):
 garbage-first heap   total 159744K, used 43347K [0x0000000081e00000, 0x0000000100000000)
  region size 1024K, 1 young (1024K), 1 survivors (1024K)
 Metaspace       used 32161K, committed 32384K, reserved 1114112K
  class space    used 3948K, committed 4032K, reserved 1048576K
}
Event: 26.988 GC heap before
{Heap before GC invocations=34 (full 0):
 garbage-first heap   total 159744K, used 73043K [0x0000000081e00000, 0x0000000100000000)
  region size 1024K, 3 young (3072K), 1 survivors (1024K)
 Metaspace       used 32168K, committed 32384K, reserved 1114112K
  class space    used 3948K, committed 4032K, reserved 1048576K
}
Event: 26.989 GC heap after
{Heap after GC invocations=35 (full 0):
 garbage-first heap   total 159744K, used 43354K [0x0000000081e00000, 0x0000000100000000)
  region size 1024K, 1 young (1024K), 1 survivors (1024K)
 Metaspace       used 32168K, committed 32384K, reserved 1114112K
  class space    used 3948K, committed 4032K, reserved 1048576K
}
Event: 27.716 GC heap before
{Heap before GC invocations=35 (full 0):
 garbage-first heap   total 159744K, used 73050K [0x0000000081e00000, 0x0000000100000000)
  region size 1024K, 3 young (3072K), 1 survivors (1024K)
 Metaspace       used 32169K, committed 32384K, reserved 1114112K
  class space    used 3948K, committed 4032K, reserved 1048576K
}
Event: 27.717 GC heap after
{Heap after GC invocations=36 (full 0):
 garbage-first heap   total 159744K, used 43356K [0x0000000081e00000, 0x0000000100000000)
  region size 1024K, 1 young (1024K), 1 survivors (1024K)
 Metaspace       used 32169K, committed 32384K, reserved 1114112K
  class space    used 3948K, committed 4032K, reserved 1048576K
}
Event: 28.404 GC heap before
{Heap before GC invocations=36 (full 0):
 garbage-first heap   total 159744K, used 73052K [0x0000000081e00000, 0x0000000100000000)
  region size 1024K, 3 young (3072K), 1 survivors (1024K)
 Metaspace       used 32174K, committed 32384K, reserved 1114112K
  class space    used 3948K, committed 4032K, reserved 1048576K
}
Event: 28.405 GC heap after
{Heap after GC invocations=37 (full 0):
 garbage-first heap   total 159744K, used 43361K [0x0000000081e00000, 0x0000000100000000)
  region size 1024K, 1 young (1024K), 1 survivors (1024K)
 Metaspace       used 32174K, committed 32384K, reserved 1114112K
  class space    used 3948K, committed 4032K, reserved 1048576K
}
Event: 29.089 GC heap before
{Heap before GC invocations=37 (full 0):
 garbage-first heap   total 159744K, used 73057K [0x0000000081e00000, 0x0000000100000000)
  region size 1024K, 3 young (3072K), 1 survivors (1024K)
 Metaspace       used 32186K, committed 32384K, reserved 1114112K
  class space    used 3948K, committed 4032K, reserved 1048576K
}
Event: 29.090 GC heap after
{Heap after GC invocations=38 (full 0):
 garbage-first heap   total 159744K, used 43365K [0x0000000081e00000, 0x0000000100000000)
  region size 1024K, 1 young (1024K), 1 survivors (1024K)
 Metaspace       used 32186K, committed 32384K, reserved 1114112K
  class space    used 3948K, committed 4032K, reserved 1048576K
}
Event: 29.792 GC heap before
{Heap before GC invocations=38 (full 0):
 garbage-first heap   total 159744K, used 73061K [0x0000000081e00000, 0x0000000100000000)
  region size 1024K, 3 young (3072K), 1 survivors (1024K)
 Metaspace       used 32189K, committed 32384K, reserved 1114112K
  class space    used 3948K, committed 4032K, reserved 1048576K
}
Event: 29.793 GC heap after
{Heap after GC invocations=39 (full 0):
 garbage-first heap   total 159744K, used 43369K [0x0000000081e00000, 0x0000000100000000)
  region size 1024K, 1 young (1024K), 1 survivors (1024K)
 Metaspace       used 32189K, committed 32384K, reserved 1114112K
  class space    used 3948K, committed 4032K, reserved 1048576K
}
Event: 30.554 GC heap before
{Heap before GC invocations=39 (full 0):
 garbage-first heap   total 159744K, used 73065K [0x0000000081e00000, 0x0000000100000000)
  region size 1024K, 3 young (3072K), 1 survivors (1024K)
 Metaspace       used 32209K, committed 32384K, reserved 1114112K
  class space    used 3951K, committed 4032K, reserved 1048576K
}
Event: 30.555 GC heap after
{Heap after GC invocations=40 (full 0):
 garbage-first heap   total 159744K, used 45428K [0x0000000081e00000, 0x0000000100000000)
  region size 1024K, 1 young (1024K), 1 survivors (1024K)
 Metaspace       used 32209K, committed 32384K, reserved 1114112K
  class space    used 3951K, committed 4032K, reserved 1048576K
}

