# JRE version: OpenJDK Runtime Environment Temurin-17.0.8+7 (17.0.8+7) (build 17.0.8+7)
# Java VM: OpenJDK 64-Bit Server VM Temurin-17.0.8+7 (17.0.8+7, mixed mode, tiered, compressed oops, compressed class ptrs, g1 gc, windows-amd64)
GC Precious Log:
 CPUs: 4 total, 4 available
 Memory: 8065M
 Large Page Support: Disabled
 NUMA Support: Disabled
 Compressed Oops: Enabled (32-bit)
 Heap Region Size: 1M
 Heap Min Capacity: 8M
 Heap Initial Capacity: 128M
 Heap Max Capacity: 2018M
 Pre-touch: Disabled
 Parallel Workers: 4
 Concurrent Workers: 1
 Concurrent Refinement Workers: 4
 Periodic GC: Disabled
Heap:
 garbage-first heap   total 152576K, used 66446K [0x0000000081e00000, 0x0000000100000000)
  region size 1024K, 6 young (6144K), 1 survivors (1024K)
 Metaspace       used 31828K, committed 32064K, reserved 1114112K
  class space    used 3954K, committed 4032K, reserved 1048576K
GC Heap History (20 events):
Event: 10.930 GC heap before
{Heap before GC invocations=7 (full 0):
 garbage-first heap   total 71680K, used 47715K [0x0000000081e00000, 0x0000000100000000)
  region size 1024K, 18 young (18432K), 1 survivors (1024K)
 Metaspace       used 31330K, committed 31552K, reserved 1114112K
  class space    used 3939K, committed 4032K, reserved 1048576K
}
Event: 10.932 GC heap after
{Heap after GC invocations=8 (full 0):
 garbage-first heap   total 71680K, used 31581K [0x0000000081e00000, 0x0000000100000000)
  region size 1024K, 1 young (1024K), 1 survivors (1024K)
 Metaspace       used 31330K, committed 31552K, reserved 1114112K
  class space    used 3939K, committed 4032K, reserved 1048576K
}
Event: 10.934 GC heap before
{Heap before GC invocations=8 (full 0):
 garbage-first heap   total 71680K, used 33629K [0x0000000081e00000, 0x0000000100000000)
  region size 1024K, 2 young (2048K), 1 survivors (1024K)
 Metaspace       used 31331K, committed 31552K, reserved 1114112K
  class space    used 3939K, committed 4032K, reserved 1048576K
}
Event: 10.935 GC heap after
{Heap after GC invocations=9 (full 0):
 garbage-first heap   total 71680K, used 31602K [0x0000000081e00000, 0x0000000100000000)
  region size 1024K, 1 young (1024K), 1 survivors (1024K)
 Metaspace       used 31331K, committed 31552K, reserved 1114112K
  class space    used 3939K, committed 4032K, reserved 1048576K
}
Event: 11.014 GC heap before
{Heap before GC invocations=9 (full 0):
 garbage-first heap   total 71680K, used 33650K [0x0000000081e00000, 0x0000000100000000)
  region size 1024K, 2 young (2048K), 1 survivors (1024K)
 Metaspace       used 31351K, committed 31552K, reserved 1114112K
  class space    used 3939K, committed 4032K, reserved 1048576K
}
Event: 11.016 GC heap after
{Heap after GC invocations=10 (full 0):
 garbage-first heap   total 71680K, used 31597K [0x0000000081e00000, 0x0000000100000000)
  region size 1024K, 1 young (1024K), 1 survivors (1024K)
 Metaspace       used 31351K, committed 31552K, reserved 1114112K
  class space    used 3939K, committed 4032K, reserved 1048576K
}
Event: 11.017 GC heap before
{Heap before GC invocations=10 (full 0):
 garbage-first heap   total 71680K, used 33645K [0x0000000081e00000, 0x0000000100000000)
  region size 1024K, 2 young (2048K), 1 survivors (1024K)
 Metaspace       used 31351K, committed 31552K, reserved 1114112K
  class space    used 3939K, committed 4032K, reserved 1048576K
}
Event: 11.020 GC heap after
{Heap after GC invocations=11 (full 0):
 garbage-first heap   total 152576K, used 31570K [0x0000000081e00000, 0x0000000100000000)
  region size 1024K, 1 young (1024K), 1 survivors (1024K)
 Metaspace       used 31351K, committed 31552K, reserved 1114112K
  class space    used 3939K, committed 4032K, reserved 1048576K
}
Event: 11.833 GC heap before
{Heap before GC invocations=11 (full 0):
 garbage-first heap   total 152576K, used 69458K [0x0000000081e00000, 0x0000000100000000)
  region size 1024K, 3 young (3072K), 1 survivors (1024K)
 Metaspace       used 31458K, committed 31680K, reserved 1114112K
  class space    used 3939K, committed 4032K, reserved 1048576K
}
Event: 11.835 GC heap after
{Heap after GC invocations=12 (full 0):
 garbage-first heap   total 152576K, used 50061K [0x0000000081e00000, 0x0000000100000000)
  region size 1024K, 1 young (1024K), 1 survivors (1024K)
 Metaspace       used 31458K, committed 31680K, reserved 1114112K
  class space    used 3939K, committed 4032K, reserved 1048576K
}
Event: 12.329 GC heap before
{Heap before GC invocations=12 (full 0):
 garbage-first heap   total 152576K, used 69517K [0x0000000081e00000, 0x0000000100000000)
  region size 1024K, 3 young (3072K), 1 survivors (1024K)
 Metaspace       used 31514K, committed 31744K, reserved 1114112K
  class space    used 3944K, committed 4032K, reserved 1048576K
}
Event: 12.331 GC heap after
{Heap after GC invocations=13 (full 0):
 garbage-first heap   total 152576K, used 39814K [0x0000000081e00000, 0x0000000100000000)
  region size 1024K, 1 young (1024K), 1 survivors (1024K)
 Metaspace       used 31514K, committed 31744K, reserved 1114112K
  class space    used 3944K, committed 4032K, reserved 1048576K
}
Event: 13.029 GC heap before
{Heap before GC invocations=13 (full 0):
 garbage-first heap   total 152576K, used 69510K [0x0000000081e00000, 0x0000000100000000)
  region size 1024K, 3 young (3072K), 1 survivors (1024K)
 Metaspace       used 31548K, committed 31744K, reserved 1114112K
  class space    used 3944K, committed 4032K, reserved 1048576K
}
Event: 13.031 GC heap after
{Heap after GC invocations=14 (full 0):
 garbage-first heap   total 152576K, used 43902K [0x0000000081e00000, 0x0000000100000000)
  region size 1024K, 1 young (1024K), 1 survivors (1024K)
 Metaspace       used 31548K, committed 31744K, reserved 1114112K
  class space    used 3944K, committed 4032K, reserved 1048576K
}
Event: 13.653 GC heap before
{Heap before GC invocations=14 (full 0):
 garbage-first heap   total 152576K, used 69502K [0x0000000081e00000, 0x0000000100000000)
  region size 1024K, 3 young (3072K), 1 survivors (1024K)
 Metaspace       used 31669K, committed 31936K, reserved 1114112K
  class space    used 3946K, committed 4032K, reserved 1048576K
}
Event: 13.655 GC heap after
{Heap after GC invocations=15 (full 0):
 garbage-first heap   total 152576K, used 41882K [0x0000000081e00000, 0x0000000100000000)
  region size 1024K, 1 young (1024K), 1 survivors (1024K)
 Metaspace       used 31669K, committed 31936K, reserved 1114112K
  class space    used 3946K, committed 4032K, reserved 1048576K
}
Event: 14.247 GC heap before
{Heap before GC invocations=15 (full 0):
 garbage-first heap   total 152576K, used 69530K [0x0000000081e00000, 0x0000000100000000)
  region size 1024K, 3 young (3072K), 1 survivors (1024K)
 Metaspace       used 31757K, committed 32000K, reserved 1114112K
  class space    used 3946K, committed 4032K, reserved 1048576K
}
Event: 14.249 GC heap after
{Heap after GC invocations=16 (full 0):
 garbage-first heap   total 152576K, used 43934K [0x0000000081e00000, 0x0000000100000000)
  region size 1024K, 1 young (1024K), 1 survivors (1024K)
 Metaspace       used 31757K, committed 32000K, reserved 1114112K
  class space    used 3946K, committed 4032K, reserved 1048576K
}
Event: 14.840 GC heap before
{Heap before GC invocations=16 (full 0):
 garbage-first heap   total 152576K, used 69534K [0x0000000081e00000, 0x0000000100000000)
  region size 1024K, 3 young (3072K), 1 survivors (1024K)
 Metaspace       used 31787K, committed 32000K, reserved 1114112K
  class space    used 3946K, committed 4032K, reserved 1048576K
}
Event: 14.842 GC heap after
{Heap after GC invocations=17 (full 0):
 garbage-first heap   total 152576K, used 43918K [0x0000000081e00000, 0x0000000100000000)
  region size 1024K, 1 young (1024K), 1 survivors (1024K)
 Metaspace       used 31787K, committed 32000K, reserved 1114112K
  class space    used 3946K, committed 4032K, reserved 1048576K
}

