# JRE version: OpenJDK Runtime Environment Temurin-17.0.8+7 (17.0.8+7) (build 17.0.8+7)
# Java VM: OpenJDK 64-Bit Server VM Temurin-17.0.8+7 (17.0.8+7, mixed mode, tiered, compressed oops, compressed class ptrs, g1 gc, windows-amd64)
GC Precious Log:
 CPUs: 4 total, 4 available
 Memory: 8065M
 Large Page Support: Disabled
 NUMA Support: Disabled
 Compressed Oops: Enabled (32-bit)
 Heap Region Size: 1M
 Heap Min Capacity: 8M
 Heap Initial Capacity: 128M
 Heap Max Capacity: 2018M
 Pre-touch: Disabled
 Parallel Workers: 4
 Concurrent Workers: 1
 Concurrent Refinement Workers: 4
 Periodic GC: Disabled
Heap:
 garbage-first heap   total 160768K, used 62842K [0x0000000081e00000, 0x0000000100000000)
  region size 1024K, 4 young (4096K), 1 survivors (1024K)
 Metaspace       used 32741K, committed 33024K, reserved 1114112K
  class space    used 3966K, committed 4096K, reserved 1048576K
GC Heap History (20 events):
Event: 27.021 GC heap before
{Heap before GC invocations=49 (full 0):
 garbage-first heap   total 160768K, used 71014K [0x0000000081e00000, 0x0000000100000000)
  region size 1024K, 3 young (3072K), 1 survivors (1024K)
 Metaspace       used 32657K, committed 32832K, reserved 1114112K
  class space    used 3959K, committed 4032K, reserved 1048576K
}
Event: 27.023 GC heap after
{Heap after GC invocations=50 (full 0):
 garbage-first heap   total 160768K, used 53606K [0x0000000081e00000, 0x0000000100000000)
  region size 1024K, 1 young (1024K), 1 survivors (1024K)
 Metaspace       used 32657K, committed 32832K, reserved 1114112K
  class space    used 3959K, committed 4032K, reserved 1048576K
}
Event: 27.264 GC heap before
{Heap before GC invocations=50 (full 0):
 garbage-first heap   total 160768K, used 71014K [0x0000000081e00000, 0x0000000100000000)
  region size 1024K, 3 young (3072K), 1 survivors (1024K)
 Metaspace       used 32657K, committed 32832K, reserved 1114112K
  class space    used 3959K, committed 4032K, reserved 1048576K
}
Event: 27.265 GC heap after
{Heap after GC invocations=51 (full 0):
 garbage-first heap   total 160768K, used 47463K [0x0000000081e00000, 0x0000000100000000)
  region size 1024K, 1 young (1024K), 1 survivors (1024K)
 Metaspace       used 32657K, committed 32832K, reserved 1114112K
  class space    used 3959K, committed 4032K, reserved 1048576K
}
Event: 27.609 GC heap before
{Heap before GC invocations=51 (full 0):
 garbage-first heap   total 160768K, used 72039K [0x0000000081e00000, 0x0000000100000000)
  region size 1024K, 3 young (3072K), 1 survivors (1024K)
 Metaspace       used 32672K, committed 32896K, reserved 1114112K
  class space    used 3960K, committed 4032K, reserved 1048576K
}
Event: 27.610 GC heap after
{Heap after GC invocations=52 (full 0):
 garbage-first heap   total 160768K, used 52597K [0x0000000081e00000, 0x0000000100000000)
  region size 1024K, 1 young (1024K), 1 survivors (1024K)
 Metaspace       used 32672K, committed 32896K, reserved 1114112K
  class space    used 3960K, committed 4032K, reserved 1048576K
}
Event: 28.008 GC heap before
{Heap before GC invocations=52 (full 0):
 garbage-first heap   total 160768K, used 72053K [0x0000000081e00000, 0x0000000100000000)
  region size 1024K, 3 young (3072K), 1 survivors (1024K)
 Metaspace       used 32673K, committed 32896K, reserved 1114112K
  class space    used 3960K, committed 4032K, reserved 1048576K
}
Event: 28.010 GC heap after
{Heap after GC invocations=53 (full 0):
 garbage-first heap   total 160768K, used 52597K [0x0000000081e00000, 0x0000000100000000)
  region size 1024K, 1 young (1024K), 1 survivors (1024K)
 Metaspace       used 32673K, committed 32896K, reserved 1114112K
  class space    used 3960K, committed 4032K, reserved 1048576K
}
Event: 28.504 GC heap before
{Heap before GC invocations=53 (full 0):
 garbage-first heap   total 160768K, used 72053K [0x0000000081e00000, 0x0000000100000000)
  region size 1024K, 3 young (3072K), 1 survivors (1024K)
 Metaspace       used 32674K, committed 32896K, reserved 1114112K
  class space    used 3960K, committed 4032K, reserved 1048576K
}
Event: 28.505 GC heap after
{Heap after GC invocations=54 (full 0):
 garbage-first heap   total 160768K, used 52597K [0x0000000081e00000, 0x0000000100000000)
  region size 1024K, 1 young (1024K), 1 survivors (1024K)
 Metaspace       used 32674K, committed 32896K, reserved 1114112K
  class space    used 3960K, committed 4032K, reserved 1048576K
}
Event: 28.927 GC heap before
{Heap before GC invocations=54 (full 0):
 garbage-first heap   total 160768K, used 72053K [0x0000000081e00000, 0x0000000100000000)
  region size 1024K, 3 young (3072K), 1 survivors (1024K)
 Metaspace       used 32674K, committed 32896K, reserved 1114112K
  class space    used 3960K, committed 4032K, reserved 1048576K
}
Event: 28.929 GC heap after
{Heap after GC invocations=55 (full 0):
 garbage-first heap   total 160768K, used 52597K [0x0000000081e00000, 0x0000000100000000)
  region size 1024K, 1 young (1024K), 1 survivors (1024K)
 Metaspace       used 32674K, committed 32896K, reserved 1114112K
  class space    used 3960K, committed 4032K, reserved 1048576K
}
Event: 29.419 GC heap before
{Heap before GC invocations=55 (full 0):
 garbage-first heap   total 160768K, used 72053K [0x0000000081e00000, 0x0000000100000000)
  region size 1024K, 3 young (3072K), 1 survivors (1024K)
 Metaspace       used 32678K, committed 32896K, reserved 1114112K
  class space    used 3960K, committed 4032K, reserved 1048576K
}
Event: 29.420 GC heap after
{Heap after GC invocations=56 (full 0):
 garbage-first heap   total 160768K, used 52597K [0x0000000081e00000, 0x0000000100000000)
  region size 1024K, 1 young (1024K), 1 survivors (1024K)
 Metaspace       used 32678K, committed 32896K, reserved 1114112K
  class space    used 3960K, committed 4032K, reserved 1048576K
}
Event: 29.823 GC heap before
{Heap before GC invocations=56 (full 0):
 garbage-first heap   total 160768K, used 72053K [0x0000000081e00000, 0x0000000100000000)
  region size 1024K, 3 young (3072K), 1 survivors (1024K)
 Metaspace       used 32678K, committed 32896K, reserved 1114112K
  class space    used 3960K, committed 4032K, reserved 1048576K
}
Event: 29.825 GC heap after
{Heap after GC invocations=57 (full 0):
 garbage-first heap   total 160768K, used 52598K [0x0000000081e00000, 0x0000000100000000)
  region size 1024K, 1 young (1024K), 1 survivors (1024K)
 Metaspace       used 32678K, committed 32896K, reserved 1114112K
  class space    used 3960K, committed 4032K, reserved 1048576K
}
Event: 30.295 GC heap before
{Heap before GC invocations=57 (full 0):
 garbage-first heap   total 160768K, used 72054K [0x0000000081e00000, 0x0000000100000000)
  region size 1024K, 3 young (3072K), 1 survivors (1024K)
 Metaspace       used 32708K, committed 32896K, reserved 1114112K
  class space    used 3960K, committed 4032K, reserved 1048576K
}
Event: 30.296 GC heap after
{Heap after GC invocations=58 (full 0):
 garbage-first heap   total 160768K, used 52599K [0x0000000081e00000, 0x0000000100000000)
  region size 1024K, 1 young (1024K), 1 survivors (1024K)
 Metaspace       used 32708K, committed 32896K, reserved 1114112K
  class space    used 3960K, committed 4032K, reserved 1048576K
}
Event: 30.696 GC heap before
{Heap before GC invocations=58 (full 0):
 garbage-first heap   total 160768K, used 72055K [0x0000000081e00000, 0x0000000100000000)
  region size 1024K, 3 young (3072K), 1 survivors (1024K)
 Metaspace       used 32718K, committed 32960K, reserved 1114112K
  class space    used 3960K, committed 4032K, reserved 1048576K
}
Event: 30.697 GC heap after
{Heap after GC invocations=59 (full 0):
 garbage-first heap   total 160768K, used 54650K [0x0000000081e00000, 0x0000000100000000)
  region size 1024K, 1 young (1024K), 1 survivors (1024K)
 Metaspace       used 32718K, committed 32960K, reserved 1114112K
  class space    used 3960K, committed 4032K, reserved 1048576K
}

