# JRE version: OpenJDK Runtime Environment Temurin-17.0.8+7 (17.0.8+7) (build 17.0.8+7)
# Java VM: OpenJDK 64-Bit Server VM Temurin-17.0.8+7 (17.0.8+7, mixed mode, tiered, compressed oops, compressed class ptrs, g1 gc, windows-amd64)
GC Precious Log:
 CPUs: 4 total, 4 available
 Memory: 8065M
 Large Page Support: Disabled
 NUMA Support: Disabled
 Compressed Oops: Enabled (32-bit)
 Heap Region Size: 1M
 Heap Min Capacity: 8M
 Heap Initial Capacity: 128M
 Heap Max Capacity: 2018M
 Pre-touch: Disabled
 Parallel Workers: 4
 Concurrent Workers: 1
 Concurrent Refinement Workers: 4
 Periodic GC: Disabled
Heap:
 garbage-first heap   total 184320K, used 74335K [0x0000000081e00000, 0x0000000100000000)
  region size 1024K, 4 young (4096K), 1 survivors (1024K)
 Metaspace       used 38049K, committed 38272K, reserved 1114112K
  class space    used 4482K, committed 4608K, reserved 1048576K
GC Heap History (20 events):
Event: 57.971 GC heap before
{Heap before GC invocations=73 (full 0):
 garbage-first heap   total 184320K, used 82498K [0x0000000081e00000, 0x0000000100000000)
  region size 1024K, 4 young (4096K), 1 survivors (1024K)
 Metaspace       used 37958K, committed 38272K, reserved 1114112K
  class space    used 4474K, committed 4608K, reserved 1048576K
}
Event: 57.972 GC heap after
{Heap after GC invocations=74 (full 0):
 garbage-first heap   total 184320K, used 55881K [0x0000000081e00000, 0x0000000100000000)
  region size 1024K, 1 young (1024K), 1 survivors (1024K)
 Metaspace       used 37958K, committed 38272K, reserved 1114112K
  class space    used 4474K, committed 4608K, reserved 1048576K
}
Event: 58.590 GC heap before
{Heap before GC invocations=74 (full 0):
 garbage-first heap   total 184320K, used 81481K [0x0000000081e00000, 0x0000000100000000)
  region size 1024K, 3 young (3072K), 1 survivors (1024K)
 Metaspace       used 37958K, committed 38272K, reserved 1114112K
  class space    used 4474K, committed 4608K, reserved 1048576K
}
Event: 58.591 GC heap after
{Heap after GC invocations=75 (full 0):
 garbage-first heap   total 184320K, used 55883K [0x0000000081e00000, 0x0000000100000000)
  region size 1024K, 1 young (1024K), 1 survivors (1024K)
 Metaspace       used 37958K, committed 38272K, reserved 1114112K
  class space    used 4474K, committed 4608K, reserved 1048576K
}
Event: 59.139 GC heap before
{Heap before GC invocations=75 (full 0):
 garbage-first heap   total 184320K, used 82507K [0x0000000081e00000, 0x0000000100000000)
  region size 1024K, 4 young (4096K), 1 survivors (1024K)
 Metaspace       used 37963K, committed 38272K, reserved 1114112K
  class space    used 4474K, committed 4608K, reserved 1048576K
}
Event: 59.140 GC heap after
{Heap after GC invocations=76 (full 0):
 garbage-first heap   total 184320K, used 55888K [0x0000000081e00000, 0x0000000100000000)
  region size 1024K, 1 young (1024K), 1 survivors (1024K)
 Metaspace       used 37963K, committed 38272K, reserved 1114112K
  class space    used 4474K, committed 4608K, reserved 1048576K
}
Event: 59.744 GC heap before
{Heap before GC invocations=76 (full 0):
 garbage-first heap   total 184320K, used 81488K [0x0000000081e00000, 0x0000000100000000)
  region size 1024K, 3 young (3072K), 1 survivors (1024K)
 Metaspace       used 37963K, committed 38272K, reserved 1114112K
  class space    used 4474K, committed 4608K, reserved 1048576K
}
Event: 59.745 GC heap after
{Heap after GC invocations=77 (full 0):
 garbage-first heap   total 184320K, used 55887K [0x0000000081e00000, 0x0000000100000000)
  region size 1024K, 1 young (1024K), 1 survivors (1024K)
 Metaspace       used 37963K, committed 38272K, reserved 1114112K
  class space    used 4474K, committed 4608K, reserved 1048576K
}
Event: 60.328 GC heap before
{Heap before GC invocations=77 (full 0):
 garbage-first heap   total 184320K, used 81487K [0x0000000081e00000, 0x0000000100000000)
  region size 1024K, 3 young (3072K), 1 survivors (1024K)
 Metaspace       used 37963K, committed 38272K, reserved 1114112K
  class space    used 4474K, committed 4608K, reserved 1048576K
}
Event: 60.330 GC heap after
{Heap after GC invocations=78 (full 0):
 garbage-first heap   total 184320K, used 55888K [0x0000000081e00000, 0x0000000100000000)
  region size 1024K, 1 young (1024K), 1 survivors (1024K)
 Metaspace       used 37963K, committed 38272K, reserved 1114112K
  class space    used 4474K, committed 4608K, reserved 1048576K
}
Event: 60.963 GC heap before
{Heap before GC invocations=78 (full 0):
 garbage-first heap   total 184320K, used 81488K [0x0000000081e00000, 0x0000000100000000)
  region size 1024K, 3 young (3072K), 1 survivors (1024K)
 Metaspace       used 37963K, committed 38272K, reserved 1114112K
  class space    used 4474K, committed 4608K, reserved 1048576K
}
Event: 60.964 GC heap after
{Heap after GC invocations=79 (full 0):
 garbage-first heap   total 184320K, used 55892K [0x0000000081e00000, 0x0000000100000000)
  region size 1024K, 1 young (1024K), 1 survivors (1024K)
 Metaspace       used 37963K, committed 38272K, reserved 1114112K
  class space    used 4474K, committed 4608K, reserved 1048576K
}
Event: 61.583 GC heap before
{Heap before GC invocations=79 (full 0):
 garbage-first heap   total 184320K, used 81492K [0x0000000081e00000, 0x0000000100000000)
  region size 1024K, 3 young (3072K), 1 survivors (1024K)
 Metaspace       used 37963K, committed 38272K, reserved 1114112K
  class space    used 4474K, committed 4608K, reserved 1048576K
}
Event: 61.584 GC heap after
{Heap after GC invocations=80 (full 0):
 garbage-first heap   total 184320K, used 55896K [0x0000000081e00000, 0x0000000100000000)
  region size 1024K, 1 young (1024K), 1 survivors (1024K)
 Metaspace       used 37963K, committed 38272K, reserved 1114112K
  class space    used 4474K, committed 4608K, reserved 1048576K
}
Event: 62.135 GC heap before
{Heap before GC invocations=80 (full 0):
 garbage-first heap   total 184320K, used 81496K [0x0000000081e00000, 0x0000000100000000)
  region size 1024K, 3 young (3072K), 1 survivors (1024K)
 Metaspace       used 38013K, committed 38272K, reserved 1114112K
  class space    used 4474K, committed 4608K, reserved 1048576K
}
Event: 62.137 GC heap after
{Heap after GC invocations=81 (full 0):
 garbage-first heap   total 184320K, used 55901K [0x0000000081e00000, 0x0000000100000000)
  region size 1024K, 1 young (1024K), 1 survivors (1024K)
 Metaspace       used 38013K, committed 38272K, reserved 1114112K
  class space    used 4474K, committed 4608K, reserved 1048576K
}
Event: 62.808 GC heap before
{Heap before GC invocations=81 (full 0):
 garbage-first heap   total 184320K, used 81501K [0x0000000081e00000, 0x0000000100000000)
  region size 1024K, 3 young (3072K), 1 survivors (1024K)
 Metaspace       used 38014K, committed 38272K, reserved 1114112K
  class space    used 4474K, committed 4608K, reserved 1048576K
}
Event: 62.811 GC heap after
{Heap after GC invocations=82 (full 0):
 garbage-first heap   total 184320K, used 55902K [0x0000000081e00000, 0x0000000100000000)
  region size 1024K, 1 young (1024K), 1 survivors (1024K)
 Metaspace       used 38014K, committed 38272K, reserved 1114112K
  class space    used 4474K, committed 4608K, reserved 1048576K
}
Event: 63.371 GC heap before
{Heap before GC invocations=82 (full 0):
 garbage-first heap   total 184320K, used 81502K [0x0000000081e00000, 0x0000000100000000)
  region size 1024K, 3 young (3072K), 1 survivors (1024K)
 Metaspace       used 38014K, committed 38272K, reserved 1114112K
  class space    used 4474K, committed 4608K, reserved 1048576K
}
Event: 63.372 GC heap after
{Heap after GC invocations=83 (full 0):
 garbage-first heap   total 184320K, used 55903K [0x0000000081e00000, 0x0000000100000000)
  region size 1024K, 1 young (1024K), 1 survivors (1024K)
 Metaspace       used 38014K, committed 38272K, reserved 1114112K
  class space    used 4474K, committed 4608K, reserved 1048576K
}

