# JRE version: OpenJDK Runtime Environment Temurin-17.0.8+7 (17.0.8+7) (build 17.0.8+7)
# Java VM: OpenJDK 64-Bit Server VM Temurin-17.0.8+7 (17.0.8+7, mixed mode, tiered, compressed oops, compressed class ptrs, g1 gc, windows-amd64)
GC Precious Log:
 CPUs: 4 total, 4 available
 Memory: 8065M
 Large Page Support: Disabled
 NUMA Support: Disabled
 Compressed Oops: Enabled (32-bit)
 Heap Region Size: 1M
 Heap Min Capacity: 8M
 Heap Initial Capacity: 128M
 Heap Max Capacity: 2018M
 Pre-touch: Disabled
 Parallel Workers: 4
 Concurrent Workers: 1
 Concurrent Refinement Workers: 4
 Periodic GC: Disabled
Heap:
 garbage-first heap   total 166912K, used 54137K [0x0000000081e00000, 0x0000000100000000)
  region size 1024K, 3 young (3072K), 1 survivors (1024K)
 Metaspace       used 33434K, committed 33728K, reserved 1114112K
  class space    used 3997K, committed 4160K, reserved 1048576K
GC Heap History (20 events):
Event: 61.949 GC heap before
{Heap before GC invocations=79 (full 0):
 garbage-first heap   total 166912K, used 76608K [0x0000000081e00000, 0x0000000100000000)
  region size 1024K, 3 young (3072K), 1 survivors (1024K)
 Metaspace       used 33352K, committed 33600K, reserved 1114112K
  class space    used 3984K, committed 4096K, reserved 1048576K
}
Event: 61.951 GC heap after
{Heap after GC invocations=80 (full 0):
 garbage-first heap   total 166912K, used 48974K [0x0000000081e00000, 0x0000000100000000)
  region size 1024K, 1 young (1024K), 1 survivors (1024K)
 Metaspace       used 33352K, committed 33600K, reserved 1114112K
  class space    used 3984K, committed 4096K, reserved 1048576K
}
Event: 62.544 GC heap before
{Heap before GC invocations=80 (full 0):
 garbage-first heap   total 166912K, used 76622K [0x0000000081e00000, 0x0000000100000000)
  region size 1024K, 3 young (3072K), 1 survivors (1024K)
 Metaspace       used 33378K, committed 33664K, reserved 1114112K
  class space    used 3989K, committed 4160K, reserved 1048576K
}
Event: 62.546 GC heap after
{Heap after GC invocations=81 (full 0):
 garbage-first heap   total 166912K, used 48999K [0x0000000081e00000, 0x0000000100000000)
  region size 1024K, 1 young (1024K), 1 survivors (1024K)
 Metaspace       used 33378K, committed 33664K, reserved 1114112K
  class space    used 3989K, committed 4160K, reserved 1048576K
}
Event: 63.250 GC heap before
{Heap before GC invocations=81 (full 0):
 garbage-first heap   total 166912K, used 76647K [0x0000000081e00000, 0x0000000100000000)
  region size 1024K, 3 young (3072K), 1 survivors (1024K)
 Metaspace       used 33385K, committed 33664K, reserved 1114112K
  class space    used 3989K, committed 4160K, reserved 1048576K
}
Event: 63.251 GC heap after
{Heap after GC invocations=82 (full 0):
 garbage-first heap   total 166912K, used 49001K [0x0000000081e00000, 0x0000000100000000)
  region size 1024K, 1 young (1024K), 1 survivors (1024K)
 Metaspace       used 33385K, committed 33664K, reserved 1114112K
  class space    used 3989K, committed 4160K, reserved 1048576K
}
Event: 63.857 GC heap before
{Heap before GC invocations=82 (full 0):
 garbage-first heap   total 166912K, used 76649K [0x0000000081e00000, 0x0000000100000000)
  region size 1024K, 3 young (3072K), 1 survivors (1024K)
 Metaspace       used 33385K, committed 33664K, reserved 1114112K
  class space    used 3989K, committed 4160K, reserved 1048576K
}
Event: 63.859 GC heap after
{Heap after GC invocations=83 (full 0):
 garbage-first heap   total 166912K, used 49003K [0x0000000081e00000, 0x0000000100000000)
  region size 1024K, 1 young (1024K), 1 survivors (1024K)
 Metaspace       used 33385K, committed 33664K, reserved 1114112K
  class space    used 3989K, committed 4160K, reserved 1048576K
}
Event: 64.543 GC heap before
{Heap before GC invocations=83 (full 0):
 garbage-first heap   total 166912K, used 76651K [0x0000000081e00000, 0x0000000100000000)
  region size 1024K, 3 young (3072K), 1 survivors (1024K)
 Metaspace       used 33385K, committed 33664K, reserved 1114112K
  class space    used 3989K, committed 4160K, reserved 1048576K
}
Event: 64.545 GC heap after
{Heap after GC invocations=84 (full 0):
 garbage-first heap   total 166912K, used 48999K [0x0000000081e00000, 0x0000000100000000)
  region size 1024K, 1 young (1024K), 1 survivors (1024K)
 Metaspace       used 33385K, committed 33664K, reserved 1114112K
  class space    used 3989K, committed 4160K, reserved 1048576K
}
Event: 65.153 GC heap before
{Heap before GC invocations=84 (full 0):
 garbage-first heap   total 166912K, used 76647K [0x0000000081e00000, 0x0000000100000000)
  region size 1024K, 3 young (3072K), 1 survivors (1024K)
 Metaspace       used 33385K, committed 33664K, reserved 1114112K
  class space    used 3989K, committed 4160K, reserved 1048576K
}
Event: 65.154 GC heap after
{Heap after GC invocations=85 (full 0):
 garbage-first heap   total 166912K, used 49011K [0x0000000081e00000, 0x0000000100000000)
  region size 1024K, 1 young (1024K), 1 survivors (1024K)
 Metaspace       used 33385K, committed 33664K, reserved 1114112K
  class space    used 3989K, committed 4160K, reserved 1048576K
}
Event: 65.852 GC heap before
{Heap before GC invocations=85 (full 0):
 garbage-first heap   total 166912K, used 76659K [0x0000000081e00000, 0x0000000100000000)
  region size 1024K, 3 young (3072K), 1 survivors (1024K)
 Metaspace       used 33387K, committed 33664K, reserved 1114112K
  class space    used 3989K, committed 4160K, reserved 1048576K
}
Event: 65.854 GC heap after
{Heap after GC invocations=86 (full 0):
 garbage-first heap   total 166912K, used 49017K [0x0000000081e00000, 0x0000000100000000)
  region size 1024K, 1 young (1024K), 1 survivors (1024K)
 Metaspace       used 33387K, committed 33664K, reserved 1114112K
  class space    used 3989K, committed 4160K, reserved 1048576K
}
Event: 66.449 GC heap before
{Heap before GC invocations=86 (full 0):
 garbage-first heap   total 166912K, used 76665K [0x0000000081e00000, 0x0000000100000000)
  region size 1024K, 3 young (3072K), 1 survivors (1024K)
 Metaspace       used 33398K, committed 33728K, reserved 1114112K
  class space    used 3989K, committed 4160K, reserved 1048576K
}
Event: 66.451 GC heap after
{Heap after GC invocations=87 (full 0):
 garbage-first heap   total 166912K, used 49020K [0x0000000081e00000, 0x0000000100000000)
  region size 1024K, 1 young (1024K), 1 survivors (1024K)
 Metaspace       used 33398K, committed 33728K, reserved 1114112K
  class space    used 3989K, committed 4160K, reserved 1048576K
}
Event: 67.152 GC heap before
{Heap before GC invocations=87 (full 0):
 garbage-first heap   total 166912K, used 76668K [0x0000000081e00000, 0x0000000100000000)
  region size 1024K, 3 young (3072K), 1 survivors (1024K)
 Metaspace       used 33404K, committed 33728K, reserved 1114112K
  class space    used 3989K, committed 4160K, reserved 1048576K
}
Event: 67.154 GC heap after
{Heap after GC invocations=88 (full 0):
 garbage-first heap   total 166912K, used 49028K [0x0000000081e00000, 0x0000000100000000)
  region size 1024K, 1 young (1024K), 1 survivors (1024K)
 Metaspace       used 33404K, committed 33728K, reserved 1114112K
  class space    used 3989K, committed 4160K, reserved 1048576K
}
Event: 67.801 GC heap before
{Heap before GC invocations=88 (full 0):
 garbage-first heap   total 166912K, used 76676K [0x0000000081e00000, 0x0000000100000000)
  region size 1024K, 3 young (3072K), 1 survivors (1024K)
 Metaspace       used 33414K, committed 33728K, reserved 1114112K
  class space    used 3992K, committed 4160K, reserved 1048576K
}
Event: 67.803 GC heap after
{Heap after GC invocations=89 (full 0):
 garbage-first heap   total 166912K, used 51065K [0x0000000081e00000, 0x0000000100000000)
  region size 1024K, 1 young (1024K), 1 survivors (1024K)
 Metaspace       used 33414K, committed 33728K, reserved 1114112K
  class space    used 3992K, committed 4160K, reserved 1048576K
}

