# JRE version: OpenJDK Runtime Environment Temurin-17.0.8+7 (17.0.8+7) (build 17.0.8+7)
# Java VM: OpenJDK 64-Bit Server VM Temurin-17.0.8+7 (17.0.8+7, mixed mode, tiered, compressed oops, compressed class ptrs, g1 gc, windows-amd64)
GC Precious Log:
 CPUs: 4 total, 4 available
 Memory: 8065M
 Large Page Support: Disabled
 NUMA Support: Disabled
 Compressed Oops: Enabled (32-bit)
 Heap Region Size: 1M
 Heap Min Capacity: 8M
 Heap Initial Capacity: 128M
 Heap Max Capacity: 2018M
 Pre-touch: Disabled
 Parallel Workers: 4
 Concurrent Workers: 1
 Concurrent Refinement Workers: 4
 Periodic GC: Disabled
Heap:
 garbage-first heap   total 135168K, used 59848K [0x0000000081e00000, 0x0000000100000000)
  region size 1024K, 3 young (3072K), 1 survivors (1024K)
 Metaspace       used 32989K, committed 33344K, reserved 1114112K
  class space    used 3985K, committed 4160K, reserved 1048576K
GC Heap History (20 events):
Event: 56.810 GC heap before
{Heap before GC invocations=185 (full 0):
 garbage-first heap   total 135168K, used 61887K [0x0000000081e00000, 0x0000000100000000)
  region size 1024K, 3 young (3072K), 1 survivors (1024K)
 Metaspace       used 32955K, committed 33216K, reserved 1114112K
  class space    used 3977K, committed 4160K, reserved 1048576K
}
Event: 56.811 GC heap after
{Heap after GC invocations=186 (full 0):
 garbage-first heap   total 135168K, used 44481K [0x0000000081e00000, 0x0000000100000000)
  region size 1024K, 1 young (1024K), 1 survivors (1024K)
 Metaspace       used 32955K, committed 33216K, reserved 1114112K
  class space    used 3977K, committed 4160K, reserved 1048576K
}
Event: 57.054 GC heap before
{Heap before GC invocations=186 (full 0):
 garbage-first heap   total 135168K, used 61889K [0x0000000081e00000, 0x0000000100000000)
  region size 1024K, 3 young (3072K), 1 survivors (1024K)
 Metaspace       used 32960K, committed 33216K, reserved 1114112K
  class space    used 3977K, committed 4160K, reserved 1048576K
}
Event: 57.055 GC heap after
{Heap after GC invocations=187 (full 0):
 garbage-first heap   total 135168K, used 44481K [0x0000000081e00000, 0x0000000100000000)
  region size 1024K, 1 young (1024K), 1 survivors (1024K)
 Metaspace       used 32960K, committed 33216K, reserved 1114112K
  class space    used 3977K, committed 4160K, reserved 1048576K
}
Event: 57.270 GC heap before
{Heap before GC invocations=187 (full 0):
 garbage-first heap   total 135168K, used 61889K [0x0000000081e00000, 0x0000000100000000)
  region size 1024K, 3 young (3072K), 1 survivors (1024K)
 Metaspace       used 32960K, committed 33216K, reserved 1114112K
  class space    used 3977K, committed 4160K, reserved 1048576K
}
Event: 57.271 GC heap after
{Heap after GC invocations=188 (full 0):
 garbage-first heap   total 135168K, used 44486K [0x0000000081e00000, 0x0000000100000000)
  region size 1024K, 1 young (1024K), 1 survivors (1024K)
 Metaspace       used 32960K, committed 33216K, reserved 1114112K
  class space    used 3977K, committed 4160K, reserved 1048576K
}
Event: 57.528 GC heap before
{Heap before GC invocations=188 (full 0):
 garbage-first heap   total 135168K, used 61894K [0x0000000081e00000, 0x0000000100000000)
  region size 1024K, 3 young (3072K), 1 survivors (1024K)
 Metaspace       used 32960K, committed 33216K, reserved 1114112K
  class space    used 3977K, committed 4160K, reserved 1048576K
}
Event: 57.529 GC heap after
{Heap after GC invocations=189 (full 0):
 garbage-first heap   total 135168K, used 44484K [0x0000000081e00000, 0x0000000100000000)
  region size 1024K, 1 young (1024K), 1 survivors (1024K)
 Metaspace       used 32960K, committed 33216K, reserved 1114112K
  class space    used 3977K, committed 4160K, reserved 1048576K
}
Event: 57.769 GC heap before
{Heap before GC invocations=189 (full 0):
 garbage-first heap   total 135168K, used 61892K [0x0000000081e00000, 0x0000000100000000)
  region size 1024K, 3 young (3072K), 1 survivors (1024K)
 Metaspace       used 32960K, committed 33216K, reserved 1114112K
  class space    used 3977K, committed 4160K, reserved 1048576K
}
Event: 57.770 GC heap after
{Heap after GC invocations=190 (full 0):
 garbage-first heap   total 135168K, used 44486K [0x0000000081e00000, 0x0000000100000000)
  region size 1024K, 1 young (1024K), 1 survivors (1024K)
 Metaspace       used 32960K, committed 33216K, reserved 1114112K
  class space    used 3977K, committed 4160K, reserved 1048576K
}
Event: 58.007 GC heap before
{Heap before GC invocations=190 (full 0):
 garbage-first heap   total 135168K, used 61894K [0x0000000081e00000, 0x0000000100000000)
  region size 1024K, 3 young (3072K), 1 survivors (1024K)
 Metaspace       used 32960K, committed 33216K, reserved 1114112K
  class space    used 3977K, committed 4160K, reserved 1048576K
}
Event: 58.008 GC heap after
{Heap after GC invocations=191 (full 0):
 garbage-first heap   total 135168K, used 44490K [0x0000000081e00000, 0x0000000100000000)
  region size 1024K, 1 young (1024K), 1 survivors (1024K)
 Metaspace       used 32960K, committed 33216K, reserved 1114112K
  class space    used 3977K, committed 4160K, reserved 1048576K
}
Event: 58.249 GC heap before
{Heap before GC invocations=191 (full 0):
 garbage-first heap   total 135168K, used 61898K [0x0000000081e00000, 0x0000000100000000)
  region size 1024K, 3 young (3072K), 1 survivors (1024K)
 Metaspace       used 32960K, committed 33216K, reserved 1114112K
  class space    used 3977K, committed 4160K, reserved 1048576K
}
Event: 58.250 GC heap after
{Heap after GC invocations=192 (full 0):
 garbage-first heap   total 135168K, used 44488K [0x0000000081e00000, 0x0000000100000000)
  region size 1024K, 1 young (1024K), 1 survivors (1024K)
 Metaspace       used 32960K, committed 33216K, reserved 1114112K
  class space    used 3977K, committed 4160K, reserved 1048576K
}
Event: 58.489 GC heap before
{Heap before GC invocations=192 (full 0):
 garbage-first heap   total 135168K, used 61896K [0x0000000081e00000, 0x0000000100000000)
  region size 1024K, 3 young (3072K), 1 survivors (1024K)
 Metaspace       used 32960K, committed 33216K, reserved 1114112K
  class space    used 3977K, committed 4160K, reserved 1048576K
}
Event: 58.490 GC heap after
{Heap after GC invocations=193 (full 0):
 garbage-first heap   total 135168K, used 44488K [0x0000000081e00000, 0x0000000100000000)
  region size 1024K, 1 young (1024K), 1 survivors (1024K)
 Metaspace       used 32960K, committed 33216K, reserved 1114112K
  class space    used 3977K, committed 4160K, reserved 1048576K
}
Event: 58.730 GC heap before
{Heap before GC invocations=193 (full 0):
 garbage-first heap   total 135168K, used 61896K [0x0000000081e00000, 0x0000000100000000)
  region size 1024K, 3 young (3072K), 1 survivors (1024K)
 Metaspace       used 32960K, committed 33216K, reserved 1114112K
  class space    used 3977K, committed 4160K, reserved 1048576K
}
Event: 58.731 GC heap after
{Heap after GC invocations=194 (full 0):
 garbage-first heap   total 135168K, used 44488K [0x0000000081e00000, 0x0000000100000000)
  region size 1024K, 1 young (1024K), 1 survivors (1024K)
 Metaspace       used 32960K, committed 33216K, reserved 1114112K
  class space    used 3977K, committed 4160K, reserved 1048576K
}
Event: 58.969 GC heap before
{Heap before GC invocations=194 (full 0):
 garbage-first heap   total 135168K, used 61896K [0x0000000081e00000, 0x0000000100000000)
  region size 1024K, 3 young (3072K), 1 survivors (1024K)
 Metaspace       used 32960K, committed 33216K, reserved 1114112K
  class space    used 3977K, committed 4160K, reserved 1048576K
}
Event: 58.970 GC heap after
{Heap after GC invocations=195 (full 0):
 garbage-first heap   total 135168K, used 48584K [0x0000000081e00000, 0x0000000100000000)
  region size 1024K, 1 young (1024K), 1 survivors (1024K)
 Metaspace       used 32960K, committed 33216K, reserved 1114112K
  class space    used 3977K, committed 4160K, reserved 1048576K
}

