# JRE version: OpenJDK Runtime Environment Temurin-17.0.8+7 (17.0.8+7) (build 17.0.8+7)
# Java VM: OpenJDK 64-Bit Server VM Temurin-17.0.8+7 (17.0.8+7, mixed mode, tiered, compressed oops, compressed class ptrs, g1 gc, windows-amd64)
GC Precious Log:
 CPUs: 4 total, 4 available
 Memory: 8065M
 Large Page Support: Disabled
 NUMA Support: Disabled
 Compressed Oops: Enabled (32-bit)
 Heap Region Size: 1M
 Heap Min Capacity: 8M
 Heap Initial Capacity: 128M
 Heap Max Capacity: 2018M
 Pre-touch: Disabled
 Parallel Workers: 4
 Concurrent Workers: 1
 Concurrent Refinement Workers: 4
 Periodic GC: Disabled
Heap:
 garbage-first heap   total 152576K, used 61804K [0x0000000081e00000, 0x0000000100000000)
  region size 1024K, 4 young (4096K), 1 survivors (1024K)
 Metaspace       used 33280K, committed 33600K, reserved 1114112K
  class space    used 3987K, committed 4160K, reserved 1048576K
GC Heap History (20 events):
Event: 58.547 GC heap before
{Heap before GC invocations=96 (full 0):
 garbage-first heap   total 152576K, used 66899K [0x0000000081e00000, 0x0000000100000000)
  region size 1024K, 3 young (3072K), 1 survivors (1024K)
 Metaspace       used 33203K, committed 33408K, reserved 1114112K
  class space    used 3980K, committed 4096K, reserved 1048576K
}
Event: 58.548 GC heap after
{Heap after GC invocations=97 (full 0):
 garbage-first heap   total 152576K, used 43352K [0x0000000081e00000, 0x0000000100000000)
  region size 1024K, 1 young (1024K), 1 survivors (1024K)
 Metaspace       used 33203K, committed 33408K, reserved 1114112K
  class space    used 3980K, committed 4096K, reserved 1048576K
}
Event: 59.053 GC heap before
{Heap before GC invocations=97 (full 0):
 garbage-first heap   total 152576K, used 66904K [0x0000000081e00000, 0x0000000100000000)
  region size 1024K, 3 young (3072K), 1 survivors (1024K)
 Metaspace       used 33203K, committed 33408K, reserved 1114112K
  class space    used 3980K, committed 4096K, reserved 1048576K
}
Event: 59.054 GC heap after
{Heap after GC invocations=98 (full 0):
 garbage-first heap   total 152576K, used 45400K [0x0000000081e00000, 0x0000000100000000)
  region size 1024K, 1 young (1024K), 1 survivors (1024K)
 Metaspace       used 33203K, committed 33408K, reserved 1114112K
  class space    used 3980K, committed 4096K, reserved 1048576K
}
Event: 59.550 GC heap before
{Heap before GC invocations=98 (full 0):
 garbage-first heap   total 152576K, used 66904K [0x0000000081e00000, 0x0000000100000000)
  region size 1024K, 3 young (3072K), 1 survivors (1024K)
 Metaspace       used 33203K, committed 33408K, reserved 1114112K
  class space    used 3980K, committed 4096K, reserved 1048576K
}
Event: 59.551 GC heap after
{Heap after GC invocations=99 (full 0):
 garbage-first heap   total 152576K, used 45404K [0x0000000081e00000, 0x0000000100000000)
  region size 1024K, 1 young (1024K), 1 survivors (1024K)
 Metaspace       used 33203K, committed 33408K, reserved 1114112K
  class space    used 3980K, committed 4096K, reserved 1048576K
}
Event: 60.045 GC heap before
{Heap before GC invocations=99 (full 0):
 garbage-first heap   total 152576K, used 66908K [0x0000000081e00000, 0x0000000100000000)
  region size 1024K, 3 young (3072K), 1 survivors (1024K)
 Metaspace       used 33203K, committed 33408K, reserved 1114112K
  class space    used 3980K, committed 4096K, reserved 1048576K
}
Event: 60.047 GC heap after
{Heap after GC invocations=100 (full 0):
 garbage-first heap   total 152576K, used 45407K [0x0000000081e00000, 0x0000000100000000)
  region size 1024K, 1 young (1024K), 1 survivors (1024K)
 Metaspace       used 33203K, committed 33408K, reserved 1114112K
  class space    used 3980K, committed 4096K, reserved 1048576K
}
Event: 60.550 GC heap before
{Heap before GC invocations=100 (full 0):
 garbage-first heap   total 152576K, used 66911K [0x0000000081e00000, 0x0000000100000000)
  region size 1024K, 3 young (3072K), 1 survivors (1024K)
 Metaspace       used 33203K, committed 33408K, reserved 1114112K
  class space    used 3980K, committed 4096K, reserved 1048576K
}
Event: 60.551 GC heap after
{Heap after GC invocations=101 (full 0):
 garbage-first heap   total 152576K, used 45405K [0x0000000081e00000, 0x0000000100000000)
  region size 1024K, 1 young (1024K), 1 survivors (1024K)
 Metaspace       used 33203K, committed 33408K, reserved 1114112K
  class space    used 3980K, committed 4096K, reserved 1048576K
}
Event: 61.056 GC heap before
{Heap before GC invocations=101 (full 0):
 garbage-first heap   total 152576K, used 66909K [0x0000000081e00000, 0x0000000100000000)
  region size 1024K, 3 young (3072K), 1 survivors (1024K)
 Metaspace       used 33210K, committed 33472K, reserved 1114112K
  class space    used 3980K, committed 4096K, reserved 1048576K
}
Event: 61.057 GC heap after
{Heap after GC invocations=102 (full 0):
 garbage-first heap   total 152576K, used 45418K [0x0000000081e00000, 0x0000000100000000)
  region size 1024K, 1 young (1024K), 1 survivors (1024K)
 Metaspace       used 33210K, committed 33472K, reserved 1114112K
  class space    used 3980K, committed 4096K, reserved 1048576K
}
Event: 61.551 GC heap before
{Heap before GC invocations=102 (full 0):
 garbage-first heap   total 152576K, used 66922K [0x0000000081e00000, 0x0000000100000000)
  region size 1024K, 3 young (3072K), 1 survivors (1024K)
 Metaspace       used 33248K, committed 33472K, reserved 1114112K
  class space    used 3980K, committed 4096K, reserved 1048576K
}
Event: 61.553 GC heap after
{Heap after GC invocations=103 (full 0):
 garbage-first heap   total 152576K, used 45414K [0x0000000081e00000, 0x0000000100000000)
  region size 1024K, 1 young (1024K), 1 survivors (1024K)
 Metaspace       used 33248K, committed 33472K, reserved 1114112K
  class space    used 3980K, committed 4096K, reserved 1048576K
}
Event: 62.053 GC heap before
{Heap before GC invocations=103 (full 0):
 garbage-first heap   total 152576K, used 66918K [0x0000000081e00000, 0x0000000100000000)
  region size 1024K, 3 young (3072K), 1 survivors (1024K)
 Metaspace       used 33248K, committed 33472K, reserved 1114112K
  class space    used 3980K, committed 4096K, reserved 1048576K
}
Event: 62.054 GC heap after
{Heap after GC invocations=104 (full 0):
 garbage-first heap   total 152576K, used 45410K [0x0000000081e00000, 0x0000000100000000)
  region size 1024K, 1 young (1024K), 1 survivors (1024K)
 Metaspace       used 33248K, committed 33472K, reserved 1114112K
  class space    used 3980K, committed 4096K, reserved 1048576K
}
Event: 62.551 GC heap before
{Heap before GC invocations=104 (full 0):
 garbage-first heap   total 152576K, used 66914K [0x0000000081e00000, 0x0000000100000000)
  region size 1024K, 3 young (3072K), 1 survivors (1024K)
 Metaspace       used 33249K, committed 33472K, reserved 1114112K
  class space    used 3980K, committed 4096K, reserved 1048576K
}
Event: 62.553 GC heap after
{Heap after GC invocations=105 (full 0):
 garbage-first heap   total 152576K, used 45410K [0x0000000081e00000, 0x0000000100000000)
  region size 1024K, 1 young (1024K), 1 survivors (1024K)
 Metaspace       used 33249K, committed 33472K, reserved 1114112K
  class space    used 3980K, committed 4096K, reserved 1048576K
}
Event: 63.055 GC heap before
{Heap before GC invocations=105 (full 0):
 garbage-first heap   total 152576K, used 66914K [0x0000000081e00000, 0x0000000100000000)
  region size 1024K, 3 young (3072K), 1 survivors (1024K)
 Metaspace       used 33249K, committed 33472K, reserved 1114112K
  class space    used 3980K, committed 4096K, reserved 1048576K
}
Event: 63.056 GC heap after
{Heap after GC invocations=106 (full 0):
 garbage-first heap   total 152576K, used 45420K [0x0000000081e00000, 0x0000000100000000)
  region size 1024K, 1 young (1024K), 1 survivors (1024K)
 Metaspace       used 33249K, committed 33472K, reserved 1114112K
  class space    used 3980K, committed 4096K, reserved 1048576K
}

