# JRE version: OpenJDK Runtime Environment Temurin-17.0.8+7 (17.0.8+7) (build 17.0.8+7)
# Java VM: OpenJDK 64-Bit Server VM Temurin-17.0.8+7 (17.0.8+7, mixed mode, tiered, compressed oops, compressed class ptrs, g1 gc, windows-amd64)
GC Precious Log:
 CPUs: 4 total, 4 available
 Memory: 8065M
 Large Page Support: Disabled
 NUMA Support: Disabled
 Compressed Oops: Enabled (32-bit)
 Heap Region Size: 1M
 Heap Min Capacity: 8M
 Heap Initial Capacity: 128M
 Heap Max Capacity: 2018M
 Pre-touch: Disabled
 Parallel Workers: 4
 Concurrent Workers: 1
 Concurrent Refinement Workers: 4
 Periodic GC: Disabled
Heap:
 garbage-first heap   total 156672K, used 49048K [0x0000000081e00000, 0x0000000100000000)
  region size 1024K, 3 young (3072K), 1 survivors (1024K)
 Metaspace       used 32392K, committed 32576K, reserved 1114112K
  class space    used 3948K, committed 4032K, reserved 1048576K
GC Heap History (20 events):
Event: 23.906 GC heap before
{Heap before GC invocations=33 (full 0):
 garbage-first heap   total 156672K, used 72538K [0x0000000081e00000, 0x0000000100000000)
  region size 1024K, 4 young (4096K), 1 survivors (1024K)
 Metaspace       used 32177K, committed 32384K, reserved 1114112K
  class space    used 3941K, committed 4032K, reserved 1048576K
}
Event: 23.908 GC heap after
{Heap after GC invocations=34 (full 0):
 garbage-first heap   total 156672K, used 41829K [0x0000000081e00000, 0x0000000100000000)
  region size 1024K, 1 young (1024K), 1 survivors (1024K)
 Metaspace       used 32177K, committed 32384K, reserved 1114112K
  class space    used 3941K, committed 4032K, reserved 1048576K
}
Event: 24.605 GC heap before
{Heap before GC invocations=34 (full 0):
 garbage-first heap   total 156672K, used 73573K [0x0000000081e00000, 0x0000000100000000)
  region size 1024K, 5 young (5120K), 1 survivors (1024K)
 Metaspace       used 32193K, committed 32384K, reserved 1114112K
  class space    used 3941K, committed 4032K, reserved 1048576K
}
Event: 24.606 GC heap after
{Heap after GC invocations=35 (full 0):
 garbage-first heap   total 156672K, used 41835K [0x0000000081e00000, 0x0000000100000000)
  region size 1024K, 1 young (1024K), 1 survivors (1024K)
 Metaspace       used 32193K, committed 32384K, reserved 1114112K
  class space    used 3941K, committed 4032K, reserved 1048576K
}
Event: 25.302 GC heap before
{Heap before GC invocations=35 (full 0):
 garbage-first heap   total 156672K, used 73579K [0x0000000081e00000, 0x0000000100000000)
  region size 1024K, 5 young (5120K), 1 survivors (1024K)
 Metaspace       used 32199K, committed 32384K, reserved 1114112K
  class space    used 3941K, committed 4032K, reserved 1048576K
}
Event: 25.303 GC heap after
{Heap after GC invocations=36 (full 0):
 garbage-first heap   total 156672K, used 41841K [0x0000000081e00000, 0x0000000100000000)
  region size 1024K, 1 young (1024K), 1 survivors (1024K)
 Metaspace       used 32199K, committed 32384K, reserved 1114112K
  class space    used 3941K, committed 4032K, reserved 1048576K
}
Event: 26.013 GC heap before
{Heap before GC invocations=36 (full 0):
 garbage-first heap   total 156672K, used 73585K [0x0000000081e00000, 0x0000000100000000)
  region size 1024K, 5 young (5120K), 1 survivors (1024K)
 Metaspace       used 32202K, committed 32384K, reserved 1114112K
  class space    used 3941K, committed 4032K, reserved 1048576K
}
Event: 26.014 GC heap after
{Heap after GC invocations=37 (full 0):
 garbage-first heap   total 156672K, used 41839K [0x0000000081e00000, 0x0000000100000000)
  region size 1024K, 1 young (1024K), 1 survivors (1024K)
 Metaspace       used 32202K, committed 32384K, reserved 1114112K
  class space    used 3941K, committed 4032K, reserved 1048576K
}
Event: 26.713 GC heap before
{Heap before GC invocations=37 (full 0):
 garbage-first heap   total 156672K, used 71535K [0x0000000081e00000, 0x0000000100000000)
  region size 1024K, 3 young (3072K), 1 survivors (1024K)
 Metaspace       used 32207K, committed 32384K, reserved 1114112K
  class space    used 3941K, committed 4032K, reserved 1048576K
}
Event: 26.714 GC heap after
{Heap after GC invocations=38 (full 0):
 garbage-first heap   total 156672K, used 41840K [0x0000000081e00000, 0x0000000100000000)
  region size 1024K, 1 young (1024K), 1 survivors (1024K)
 Metaspace       used 32207K, committed 32384K, reserved 1114112K
  class space    used 3941K, committed 4032K, reserved 1048576K
}
Event: 27.397 GC heap before
{Heap before GC invocations=38 (full 0):
 garbage-first heap   total 156672K, used 72560K [0x0000000081e00000, 0x0000000100000000)
  region size 1024K, 4 young (4096K), 1 survivors (1024K)
 Metaspace       used 32231K, committed 32448K, reserved 1114112K
  class space    used 3941K, committed 4032K, reserved 1048576K
}
Event: 27.399 GC heap after
{Heap after GC invocations=39 (full 0):
 garbage-first heap   total 156672K, used 41845K [0x0000000081e00000, 0x0000000100000000)
  region size 1024K, 1 young (1024K), 1 survivors (1024K)
 Metaspace       used 32231K, committed 32448K, reserved 1114112K
  class space    used 3941K, committed 4032K, reserved 1048576K
}
Event: 28.092 GC heap before
{Heap before GC invocations=39 (full 0):
 garbage-first heap   total 156672K, used 72565K [0x0000000081e00000, 0x0000000100000000)
  region size 1024K, 4 young (4096K), 1 survivors (1024K)
 Metaspace       used 32271K, committed 32512K, reserved 1114112K
  class space    used 3941K, committed 4032K, reserved 1048576K
}
Event: 28.093 GC heap after
{Heap after GC invocations=40 (full 0):
 garbage-first heap   total 156672K, used 41860K [0x0000000081e00000, 0x0000000100000000)
  region size 1024K, 1 young (1024K), 1 survivors (1024K)
 Metaspace       used 32271K, committed 32512K, reserved 1114112K
  class space    used 3941K, committed 4032K, reserved 1048576K
}
Event: 28.788 GC heap before
{Heap before GC invocations=40 (full 0):
 garbage-first heap   total 156672K, used 71556K [0x0000000081e00000, 0x0000000100000000)
  region size 1024K, 3 young (3072K), 1 survivors (1024K)
 Metaspace       used 32333K, committed 32576K, reserved 1114112K
  class space    used 3941K, committed 4032K, reserved 1048576K
}
Event: 28.789 GC heap after
{Heap after GC invocations=41 (full 0):
 garbage-first heap   total 156672K, used 41858K [0x0000000081e00000, 0x0000000100000000)
  region size 1024K, 1 young (1024K), 1 survivors (1024K)
 Metaspace       used 32333K, committed 32576K, reserved 1114112K
  class space    used 3941K, committed 4032K, reserved 1048576K
}
Event: 29.494 GC heap before
{Heap before GC invocations=41 (full 0):
 garbage-first heap   total 156672K, used 71554K [0x0000000081e00000, 0x0000000100000000)
  region size 1024K, 3 young (3072K), 1 survivors (1024K)
 Metaspace       used 32351K, committed 32576K, reserved 1114112K
  class space    used 3941K, committed 4032K, reserved 1048576K
}
Event: 29.495 GC heap after
{Heap after GC invocations=42 (full 0):
 garbage-first heap   total 156672K, used 41868K [0x0000000081e00000, 0x0000000100000000)
  region size 1024K, 1 young (1024K), 1 survivors (1024K)
 Metaspace       used 32351K, committed 32576K, reserved 1114112K
  class space    used 3941K, committed 4032K, reserved 1048576K
}
Event: 30.240 GC heap before
{Heap before GC invocations=42 (full 0):
 garbage-first heap   total 156672K, used 71564K [0x0000000081e00000, 0x0000000100000000)
  region size 1024K, 3 young (3072K), 1 survivors (1024K)
 Metaspace       used 32373K, committed 32576K, reserved 1114112K
  class space    used 3944K, committed 4032K, reserved 1048576K
}
Event: 30.241 GC heap after
{Heap after GC invocations=43 (full 0):
 garbage-first heap   total 156672K, used 43928K [0x0000000081e00000, 0x0000000100000000)
  region size 1024K, 1 young (1024K), 1 survivors (1024K)
 Metaspace       used 32373K, committed 32576K, reserved 1114112K
  class space    used 3944K, committed 4032K, reserved 1048576K
}

