# JRE version: OpenJDK Runtime Environment Temurin-17.0.8+7 (17.0.8+7) (build 17.0.8+7)
# Java VM: OpenJDK 64-Bit Server VM Temurin-17.0.8+7 (17.0.8+7, mixed mode, tiered, compressed oops, compressed class ptrs, g1 gc, windows-amd64)
GC Precious Log:
 CPUs: 4 total, 4 available
 Memory: 8065M
 Large Page Support: Disabled
 NUMA Support: Disabled
 Compressed Oops: Enabled (32-bit)
 Heap Region Size: 1M
 Heap Min Capacity: 8M
 Heap Initial Capacity: 128M
 Heap Max Capacity: 2018M
 Pre-touch: Disabled
 Parallel Workers: 4
 Concurrent Workers: 1
 Concurrent Refinement Workers: 4
 Periodic GC: Disabled
Heap:
 garbage-first heap   total 152576K, used 65252K [0x0000000081e00000, 0x0000000100000000)
  region size 1024K, 3 young (3072K), 1 survivors (1024K)
 Metaspace       used 32589K, committed 32832K, reserved 1114112K
  class space    used 3961K, committed 4096K, reserved 1048576K
GC Heap History (20 events):
Event: 32.171 GC heap before
{Heap before GC invocations=49 (full 0):
 garbage-first heap   total 152576K, used 69336K [0x0000000081e00000, 0x0000000100000000)
  region size 1024K, 3 young (3072K), 1 survivors (1024K)
 Metaspace       used 32530K, committed 32768K, reserved 1114112K
  class space    used 3953K, committed 4032K, reserved 1048576K
}
Event: 32.172 GC heap after
{Heap after GC invocations=50 (full 0):
 garbage-first heap   total 152576K, used 49878K [0x0000000081e00000, 0x0000000100000000)
  region size 1024K, 1 young (1024K), 1 survivors (1024K)
 Metaspace       used 32530K, committed 32768K, reserved 1114112K
  class space    used 3953K, committed 4032K, reserved 1048576K
}
Event: 32.574 GC heap before
{Heap before GC invocations=50 (full 0):
 garbage-first heap   total 152576K, used 69334K [0x0000000081e00000, 0x0000000100000000)
  region size 1024K, 3 young (3072K), 1 survivors (1024K)
 Metaspace       used 32530K, committed 32768K, reserved 1114112K
  class space    used 3953K, committed 4032K, reserved 1048576K
}
Event: 32.575 GC heap after
{Heap after GC invocations=51 (full 0):
 garbage-first heap   total 152576K, used 49880K [0x0000000081e00000, 0x0000000100000000)
  region size 1024K, 1 young (1024K), 1 survivors (1024K)
 Metaspace       used 32530K, committed 32768K, reserved 1114112K
  class space    used 3953K, committed 4032K, reserved 1048576K
}
Event: 33.068 GC heap before
{Heap before GC invocations=51 (full 0):
 garbage-first heap   total 152576K, used 69336K [0x0000000081e00000, 0x0000000100000000)
  region size 1024K, 3 young (3072K), 1 survivors (1024K)
 Metaspace       used 32539K, committed 32768K, reserved 1114112K
  class space    used 3953K, committed 4032K, reserved 1048576K
}
Event: 33.069 GC heap after
{Heap after GC invocations=52 (full 0):
 garbage-first heap   total 152576K, used 49885K [0x0000000081e00000, 0x0000000100000000)
  region size 1024K, 1 young (1024K), 1 survivors (1024K)
 Metaspace       used 32539K, committed 32768K, reserved 1114112K
  class space    used 3953K, committed 4032K, reserved 1048576K
}
Event: 33.467 GC heap before
{Heap before GC invocations=52 (full 0):
 garbage-first heap   total 152576K, used 69341K [0x0000000081e00000, 0x0000000100000000)
  region size 1024K, 3 young (3072K), 1 survivors (1024K)
 Metaspace       used 32539K, committed 32768K, reserved 1114112K
  class space    used 3953K, committed 4032K, reserved 1048576K
}
Event: 33.468 GC heap after
{Heap after GC invocations=53 (full 0):
 garbage-first heap   total 152576K, used 49889K [0x0000000081e00000, 0x0000000100000000)
  region size 1024K, 1 young (1024K), 1 survivors (1024K)
 Metaspace       used 32539K, committed 32768K, reserved 1114112K
  class space    used 3953K, committed 4032K, reserved 1048576K
}
Event: 33.965 GC heap before
{Heap before GC invocations=53 (full 0):
 garbage-first heap   total 152576K, used 69345K [0x0000000081e00000, 0x0000000100000000)
  region size 1024K, 3 young (3072K), 1 survivors (1024K)
 Metaspace       used 32539K, committed 32768K, reserved 1114112K
  class space    used 3953K, committed 4032K, reserved 1048576K
}
Event: 33.967 GC heap after
{Heap after GC invocations=54 (full 0):
 garbage-first heap   total 152576K, used 49889K [0x0000000081e00000, 0x0000000100000000)
  region size 1024K, 1 young (1024K), 1 survivors (1024K)
 Metaspace       used 32539K, committed 32768K, reserved 1114112K
  class space    used 3953K, committed 4032K, reserved 1048576K
}
Event: 34.365 GC heap before
{Heap before GC invocations=54 (full 0):
 garbage-first heap   total 152576K, used 69345K [0x0000000081e00000, 0x0000000100000000)
  region size 1024K, 3 young (3072K), 1 survivors (1024K)
 Metaspace       used 32539K, committed 32768K, reserved 1114112K
  class space    used 3953K, committed 4032K, reserved 1048576K
}
Event: 34.366 GC heap after
{Heap after GC invocations=55 (full 0):
 garbage-first heap   total 152576K, used 49890K [0x0000000081e00000, 0x0000000100000000)
  region size 1024K, 1 young (1024K), 1 survivors (1024K)
 Metaspace       used 32539K, committed 32768K, reserved 1114112K
  class space    used 3953K, committed 4032K, reserved 1048576K
}
Event: 34.859 GC heap before
{Heap before GC invocations=55 (full 0):
 garbage-first heap   total 152576K, used 69346K [0x0000000081e00000, 0x0000000100000000)
  region size 1024K, 3 young (3072K), 1 survivors (1024K)
 Metaspace       used 32541K, committed 32768K, reserved 1114112K
  class space    used 3953K, committed 4032K, reserved 1048576K
}
Event: 34.860 GC heap after
{Heap after GC invocations=56 (full 0):
 garbage-first heap   total 152576K, used 49892K [0x0000000081e00000, 0x0000000100000000)
  region size 1024K, 1 young (1024K), 1 survivors (1024K)
 Metaspace       used 32541K, committed 32768K, reserved 1114112K
  class space    used 3953K, committed 4032K, reserved 1048576K
}
Event: 35.260 GC heap before
{Heap before GC invocations=56 (full 0):
 garbage-first heap   total 152576K, used 69348K [0x0000000081e00000, 0x0000000100000000)
  region size 1024K, 3 young (3072K), 1 survivors (1024K)
 Metaspace       used 32547K, committed 32768K, reserved 1114112K
  class space    used 3953K, committed 4032K, reserved 1048576K
}
Event: 35.261 GC heap after
{Heap after GC invocations=57 (full 0):
 garbage-first heap   total 152576K, used 49892K [0x0000000081e00000, 0x0000000100000000)
  region size 1024K, 1 young (1024K), 1 survivors (1024K)
 Metaspace       used 32547K, committed 32768K, reserved 1114112K
  class space    used 3953K, committed 4032K, reserved 1048576K
}
Event: 35.773 GC heap before
{Heap before GC invocations=57 (full 0):
 garbage-first heap   total 152576K, used 69348K [0x0000000081e00000, 0x0000000100000000)
  region size 1024K, 3 young (3072K), 1 survivors (1024K)
 Metaspace       used 32553K, committed 32768K, reserved 1114112K
  class space    used 3953K, committed 4032K, reserved 1048576K
}
Event: 35.774 GC heap after
{Heap after GC invocations=58 (full 0):
 garbage-first heap   total 152576K, used 49892K [0x0000000081e00000, 0x0000000100000000)
  region size 1024K, 1 young (1024K), 1 survivors (1024K)
 Metaspace       used 32553K, committed 32768K, reserved 1114112K
  class space    used 3953K, committed 4032K, reserved 1048576K
}
Event: 36.195 GC heap before
{Heap before GC invocations=58 (full 0):
 garbage-first heap   total 152576K, used 69348K [0x0000000081e00000, 0x0000000100000000)
  region size 1024K, 3 young (3072K), 1 survivors (1024K)
 Metaspace       used 32559K, committed 32768K, reserved 1114112K
  class space    used 3953K, committed 4032K, reserved 1048576K
}
Event: 36.196 GC heap after
{Heap after GC invocations=59 (full 0):
 garbage-first heap   total 152576K, used 49892K [0x0000000081e00000, 0x0000000100000000)
  region size 1024K, 1 young (1024K), 1 survivors (1024K)
 Metaspace       used 32559K, committed 32768K, reserved 1114112K
  class space    used 3953K, committed 4032K, reserved 1048576K
}

