# JRE version: OpenJDK Runtime Environment Temurin-17.0.8+7 (17.0.8+7) (build 17.0.8+7)
# Java VM: OpenJDK 64-Bit Server VM Temurin-17.0.8+7 (17.0.8+7, mixed mode, tiered, compressed oops, compressed class ptrs, g1 gc, windows-amd64)
GC Precious Log:
 CPUs: 4 total, 4 available
 Memory: 8065M
 Large Page Support: Disabled
 NUMA Support: Disabled
 Compressed Oops: Enabled (32-bit)
 Heap Region Size: 1M
 Heap Min Capacity: 8M
 Heap Initial Capacity: 128M
 Heap Max Capacity: 2018M
 Pre-touch: Disabled
 Parallel Workers: 4
 Concurrent Workers: 1
 Concurrent Refinement Workers: 4
 Periodic GC: Disabled
Heap:
 garbage-first heap   total 215040K, used 74341K [0x0000000081e00000, 0x0000000100000000)
  region size 1024K, 4 young (4096K), 1 survivors (1024K)
 Metaspace       used 32292K, committed 32512K, reserved 1114112K
  class space    used 3963K, committed 4096K, reserved 1048576K
GC Heap History (20 events):
Event: 16.656 GC heap before
{Heap before GC invocations=16 (full 0):
 garbage-first heap   total 215040K, used 102771K [0x0000000081e00000, 0x0000000100000000)
  region size 1024K, 7 young (7168K), 1 survivors (1024K)
 Metaspace       used 31901K, committed 32128K, reserved 1114112K
  class space    used 3952K, committed 4032K, reserved 1048576K
}
Event: 16.659 GC heap after
{Heap after GC invocations=17 (full 0):
 garbage-first heap   total 215040K, used 54784K [0x0000000081e00000, 0x0000000100000000)
  region size 1024K, 1 young (1024K), 1 survivors (1024K)
 Metaspace       used 31901K, committed 32128K, reserved 1114112K
  class space    used 3952K, committed 4032K, reserved 1048576K
}
Event: 17.745 GC heap before
{Heap before GC invocations=17 (full 0):
 garbage-first heap   total 215040K, used 98816K [0x0000000081e00000, 0x0000000100000000)
  region size 1024K, 3 young (3072K), 1 survivors (1024K)
 Metaspace       used 31950K, committed 32128K, reserved 1114112K
  class space    used 3952K, committed 4032K, reserved 1048576K
}
Event: 17.747 GC heap after
{Heap after GC invocations=18 (full 0):
 garbage-first heap   total 215040K, used 52745K [0x0000000081e00000, 0x0000000100000000)
  region size 1024K, 1 young (1024K), 1 survivors (1024K)
 Metaspace       used 31950K, committed 32128K, reserved 1114112K
  class space    used 3952K, committed 4032K, reserved 1048576K
}
Event: 18.651 GC heap before
{Heap before GC invocations=18 (full 0):
 garbage-first heap   total 215040K, used 99849K [0x0000000081e00000, 0x0000000100000000)
  region size 1024K, 5 young (5120K), 1 survivors (1024K)
 Metaspace       used 32018K, committed 32192K, reserved 1114112K
  class space    used 3954K, committed 4032K, reserved 1048576K
}
Event: 18.654 GC heap after
{Heap after GC invocations=19 (full 0):
 garbage-first heap   total 215040K, used 55875K [0x0000000081e00000, 0x0000000100000000)
  region size 1024K, 1 young (1024K), 1 survivors (1024K)
 Metaspace       used 32018K, committed 32192K, reserved 1114112K
  class space    used 3954K, committed 4032K, reserved 1048576K
}
Event: 19.643 GC heap before
{Heap before GC invocations=19 (full 0):
 garbage-first heap   total 215040K, used 98883K [0x0000000081e00000, 0x0000000100000000)
  region size 1024K, 4 young (4096K), 1 survivors (1024K)
 Metaspace       used 32052K, committed 32256K, reserved 1114112K
  class space    used 3954K, committed 4032K, reserved 1048576K
}
Event: 19.646 GC heap after
{Heap after GC invocations=20 (full 0):
 garbage-first heap   total 215040K, used 57923K [0x0000000081e00000, 0x0000000100000000)
  region size 1024K, 1 young (1024K), 1 survivors (1024K)
 Metaspace       used 32052K, committed 32256K, reserved 1114112K
  class space    used 3954K, committed 4032K, reserved 1048576K
}
Event: 20.657 GC heap before
{Heap before GC invocations=20 (full 0):
 garbage-first heap   total 215040K, used 98883K [0x0000000081e00000, 0x0000000100000000)
  region size 1024K, 4 young (4096K), 1 survivors (1024K)
 Metaspace       used 32068K, committed 32256K, reserved 1114112K
  class space    used 3955K, committed 4032K, reserved 1048576K
}
Event: 20.659 GC heap after
{Heap after GC invocations=21 (full 0):
 garbage-first heap   total 215040K, used 55940K [0x0000000081e00000, 0x0000000100000000)
  region size 1024K, 1 young (1024K), 1 survivors (1024K)
 Metaspace       used 32068K, committed 32256K, reserved 1114112K
  class space    used 3955K, committed 4032K, reserved 1048576K
}
Event: 21.643 GC heap before
{Heap before GC invocations=21 (full 0):
 garbage-first heap   total 215040K, used 98948K [0x0000000081e00000, 0x0000000100000000)
  region size 1024K, 4 young (4096K), 1 survivors (1024K)
 Metaspace       used 32134K, committed 32384K, reserved 1114112K
  class space    used 3955K, committed 4032K, reserved 1048576K
}
Event: 21.645 GC heap after
{Heap after GC invocations=22 (full 0):
 garbage-first heap   total 215040K, used 55915K [0x0000000081e00000, 0x0000000100000000)
  region size 1024K, 1 young (1024K), 1 survivors (1024K)
 Metaspace       used 32134K, committed 32384K, reserved 1114112K
  class space    used 3955K, committed 4032K, reserved 1048576K
}
Event: 22.651 GC heap before
{Heap before GC invocations=22 (full 0):
 garbage-first heap   total 215040K, used 98923K [0x0000000081e00000, 0x0000000100000000)
  region size 1024K, 4 young (4096K), 1 survivors (1024K)
 Metaspace       used 32144K, committed 32384K, reserved 1114112K
  class space    used 3955K, committed 4032K, reserved 1048576K
}
Event: 22.653 GC heap after
{Heap after GC invocations=23 (full 0):
 garbage-first heap   total 215040K, used 55939K [0x0000000081e00000, 0x0000000100000000)
  region size 1024K, 1 young (1024K), 1 survivors (1024K)
 Metaspace       used 32144K, committed 32384K, reserved 1114112K
  class space    used 3955K, committed 4032K, reserved 1048576K
}
Event: 23.659 GC heap before
{Heap before GC invocations=23 (full 0):
 garbage-first heap   total 215040K, used 97923K [0x0000000081e00000, 0x0000000100000000)
  region size 1024K, 3 young (3072K), 1 survivors (1024K)
 Metaspace       used 32163K, committed 32384K, reserved 1114112K
  class space    used 3955K, committed 4032K, reserved 1048576K
}
Event: 23.661 GC heap after
{Heap after GC invocations=24 (full 0):
 garbage-first heap   total 215040K, used 55898K [0x0000000081e00000, 0x0000000100000000)
  region size 1024K, 1 young (1024K), 1 survivors (1024K)
 Metaspace       used 32163K, committed 32384K, reserved 1114112K
  class space    used 3955K, committed 4032K, reserved 1048576K
}
Event: 24.651 GC heap before
{Heap before GC invocations=24 (full 0):
 garbage-first heap   total 215040K, used 97882K [0x0000000081e00000, 0x0000000100000000)
  region size 1024K, 3 young (3072K), 1 survivors (1024K)
 Metaspace       used 32196K, committed 32384K, reserved 1114112K
  class space    used 3955K, committed 4032K, reserved 1048576K
}
Event: 24.653 GC heap after
{Heap after GC invocations=25 (full 0):
 garbage-first heap   total 215040K, used 55907K [0x0000000081e00000, 0x0000000100000000)
  region size 1024K, 1 young (1024K), 1 survivors (1024K)
 Metaspace       used 32196K, committed 32384K, reserved 1114112K
  class space    used 3955K, committed 4032K, reserved 1048576K
}
Event: 25.644 GC heap before
{Heap before GC invocations=25 (full 0):
 garbage-first heap   total 215040K, used 97891K [0x0000000081e00000, 0x0000000100000000)
  region size 1024K, 3 young (3072K), 1 survivors (1024K)
 Metaspace       used 32261K, committed 32448K, reserved 1114112K
  class space    used 3955K, committed 4032K, reserved 1048576K
}
Event: 25.645 GC heap after
{Heap after GC invocations=26 (full 0):
 garbage-first heap   total 215040K, used 55909K [0x0000000081e00000, 0x0000000100000000)
  region size 1024K, 1 young (1024K), 1 survivors (1024K)
 Metaspace       used 32261K, committed 32448K, reserved 1114112K
  class space    used 3955K, committed 4032K, reserved 1048576K
}

